[ 2017-05-18T09:08:00+08:00 ] ::1 /
INFO: [ app_init ] --START--
INFO: Run Behavior\BuildLiteBehavior [ RunTime:0.000000s ]
INFO: [ app_init ] --END-- [ RunTime:0.006000s ]
INFO: [ app_begin ] --START--
INFO: Run Behavior\ReadHtmlCacheBehavior [ RunTime:0.002000s ]
INFO: [ app_begin ] --END-- [ RunTime:0.002000s ]
INFO: [ view_parse ] --START--
INFO: [ template_filter ] --START--
INFO: Run Behavior\ContentReplaceBehavior [ RunTime:0.001000s ]
INFO: [ template_filter ] --END-- [ RunTime:0.001000s ]
NOTIC: [8] Use of undefined constant SEOKEYWORDS - assumed 'SEOKEYWORDS' D:\wamp\wamp\www\demo\WebRoot\Application\Runtime\Cache\Home\2a94b8bda04ff446dcedd42276fc99ee.php 第 7 行.
NOTIC: [8] Use of undefined constant SEODESCRIPTION - assumed 'SEODESCRIPTION' D:\wamp\wamp\www\demo\WebRoot\Application\Runtime\Cache\Home\2a94b8bda04ff446dcedd42276fc99ee.php 第 8 行.
NOTIC: [8] Use of undefined constant SITENAME - assumed 'SITENAME' D:\wamp\wamp\www\demo\WebRoot\Application\Runtime\Cache\Home\2a94b8bda04ff446dcedd42276fc99ee.php 第 10 行.
INFO: Run Behavior\ParseTemplateBehavior [ RunTime:0.015000s ]
INFO: [ view_parse ] --END-- [ RunTime:0.016000s ]
INFO: [ view_filter ] --START--
INFO: Run Behavior\WriteHtmlCacheBehavior [ RunTime:0.001000s ]
INFO: [ view_filter ] --END-- [ RunTime:0.001000s ]
INFO: [ app_end ] --START--
INFO: Run Behavior\ShowPageTraceBehavior [ RunTime:0.002000s ]
INFO: [ app_end ] --END-- [ RunTime:0.002000s ]

[ 2017-05-18T09:08:00+08:00 ] ::1 /index.php/Ch/Cms/YichenJun/index
INFO: [ app_init ] --START--
INFO: Run Behavior\BuildLiteBehavior [ RunTime:0.000000s ]
INFO: [ app_init ] --END-- [ RunTime:0.001000s ]
INFO: [ app_begin ] --START--
INFO: Run Behavior\ReadHtmlCacheBehavior [ RunTime:0.001000s ]
INFO: [ app_begin ] --END-- [ RunTime:0.001000s ]
NOTIC: [8] Undefined index: source D:\wamp\wamp\www\demo\WebRoot\Application\Ch\Controller\Cms\YichenJunController.class.php 第 12 行.
INFO: [ view_parse ] --START--
INFO: [ template_filter ] --START--
INFO: Run Behavior\ContentReplaceBehavior [ RunTime:0.000000s ]
INFO: [ template_filter ] --END-- [ RunTime:0.000000s ]
INFO: Run Behavior\ParseTemplateBehavior [ RunTime:0.007000s ]
INFO: [ view_parse ] --END-- [ RunTime:0.008000s ]
INFO: [ view_filter ] --START--
INFO: Run Behavior\WriteHtmlCacheBehavior [ RunTime:0.000000s ]
INFO: [ view_filter ] --END-- [ RunTime:0.000000s ]
INFO: [ app_end ] --START--
INFO: Run Behavior\ShowPageTraceBehavior [ RunTime:0.000000s ]
INFO: [ app_end ] --END-- [ RunTime:0.001000s ]

[ 2017-05-18T09:08:02+08:00 ] ::1 /index.php/Ch/Cms/YichenJun/index
INFO: [ app_init ] --START--
INFO: Run Behavior\BuildLiteBehavior [ RunTime:0.000000s ]
INFO: [ app_init ] --END-- [ RunTime:0.001000s ]
INFO: [ app_begin ] --START--
INFO: Run Behavior\ReadHtmlCacheBehavior [ RunTime:0.001000s ]
INFO: [ app_begin ] --END-- [ RunTime:0.001000s ]
NOTIC: [8] Undefined index: source D:\wamp\wamp\www\demo\WebRoot\Application\Ch\Controller\Cms\YichenJunController.class.php 第 12 行.
INFO: [ view_parse ] --START--
INFO: [ template_filter ] --START--
INFO: Run Behavior\ContentReplaceBehavior [ RunTime:0.000000s ]
INFO: [ template_filter ] --END-- [ RunTime:0.000000s ]
INFO: Run Behavior\ParseTemplateBehavior [ RunTime:0.008000s ]
INFO: [ view_parse ] --END-- [ RunTime:0.008000s ]
INFO: [ view_filter ] --START--
INFO: Run Behavior\WriteHtmlCacheBehavior [ RunTime:0.001000s ]
INFO: [ view_filter ] --END-- [ RunTime:0.001000s ]
INFO: [ app_end ] --START--
INFO: Run Behavior\ShowPageTraceBehavior [ RunTime:0.001000s ]
INFO: [ app_end ] --END-- [ RunTime:0.001000s ]

[ 2017-05-18T09:13:11+08:00 ] ::1 /index.php/Ch/Mcenter/YichenJunbm/baomingadd
INFO: [ app_init ] --START--
INFO: Run Behavior\BuildLiteBehavior [ RunTime:0.000000s ]
INFO: [ app_init ] --END-- [ RunTime:0.000000s ]
INFO: [ app_begin ] --START--
INFO: Run Behavior\ReadHtmlCacheBehavior [ RunTime:0.000000s ]
INFO: [ app_begin ] --END-- [ RunTime:0.000000s ]
NOTIC: [8192] mysql_connect(): The mysql extension is deprecated and will be removed in the future: use mysqli or PDO instead D:\wamp\wamp\www\demo\WebRoot\Engine\Library\Think\Db\Driver\Mysql.class.php 第 52 行.
ERR: Base 'c_yichenjun' inconnue

[ 2017-05-18T09:13:12+08:00 ] ::1 /index.php/Ch/Mcenter/YichenJunbm/baomingadd
INFO: [ app_init ] --START--
INFO: Run Behavior\BuildLiteBehavior [ RunTime:0.000000s ]
INFO: [ app_init ] --END-- [ RunTime:0.001000s ]
INFO: [ app_begin ] --START--
INFO: Run Behavior\ReadHtmlCacheBehavior [ RunTime:0.001000s ]
INFO: [ app_begin ] --END-- [ RunTime:0.001000s ]
NOTIC: [8192] mysql_connect(): The mysql extension is deprecated and will be removed in the future: use mysqli or PDO instead D:\wamp\wamp\www\demo\WebRoot\Engine\Library\Think\Db\Driver\Mysql.class.php 第 52 行.
ERR: Base 'c_yichenjun' inconnue

[ 2017-05-18T09:13:13+08:00 ] ::1 /index.php/Ch/Mcenter/YichenJunbm/baomingadd
INFO: [ app_init ] --START--
INFO: Run Behavior\BuildLiteBehavior [ RunTime:0.000000s ]
INFO: [ app_init ] --END-- [ RunTime:0.001000s ]
INFO: [ app_begin ] --START--
INFO: Run Behavior\ReadHtmlCacheBehavior [ RunTime:0.001000s ]
INFO: [ app_begin ] --END-- [ RunTime:0.001000s ]
NOTIC: [8192] mysql_connect(): The mysql extension is deprecated and will be removed in the future: use mysqli or PDO instead D:\wamp\wamp\www\demo\WebRoot\Engine\Library\Think\Db\Driver\Mysql.class.php 第 52 行.
ERR: Base 'c_yichenjun' inconnue

[ 2017-05-18T09:13:14+08:00 ] ::1 /index.php/Ch/Mcenter/YichenJunbm/baomingadd
INFO: [ app_init ] --START--
INFO: Run Behavior\BuildLiteBehavior [ RunTime:0.000000s ]
INFO: [ app_init ] --END-- [ RunTime:0.000000s ]
INFO: [ app_begin ] --START--
INFO: Run Behavior\ReadHtmlCacheBehavior [ RunTime:0.000000s ]
INFO: [ app_begin ] --END-- [ RunTime:0.000000s ]
NOTIC: [8192] mysql_connect(): The mysql extension is deprecated and will be removed in the future: use mysqli or PDO instead D:\wamp\wamp\www\demo\WebRoot\Engine\Library\Think\Db\Driver\Mysql.class.php 第 52 行.
ERR: Base 'c_yichenjun' inconnue

[ 2017-05-18T09:15:17+08:00 ] ::1 /
INFO: [ app_init ] --START--
INFO: Run Behavior\BuildLiteBehavior [ RunTime:0.000000s ]
INFO: [ app_init ] --END-- [ RunTime:0.000000s ]
INFO: [ app_begin ] --START--
INFO: Run Behavior\ReadHtmlCacheBehavior [ RunTime:0.000000s ]
INFO: [ app_begin ] --END-- [ RunTime:0.000000s ]
INFO: [ view_parse ] --START--
INFO: [ template_filter ] --START--
INFO: Run Behavior\ContentReplaceBehavior [ RunTime:0.000000s ]
INFO: [ template_filter ] --END-- [ RunTime:0.000000s ]
NOTIC: [8] Use of undefined constant SEOKEYWORDS - assumed 'SEOKEYWORDS' D:\wamp\wamp\www\demo\WebRoot\Application\Runtime\Cache\Home\2a94b8bda04ff446dcedd42276fc99ee.php 第 7 行.
NOTIC: [8] Use of undefined constant SEODESCRIPTION - assumed 'SEODESCRIPTION' D:\wamp\wamp\www\demo\WebRoot\Application\Runtime\Cache\Home\2a94b8bda04ff446dcedd42276fc99ee.php 第 8 行.
NOTIC: [8] Use of undefined constant SITENAME - assumed 'SITENAME' D:\wamp\wamp\www\demo\WebRoot\Application\Runtime\Cache\Home\2a94b8bda04ff446dcedd42276fc99ee.php 第 10 行.
INFO: Run Behavior\ParseTemplateBehavior [ RunTime:0.005000s ]
INFO: [ view_parse ] --END-- [ RunTime:0.005000s ]
INFO: [ view_filter ] --START--
INFO: Run Behavior\WriteHtmlCacheBehavior [ RunTime:0.001000s ]
INFO: [ view_filter ] --END-- [ RunTime:0.001000s ]
INFO: [ app_end ] --START--
INFO: Run Behavior\ShowPageTraceBehavior [ RunTime:0.000000s ]
INFO: [ app_end ] --END-- [ RunTime:0.000000s ]

[ 2017-05-18T09:15:17+08:00 ] ::1 /index.php/Ch/Cms/YichenJun/index
INFO: [ app_init ] --START--
INFO: Run Behavior\BuildLiteBehavior [ RunTime:0.000000s ]
INFO: [ app_init ] --END-- [ RunTime:0.000000s ]
INFO: [ app_begin ] --START--
INFO: Run Behavior\ReadHtmlCacheBehavior [ RunTime:0.000000s ]
INFO: [ app_begin ] --END-- [ RunTime:0.000000s ]
NOTIC: [8] Undefined index: source D:\wamp\wamp\www\demo\WebRoot\Application\Ch\Controller\Cms\YichenJunController.class.php 第 12 行.
INFO: [ view_parse ] --START--
INFO: [ template_filter ] --START--
INFO: Run Behavior\ContentReplaceBehavior [ RunTime:0.000000s ]
INFO: [ template_filter ] --END-- [ RunTime:0.000000s ]
INFO: Run Behavior\ParseTemplateBehavior [ RunTime:0.006000s ]
INFO: [ view_parse ] --END-- [ RunTime:0.006000s ]
INFO: [ view_filter ] --START--
INFO: Run Behavior\WriteHtmlCacheBehavior [ RunTime:0.000000s ]
INFO: [ view_filter ] --END-- [ RunTime:0.000000s ]
INFO: [ app_end ] --START--
INFO: Run Behavior\ShowPageTraceBehavior [ RunTime:0.001000s ]
INFO: [ app_end ] --END-- [ RunTime:0.001000s ]

[ 2017-05-18T09:15:20+08:00 ] ::1 /index.php/Ch/Cms/YichenJun/index
INFO: [ app_init ] --START--
INFO: Run Behavior\BuildLiteBehavior [ RunTime:0.000000s ]
INFO: [ app_init ] --END-- [ RunTime:0.001000s ]
INFO: [ app_begin ] --START--
INFO: Run Behavior\ReadHtmlCacheBehavior [ RunTime:0.001000s ]
INFO: [ app_begin ] --END-- [ RunTime:0.001000s ]
NOTIC: [8] Undefined index: source D:\wamp\wamp\www\demo\WebRoot\Application\Ch\Controller\Cms\YichenJunController.class.php 第 12 行.
INFO: [ view_parse ] --START--
INFO: [ template_filter ] --START--
INFO: Run Behavior\ContentReplaceBehavior [ RunTime:0.000000s ]
INFO: [ template_filter ] --END-- [ RunTime:0.001000s ]
INFO: Run Behavior\ParseTemplateBehavior [ RunTime:0.007000s ]
INFO: [ view_parse ] --END-- [ RunTime:0.007000s ]
INFO: [ view_filter ] --START--
INFO: Run Behavior\WriteHtmlCacheBehavior [ RunTime:0.001000s ]
INFO: [ view_filter ] --END-- [ RunTime:0.001000s ]
INFO: [ app_end ] --START--
INFO: Run Behavior\ShowPageTraceBehavior [ RunTime:0.000000s ]
INFO: [ app_end ] --END-- [ RunTime:0.000000s ]

[ 2017-05-18T09:15:22+08:00 ] ::1 /index.php/Ch/Cms/YichenJun/index
INFO: [ app_init ] --START--
INFO: Run Behavior\BuildLiteBehavior [ RunTime:0.000000s ]
INFO: [ app_init ] --END-- [ RunTime:0.000000s ]
INFO: [ app_begin ] --START--
INFO: Run Behavior\ReadHtmlCacheBehavior [ RunTime:0.000000s ]
INFO: [ app_begin ] --END-- [ RunTime:0.001000s ]
NOTIC: [8] Undefined index: source D:\wamp\wamp\www\demo\WebRoot\Application\Ch\Controller\Cms\YichenJunController.class.php 第 12 行.
INFO: [ view_parse ] --START--
INFO: [ template_filter ] --START--
INFO: Run Behavior\ContentReplaceBehavior [ RunTime:0.000000s ]
INFO: [ template_filter ] --END-- [ RunTime:0.001000s ]
INFO: Run Behavior\ParseTemplateBehavior [ RunTime:0.010000s ]
INFO: [ view_parse ] --END-- [ RunTime:0.010000s ]
INFO: [ view_filter ] --START--
INFO: Run Behavior\WriteHtmlCacheBehavior [ RunTime:0.001000s ]
INFO: [ view_filter ] --END-- [ RunTime:0.001000s ]
INFO: [ app_end ] --START--
INFO: Run Behavior\ShowPageTraceBehavior [ RunTime:0.001000s ]
INFO: [ app_end ] --END-- [ RunTime:0.001000s ]

[ 2017-05-18T09:19:12+08:00 ] ::1 /index.php/Ch/Cms/YichenJun/index
INFO: [ app_init ] --START--
INFO: Run Behavior\BuildLiteBehavior [ RunTime:0.000000s ]
INFO: [ app_init ] --END-- [ RunTime:0.001000s ]
INFO: [ app_begin ] --START--
INFO: Run Behavior\ReadHtmlCacheBehavior [ RunTime:0.000000s ]
INFO: [ app_begin ] --END-- [ RunTime:0.000000s ]
NOTIC: [8] Undefined index: source D:\wamp\wamp\www\demo\WebRoot\Application\Ch\Controller\Cms\YichenJunController.class.php 第 12 行.
INFO: [ view_parse ] --START--
INFO: [ template_filter ] --START--
INFO: Run Behavior\ContentReplaceBehavior [ RunTime:0.000000s ]
INFO: [ template_filter ] --END-- [ RunTime:0.000000s ]
INFO: Run Behavior\ParseTemplateBehavior [ RunTime:0.007000s ]
INFO: [ view_parse ] --END-- [ RunTime:0.007000s ]
INFO: [ view_filter ] --START--
INFO: Run Behavior\WriteHtmlCacheBehavior [ RunTime:0.000000s ]
INFO: [ view_filter ] --END-- [ RunTime:0.001000s ]
INFO: [ app_end ] --START--
INFO: Run Behavior\ShowPageTraceBehavior [ RunTime:0.000000s ]
INFO: [ app_end ] --END-- [ RunTime:0.001000s ]

[ 2017-05-18T09:20:03+08:00 ] ::1 /index.php/Ch/Mcenter/YichenJunbm/baomingadd
INFO: [ app_init ] --START--
INFO: Run Behavior\BuildLiteBehavior [ RunTime:0.000000s ]
INFO: [ app_init ] --END-- [ RunTime:0.000000s ]
INFO: [ app_begin ] --START--
INFO: Run Behavior\ReadHtmlCacheBehavior [ RunTime:0.000000s ]
INFO: [ app_begin ] --END-- [ RunTime:0.000000s ]
NOTIC: [8192] mysql_connect(): The mysql extension is deprecated and will be removed in the future: use mysqli or PDO instead D:\wamp\wamp\www\demo\WebRoot\Engine\Library\Think\Db\Driver\Mysql.class.php 第 52 行.
SQL: SHOW COLUMNS FROM `cms_yichenjun` [ RunTime:0.040000s ]
NOTIC: [4096] Object of class Think\Model could not be converted to string D:\wamp\wamp\www\demo\WebRoot\Application\Ch\Controller\Mcenter\YichenJunbmController.class.php 第 20 行.
SQL: SELECT * FROM `cms_yichenjun` WHERE ( phone =13865458425 )  [ RunTime:0.016000s ]
SQL: INSERT INTO `cms_yichenjun` (`name`,`phone`,`writetime`,`language`,`classID`) VALUES ('aaa','13865458425',1495070403,1,66) [ RunTime:0.002000s ]
INFO: [ app_end ] --START--
INFO: Run Behavior\ShowPageTraceBehavior [ RunTime:0.002000s ]
INFO: [ app_end ] --END-- [ RunTime:0.002000s ]

[ 2017-05-18T09:20:06+08:00 ] ::1 /index.php/Ch/Cms/YichenJunbm/index/source/
INFO: [ app_init ] --START--
INFO: Run Behavior\BuildLiteBehavior [ RunTime:0.000000s ]
INFO: [ app_init ] --END-- [ RunTime:0.001000s ]
INFO: [ app_begin ] --START--
INFO: Run Behavior\ReadHtmlCacheBehavior [ RunTime:0.001000s ]
INFO: [ app_begin ] --END-- [ RunTime:0.001000s ]
ERR: 无法加载控制器:Cms/YichenJunbm

[ 2017-05-18T09:21:04+08:00 ] ::1 /index.php/Ch/Cms/YichenJunbm/index/source/
INFO: [ app_init ] --START--
INFO: Run Behavior\BuildLiteBehavior [ RunTime:0.000000s ]
INFO: [ app_init ] --END-- [ RunTime:0.000000s ]
INFO: [ app_begin ] --START--
INFO: Run Behavior\ReadHtmlCacheBehavior [ RunTime:0.000000s ]
INFO: [ app_begin ] --END-- [ RunTime:0.000000s ]
ERR: 无法加载控制器:Cms/YichenJunbm

[ 2017-05-18T09:21:07+08:00 ] ::1 /index.php/Ch/Cms/YichenJun/index
INFO: [ app_init ] --START--
INFO: Run Behavior\BuildLiteBehavior [ RunTime:0.000000s ]
INFO: [ app_init ] --END-- [ RunTime:0.000000s ]
INFO: [ app_begin ] --START--
INFO: Run Behavior\ReadHtmlCacheBehavior [ RunTime:0.001000s ]
INFO: [ app_begin ] --END-- [ RunTime:0.001000s ]
NOTIC: [8] Undefined index: source D:\wamp\wamp\www\demo\WebRoot\Application\Ch\Controller\Cms\YichenJunController.class.php 第 12 行.
INFO: [ view_parse ] --START--
INFO: [ template_filter ] --START--
INFO: Run Behavior\ContentReplaceBehavior [ RunTime:0.000000s ]
INFO: [ template_filter ] --END-- [ RunTime:0.001000s ]
INFO: Run Behavior\ParseTemplateBehavior [ RunTime:0.009000s ]
INFO: [ view_parse ] --END-- [ RunTime:0.009000s ]
INFO: [ view_filter ] --START--
INFO: Run Behavior\WriteHtmlCacheBehavior [ RunTime:0.000000s ]
INFO: [ view_filter ] --END-- [ RunTime:0.000000s ]
INFO: [ app_end ] --START--
INFO: Run Behavior\ShowPageTraceBehavior [ RunTime:0.000000s ]
INFO: [ app_end ] --END-- [ RunTime:0.001000s ]

[ 2017-05-18T09:21:23+08:00 ] ::1 /index.php/Ch/Mcenter/YichenJunbm/baomingadd
INFO: [ app_init ] --START--
INFO: Run Behavior\BuildLiteBehavior [ RunTime:0.000000s ]
INFO: [ app_init ] --END-- [ RunTime:0.001000s ]
INFO: [ app_begin ] --START--
INFO: Run Behavior\ReadHtmlCacheBehavior [ RunTime:0.001000s ]
INFO: [ app_begin ] --END-- [ RunTime:0.001000s ]
NOTIC: [8192] mysql_connect(): The mysql extension is deprecated and will be removed in the future: use mysqli or PDO instead D:\wamp\wamp\www\demo\WebRoot\Engine\Library\Think\Db\Driver\Mysql.class.php 第 52 行.
SQL: SHOW COLUMNS FROM `cms_yichenjun` [ RunTime:0.009000s ]
NOTIC: [4096] Object of class Think\Model could not be converted to string D:\wamp\wamp\www\demo\WebRoot\Application\Ch\Controller\Mcenter\YichenJunbmController.class.php 第 20 行.
SQL: SELECT * FROM `cms_yichenjun` WHERE ( phone =13545847412 )  [ RunTime:0.000000s ]
SQL: INSERT INTO `cms_yichenjun` (`name`,`phone`,`writetime`,`language`,`classID`) VALUES ('1','13545847412',1495070483,1,66) [ RunTime:0.001000s ]
INFO: [ app_end ] --START--
INFO: Run Behavior\ShowPageTraceBehavior [ RunTime:0.001000s ]
INFO: [ app_end ] --END-- [ RunTime:0.001000s ]

[ 2017-05-18T09:21:26+08:00 ] ::1 /index.php/Ch/Cms/YichenJun/index/source/
INFO: [ app_init ] --START--
INFO: Run Behavior\BuildLiteBehavior [ RunTime:0.000000s ]
INFO: [ app_init ] --END-- [ RunTime:0.001000s ]
INFO: [ app_begin ] --START--
INFO: Run Behavior\ReadHtmlCacheBehavior [ RunTime:0.001000s ]
INFO: [ app_begin ] --END-- [ RunTime:0.001000s ]
NOTIC: [8] Undefined index: source D:\wamp\wamp\www\demo\WebRoot\Application\Ch\Controller\Cms\YichenJunController.class.php 第 12 行.
INFO: [ view_parse ] --START--
INFO: [ template_filter ] --START--
INFO: Run Behavior\ContentReplaceBehavior [ RunTime:0.000000s ]
INFO: [ template_filter ] --END-- [ RunTime:0.000000s ]
INFO: Run Behavior\ParseTemplateBehavior [ RunTime:0.007000s ]
INFO: [ view_parse ] --END-- [ RunTime:0.007000s ]
INFO: [ view_filter ] --START--
INFO: Run Behavior\WriteHtmlCacheBehavior [ RunTime:0.000000s ]
INFO: [ view_filter ] --END-- [ RunTime:0.000000s ]
INFO: [ app_end ] --START--
INFO: Run Behavior\ShowPageTraceBehavior [ RunTime:0.000000s ]
INFO: [ app_end ] --END-- [ RunTime:0.001000s ]

[ 2017-05-18T09:21:47+08:00 ] ::1 /index.php/Ch/Cms/YichenJun/index_h5
INFO: [ app_init ] --START--
INFO: Run Behavior\BuildLiteBehavior [ RunTime:0.000000s ]
INFO: [ app_init ] --END-- [ RunTime:0.001000s ]
INFO: [ app_begin ] --START--
INFO: Run Behavior\ReadHtmlCacheBehavior [ RunTime:0.001000s ]
INFO: [ app_begin ] --END-- [ RunTime:0.001000s ]
INFO: [ view_parse ] --START--
INFO: [ template_filter ] --START--
INFO: Run Behavior\ContentReplaceBehavior [ RunTime:0.000000s ]
INFO: [ template_filter ] --END-- [ RunTime:0.001000s ]
NOTIC: [8] Undefined variable: source D:\wamp\wamp\www\demo\WebRoot\Application\Runtime\Cache\Ch\eb96a64cece808d2111bb167ff57ceec.php 第 224 行.
INFO: Run Behavior\ParseTemplateBehavior [ RunTime:0.010000s ]
INFO: [ view_parse ] --END-- [ RunTime:0.010000s ]
INFO: [ view_filter ] --START--
INFO: Run Behavior\WriteHtmlCacheBehavior [ RunTime:0.000000s ]
INFO: [ view_filter ] --END-- [ RunTime:0.001000s ]
INFO: [ app_end ] --START--
INFO: Run Behavior\ShowPageTraceBehavior [ RunTime:0.001000s ]
INFO: [ app_end ] --END-- [ RunTime:0.001000s ]

[ 2017-05-18T09:22:37+08:00 ] ::1 /index.php/Ch/Mcenter/YichenJunbm/baomingadd
INFO: [ app_init ] --START--
INFO: Run Behavior\BuildLiteBehavior [ RunTime:0.000000s ]
INFO: [ app_init ] --END-- [ RunTime:0.000000s ]
INFO: [ app_begin ] --START--
INFO: Run Behavior\ReadHtmlCacheBehavior [ RunTime:0.001000s ]
INFO: [ app_begin ] --END-- [ RunTime:0.001000s ]
NOTIC: [8192] mysql_connect(): The mysql extension is deprecated and will be removed in the future: use mysqli or PDO instead D:\wamp\wamp\www\demo\WebRoot\Engine\Library\Think\Db\Driver\Mysql.class.php 第 52 行.
SQL: SHOW COLUMNS FROM `cms_yichenjun` [ RunTime:0.005000s ]
NOTIC: [4096] Object of class Think\Model could not be converted to string D:\wamp\wamp\www\demo\WebRoot\Application\Ch\Controller\Mcenter\YichenJunbmController.class.php 第 20 行.
SQL: SELECT * FROM `cms_yichenjun` WHERE ( phone =15454748585 )  [ RunTime:0.000000s ]
SQL: INSERT INTO `cms_yichenjun` (`name`,`phone`,`writetime`,`language`,`classID`) VALUES ('aaa','15454748585',1495070557,1,66) [ RunTime:0.001000s ]
INFO: [ app_end ] --START--
INFO: Run Behavior\ShowPageTraceBehavior [ RunTime:0.000000s ]
INFO: [ app_end ] --END-- [ RunTime:0.000000s ]

[ 2017-05-18T09:22:38+08:00 ] ::1 /index.php/Ch/Cms/YichenJun/index/source/
INFO: [ app_init ] --START--
INFO: Run Behavior\BuildLiteBehavior [ RunTime:0.000000s ]
INFO: [ app_init ] --END-- [ RunTime:0.001000s ]
INFO: [ app_begin ] --START--
INFO: Run Behavior\ReadHtmlCacheBehavior [ RunTime:0.001000s ]
INFO: [ app_begin ] --END-- [ RunTime:0.001000s ]
NOTIC: [8] Undefined index: source D:\wamp\wamp\www\demo\WebRoot\Application\Ch\Controller\Cms\YichenJunController.class.php 第 12 行.
INFO: [ view_parse ] --START--
INFO: [ template_filter ] --START--
INFO: Run Behavior\ContentReplaceBehavior [ RunTime:0.000000s ]
INFO: [ template_filter ] --END-- [ RunTime:0.001000s ]
INFO: Run Behavior\ParseTemplateBehavior [ RunTime:0.012000s ]
INFO: [ view_parse ] --END-- [ RunTime:0.012000s ]
INFO: [ view_filter ] --START--
INFO: Run Behavior\WriteHtmlCacheBehavior [ RunTime:0.001000s ]
INFO: [ view_filter ] --END-- [ RunTime:0.001000s ]
INFO: [ app_end ] --START--
INFO: Run Behavior\ShowPageTraceBehavior [ RunTime:0.000000s ]
INFO: [ app_end ] --END-- [ RunTime:0.002000s ]

[ 2017-05-18T09:25:22+08:00 ] 192.168.1.220 /index.php/Ch/Cms/YichenJun/index/source/
INFO: [ app_init ] --START--
INFO: Run Behavior\BuildLiteBehavior [ RunTime:0.000000s ]
INFO: [ app_init ] --END-- [ RunTime:0.000000s ]
INFO: [ app_begin ] --START--
INFO: Run Behavior\ReadHtmlCacheBehavior [ RunTime:0.000000s ]
INFO: [ app_begin ] --END-- [ RunTime:0.000000s ]
NOTIC: [8] Undefined index: source D:\wamp\wamp\www\demo\WebRoot\Application\Ch\Controller\Cms\YichenJunController.class.php 第 12 行.
INFO: [ view_parse ] --START--
INFO: [ template_filter ] --START--
INFO: Run Behavior\ContentReplaceBehavior [ RunTime:0.000000s ]
INFO: [ template_filter ] --END-- [ RunTime:0.000000s ]
INFO: Run Behavior\ParseTemplateBehavior [ RunTime:0.005000s ]
INFO: [ view_parse ] --END-- [ RunTime:0.005000s ]
INFO: [ view_filter ] --START--
INFO: Run Behavior\WriteHtmlCacheBehavior [ RunTime:0.001000s ]
INFO: [ view_filter ] --END-- [ RunTime:0.001000s ]
INFO: [ app_end ] --START--
INFO: Run Behavior\ShowPageTraceBehavior [ RunTime:0.001000s ]
INFO: [ app_end ] --END-- [ RunTime:0.001000s ]

[ 2017-05-18T09:26:02+08:00 ] 192.168.13.23 /index.php/Ch/Cms/YichenJun/index/source/
INFO: [ app_init ] --START--
INFO: Run Behavior\BuildLiteBehavior [ RunTime:0.001000s ]
INFO: [ app_init ] --END-- [ RunTime:0.002000s ]
INFO: [ app_begin ] --START--
INFO: Run Behavior\ReadHtmlCacheBehavior [ RunTime:0.002000s ]
INFO: [ app_begin ] --END-- [ RunTime:0.002000s ]
NOTIC: [8] Undefined index: source D:\wamp\wamp\www\demo\WebRoot\Application\Ch\Controller\Cms\YichenJunController.class.php 第 12 行.
INFO: [ view_parse ] --START--
INFO: [ template_filter ] --START--
INFO: Run Behavior\ContentReplaceBehavior [ RunTime:0.001000s ]
INFO: [ template_filter ] --END-- [ RunTime:0.001000s ]
INFO: Run Behavior\ParseTemplateBehavior [ RunTime:0.011000s ]
INFO: [ view_parse ] --END-- [ RunTime:0.012000s ]
INFO: [ view_filter ] --START--
INFO: Run Behavior\WriteHtmlCacheBehavior [ RunTime:0.000000s ]
INFO: [ view_filter ] --END-- [ RunTime:0.001000s ]
INFO: [ app_end ] --START--
INFO: Run Behavior\ShowPageTraceBehavior [ RunTime:0.001000s ]
INFO: [ app_end ] --END-- [ RunTime:0.001000s ]

[ 2017-05-18T09:26:19+08:00 ] 192.168.13.23 /index.php/Ch/Mcenter/YichenJunbm/baomingadd
INFO: [ app_init ] --START--
INFO: Run Behavior\BuildLiteBehavior [ RunTime:0.000000s ]
INFO: [ app_init ] --END-- [ RunTime:0.000000s ]
INFO: [ app_begin ] --START--
INFO: Run Behavior\ReadHtmlCacheBehavior [ RunTime:0.000000s ]
INFO: [ app_begin ] --END-- [ RunTime:0.000000s ]
NOTIC: [8192] mysql_connect(): The mysql extension is deprecated and will be removed in the future: use mysqli or PDO instead D:\wamp\wamp\www\demo\WebRoot\Engine\Library\Think\Db\Driver\Mysql.class.php 第 52 行.
SQL: SHOW COLUMNS FROM `cms_yichenjun` [ RunTime:0.004000s ]
NOTIC: [4096] Object of class Think\Model could not be converted to string D:\wamp\wamp\www\demo\WebRoot\Application\Ch\Controller\Mcenter\YichenJunbmController.class.php 第 20 行.
SQL: SELECT * FROM `cms_yichenjun` WHERE ( phone =13832552542 )  [ RunTime:0.000000s ]
SQL: INSERT INTO `cms_yichenjun` (`name`,`phone`,`writetime`,`language`,`classID`) VALUES ('yyu','13832552542',1495070779,1,66) [ RunTime:0.001000s ]
INFO: [ app_end ] --START--
INFO: Run Behavior\ShowPageTraceBehavior [ RunTime:0.000000s ]
INFO: [ app_end ] --END-- [ RunTime:0.000000s ]

[ 2017-05-18T09:26:20+08:00 ] 192.168.13.23 /index.php/Ch/Cms/YichenJun/index/source/
INFO: [ app_init ] --START--
INFO: Run Behavior\BuildLiteBehavior [ RunTime:0.000000s ]
INFO: [ app_init ] --END-- [ RunTime:0.001000s ]
INFO: [ app_begin ] --START--
INFO: Run Behavior\ReadHtmlCacheBehavior [ RunTime:0.001000s ]
INFO: [ app_begin ] --END-- [ RunTime:0.002000s ]
NOTIC: [8] Undefined index: source D:\wamp\wamp\www\demo\WebRoot\Application\Ch\Controller\Cms\YichenJunController.class.php 第 12 行.
INFO: [ view_parse ] --START--
INFO: [ template_filter ] --START--
INFO: Run Behavior\ContentReplaceBehavior [ RunTime:0.000000s ]
INFO: [ template_filter ] --END-- [ RunTime:0.000000s ]
INFO: Run Behavior\ParseTemplateBehavior [ RunTime:0.011000s ]
INFO: [ view_parse ] --END-- [ RunTime:0.012000s ]
INFO: [ view_filter ] --START--
INFO: Run Behavior\WriteHtmlCacheBehavior [ RunTime:0.001000s ]
INFO: [ view_filter ] --END-- [ RunTime:0.001000s ]
INFO: [ app_end ] --START--
INFO: Run Behavior\ShowPageTraceBehavior [ RunTime:0.001000s ]
INFO: [ app_end ] --END-- [ RunTime:0.001000s ]

[ 2017-05-18T09:27:24+08:00 ] 192.168.13.23 /index.php/Ch/Cms/YichenJun/index/source/
INFO: [ app_init ] --START--
INFO: Run Behavior\BuildLiteBehavior [ RunTime:0.000000s ]
INFO: [ app_init ] --END-- [ RunTime:0.001000s ]
INFO: [ app_begin ] --START--
INFO: Run Behavior\ReadHtmlCacheBehavior [ RunTime:0.001000s ]
INFO: [ app_begin ] --END-- [ RunTime:0.001000s ]
NOTIC: [8] Undefined index: source D:\wamp\wamp\www\demo\WebRoot\Application\Ch\Controller\Cms\YichenJunController.class.php 第 12 行.
INFO: [ view_parse ] --START--
INFO: [ template_filter ] --START--
INFO: Run Behavior\ContentReplaceBehavior [ RunTime:0.000000s ]
INFO: [ template_filter ] --END-- [ RunTime:0.000000s ]
INFO: Run Behavior\ParseTemplateBehavior [ RunTime:0.011000s ]
INFO: [ view_parse ] --END-- [ RunTime:0.011000s ]
INFO: [ view_filter ] --START--
INFO: Run Behavior\WriteHtmlCacheBehavior [ RunTime:0.001000s ]
INFO: [ view_filter ] --END-- [ RunTime:0.001000s ]
INFO: [ app_end ] --START--
INFO: Run Behavior\ShowPageTraceBehavior [ RunTime:0.001000s ]
INFO: [ app_end ] --END-- [ RunTime:0.001000s ]

[ 2017-05-18T09:27:34+08:00 ] 192.168.13.23 /index.php/Ch/Mcenter/YichenJunbm/baomingadd
INFO: [ app_init ] --START--
INFO: Run Behavior\BuildLiteBehavior [ RunTime:0.000000s ]
INFO: [ app_init ] --END-- [ RunTime:0.001000s ]
INFO: [ app_begin ] --START--
INFO: Run Behavior\ReadHtmlCacheBehavior [ RunTime:0.000000s ]
INFO: [ app_begin ] --END-- [ RunTime:0.000000s ]
NOTIC: [8192] mysql_connect(): The mysql extension is deprecated and will be removed in the future: use mysqli or PDO instead D:\wamp\wamp\www\demo\WebRoot\Engine\Library\Think\Db\Driver\Mysql.class.php 第 52 行.
SQL: SHOW COLUMNS FROM `cms_yichenjun` [ RunTime:0.004000s ]
NOTIC: [4096] Object of class Think\Model could not be converted to string D:\wamp\wamp\www\demo\WebRoot\Application\Ch\Controller\Mcenter\YichenJunbmController.class.php 第 20 行.
SQL: SELECT * FROM `cms_yichenjun` WHERE ( phone =13528524524 )  [ RunTime:0.000000s ]
SQL: INSERT INTO `cms_yichenjun` (`name`,`phone`,`writetime`,`language`,`classID`) VALUES ('111','13528524524',1495070854,1,66) [ RunTime:0.000000s ]
INFO: [ app_end ] --START--
INFO: Run Behavior\ShowPageTraceBehavior [ RunTime:0.001000s ]
INFO: [ app_end ] --END-- [ RunTime:0.001000s ]

[ 2017-05-18T09:27:36+08:00 ] 192.168.13.23 /index.php/Ch/Cms/YichenJun/index/source//0.03981858332508259
INFO: [ app_init ] --START--
INFO: Run Behavior\BuildLiteBehavior [ RunTime:0.000000s ]
INFO: [ app_init ] --END-- [ RunTime:0.001000s ]
INFO: [ app_begin ] --START--
INFO: Run Behavior\ReadHtmlCacheBehavior [ RunTime:0.001000s ]
INFO: [ app_begin ] --END-- [ RunTime:0.002000s ]
INFO: [ view_parse ] --START--
INFO: [ template_filter ] --START--
INFO: Run Behavior\ContentReplaceBehavior [ RunTime:0.001000s ]
INFO: [ template_filter ] --END-- [ RunTime:0.001000s ]
INFO: Run Behavior\ParseTemplateBehavior [ RunTime:0.021000s ]
INFO: [ view_parse ] --END-- [ RunTime:0.022000s ]
INFO: [ view_filter ] --START--
INFO: Run Behavior\WriteHtmlCacheBehavior [ RunTime:0.001000s ]
INFO: [ view_filter ] --END-- [ RunTime:0.002000s ]
INFO: [ app_end ] --START--
INFO: Run Behavior\ShowPageTraceBehavior [ RunTime:0.001000s ]
INFO: [ app_end ] --END-- [ RunTime:0.002000s ]

[ 2017-05-18T09:27:50+08:00 ] 192.168.1.220 /index.php/Ch/Cms/YichenJun/index_h5/source/
INFO: [ app_init ] --START--
INFO: Run Behavior\BuildLiteBehavior [ RunTime:0.000000s ]
INFO: [ app_init ] --END-- [ RunTime:0.001000s ]
INFO: [ app_begin ] --START--
INFO: Run Behavior\ReadHtmlCacheBehavior [ RunTime:0.000000s ]
INFO: [ app_begin ] --END-- [ RunTime:0.001000s ]
INFO: [ view_parse ] --START--
INFO: [ template_filter ] --START--
INFO: Run Behavior\ContentReplaceBehavior [ RunTime:0.000000s ]
INFO: [ template_filter ] --END-- [ RunTime:0.000000s ]
NOTIC: [8] Undefined variable: source D:\wamp\wamp\www\demo\WebRoot\Application\Runtime\Cache\Ch\eb96a64cece808d2111bb167ff57ceec.php 第 224 行.
INFO: Run Behavior\ParseTemplateBehavior [ RunTime:0.007000s ]
INFO: [ view_parse ] --END-- [ RunTime:0.007000s ]
INFO: [ view_filter ] --START--
INFO: Run Behavior\WriteHtmlCacheBehavior [ RunTime:0.001000s ]
INFO: [ view_filter ] --END-- [ RunTime:0.001000s ]
INFO: [ app_end ] --START--
INFO: Run Behavior\ShowPageTraceBehavior [ RunTime:0.001000s ]
INFO: [ app_end ] --END-- [ RunTime:0.001000s ]

[ 2017-05-18T09:28:10+08:00 ] 192.168.13.23 /index.php/Ch/Cms/YichenJun/index_h5/source/
INFO: [ app_init ] --START--
INFO: Run Behavior\BuildLiteBehavior [ RunTime:0.000000s ]
INFO: [ app_init ] --END-- [ RunTime:0.001000s ]
INFO: [ app_begin ] --START--
INFO: Run Behavior\ReadHtmlCacheBehavior [ RunTime:0.001000s ]
INFO: [ app_begin ] --END-- [ RunTime:0.001000s ]
INFO: [ view_parse ] --START--
INFO: [ template_filter ] --START--
INFO: Run Behavior\ContentReplaceBehavior [ RunTime:0.000000s ]
INFO: [ template_filter ] --END-- [ RunTime:0.000000s ]
NOTIC: [8] Undefined variable: source D:\wamp\wamp\www\demo\WebRoot\Application\Runtime\Cache\Ch\eb96a64cece808d2111bb167ff57ceec.php 第 224 行.
INFO: Run Behavior\ParseTemplateBehavior [ RunTime:0.012000s ]
INFO: [ view_parse ] --END-- [ RunTime:0.012000s ]
INFO: [ view_filter ] --START--
INFO: Run Behavior\WriteHtmlCacheBehavior [ RunTime:0.001000s ]
INFO: [ view_filter ] --END-- [ RunTime:0.001000s ]
INFO: [ app_end ] --START--
INFO: Run Behavior\ShowPageTraceBehavior [ RunTime:0.001000s ]
INFO: [ app_end ] --END-- [ RunTime:0.001000s ]

[ 2017-05-18T09:28:23+08:00 ] 192.168.13.23 /index.php/Ch/Mcenter/YichenJunbm/baomingadd
INFO: [ app_init ] --START--
INFO: Run Behavior\BuildLiteBehavior [ RunTime:0.000000s ]
INFO: [ app_init ] --END-- [ RunTime:0.001000s ]
INFO: [ app_begin ] --START--
INFO: Run Behavior\ReadHtmlCacheBehavior [ RunTime:0.000000s ]
INFO: [ app_begin ] --END-- [ RunTime:0.000000s ]
NOTIC: [8192] mysql_connect(): The mysql extension is deprecated and will be removed in the future: use mysqli or PDO instead D:\wamp\wamp\www\demo\WebRoot\Engine\Library\Think\Db\Driver\Mysql.class.php 第 52 行.
SQL: SHOW COLUMNS FROM `cms_yichenjun` [ RunTime:0.005000s ]
NOTIC: [4096] Object of class Think\Model could not be converted to string D:\wamp\wamp\www\demo\WebRoot\Application\Ch\Controller\Mcenter\YichenJunbmController.class.php 第 20 行.
SQL: SELECT * FROM `cms_yichenjun` WHERE ( phone =13525458748 )  [ RunTime:0.000000s ]
SQL: INSERT INTO `cms_yichenjun` (`name`,`phone`,`writetime`,`language`,`classID`) VALUES ('fff','13525458748',1495070903,1,66) [ RunTime:0.000000s ]
INFO: [ app_end ] --START--
INFO: Run Behavior\ShowPageTraceBehavior [ RunTime:0.001000s ]
INFO: [ app_end ] --END-- [ RunTime:0.001000s ]

[ 2017-05-18T09:28:24+08:00 ] 192.168.13.23 /index.php/Ch/Cms/YichenJun/index/source/
INFO: [ app_init ] --START--
INFO: Run Behavior\BuildLiteBehavior [ RunTime:0.000000s ]
INFO: [ app_init ] --END-- [ RunTime:0.001000s ]
INFO: [ app_begin ] --START--
INFO: Run Behavior\ReadHtmlCacheBehavior [ RunTime:0.001000s ]
INFO: [ app_begin ] --END-- [ RunTime:0.001000s ]
NOTIC: [8] Undefined index: source D:\wamp\wamp\www\demo\WebRoot\Application\Ch\Controller\Cms\YichenJunController.class.php 第 12 行.
INFO: [ view_parse ] --START--
INFO: [ template_filter ] --START--
INFO: Run Behavior\ContentReplaceBehavior [ RunTime:0.000000s ]
INFO: [ template_filter ] --END-- [ RunTime:0.000000s ]
INFO: Run Behavior\ParseTemplateBehavior [ RunTime:0.010000s ]
INFO: [ view_parse ] --END-- [ RunTime:0.010000s ]
INFO: [ view_filter ] --START--
INFO: Run Behavior\WriteHtmlCacheBehavior [ RunTime:0.001000s ]
INFO: [ view_filter ] --END-- [ RunTime:0.001000s ]
INFO: [ app_end ] --START--
INFO: Run Behavior\ShowPageTraceBehavior [ RunTime:0.000000s ]
INFO: [ app_end ] --END-- [ RunTime:0.002000s ]

[ 2017-05-18T09:28:43+08:00 ] 192.168.13.23 /index.php/Ch/Cms/YichenJun/index_h5/source/
INFO: [ app_init ] --START--
INFO: Run Behavior\BuildLiteBehavior [ RunTime:0.000000s ]
INFO: [ app_init ] --END-- [ RunTime:0.002000s ]
INFO: [ app_begin ] --START--
INFO: Run Behavior\ReadHtmlCacheBehavior [ RunTime:0.001000s ]
INFO: [ app_begin ] --END-- [ RunTime:0.002000s ]
INFO: [ view_parse ] --START--
INFO: [ template_filter ] --START--
INFO: Run Behavior\ContentReplaceBehavior [ RunTime:0.000000s ]
INFO: [ template_filter ] --END-- [ RunTime:0.001000s ]
NOTIC: [8] Undefined variable: source D:\wamp\wamp\www\demo\WebRoot\Application\Runtime\Cache\Ch\eb96a64cece808d2111bb167ff57ceec.php 第 224 行.
INFO: Run Behavior\ParseTemplateBehavior [ RunTime:0.023000s ]
INFO: [ view_parse ] --END-- [ RunTime:0.024000s ]
INFO: [ view_filter ] --START--
INFO: Run Behavior\WriteHtmlCacheBehavior [ RunTime:0.000000s ]
INFO: [ view_filter ] --END-- [ RunTime:0.001000s ]
INFO: [ app_end ] --START--
INFO: Run Behavior\ShowPageTraceBehavior [ RunTime:0.001000s ]
INFO: [ app_end ] --END-- [ RunTime:0.001000s ]

[ 2017-05-18T09:28:53+08:00 ] 192.168.13.23 /index.php/Ch/Mcenter/YichenJunbm/baomingadd
INFO: [ app_init ] --START--
INFO: Run Behavior\BuildLiteBehavior [ RunTime:0.000000s ]
INFO: [ app_init ] --END-- [ RunTime:0.001000s ]
INFO: [ app_begin ] --START--
INFO: Run Behavior\ReadHtmlCacheBehavior [ RunTime:0.001000s ]
INFO: [ app_begin ] --END-- [ RunTime:0.001000s ]
NOTIC: [8192] mysql_connect(): The mysql extension is deprecated and will be removed in the future: use mysqli or PDO instead D:\wamp\wamp\www\demo\WebRoot\Engine\Library\Think\Db\Driver\Mysql.class.php 第 52 行.
SQL: SHOW COLUMNS FROM `cms_yichenjun` [ RunTime:0.005000s ]
NOTIC: [4096] Object of class Think\Model could not be converted to string D:\wamp\wamp\www\demo\WebRoot\Application\Ch\Controller\Mcenter\YichenJunbmController.class.php 第 20 行.
SQL: SELECT * FROM `cms_yichenjun` WHERE ( phone =13835666985 )  [ RunTime:0.001000s ]
SQL: INSERT INTO `cms_yichenjun` (`name`,`phone`,`writetime`,`language`,`classID`) VALUES ('ffg','13835666985',1495070933,1,66) [ RunTime:0.000000s ]
INFO: [ app_end ] --START--
INFO: Run Behavior\ShowPageTraceBehavior [ RunTime:0.001000s ]
INFO: [ app_end ] --END-- [ RunTime:0.001000s ]

[ 2017-05-18T09:29:16+08:00 ] 192.168.13.23 /index.php/Ch/Cms/YichenJun/index_h5/source/
INFO: [ app_init ] --START--
INFO: Run Behavior\BuildLiteBehavior [ RunTime:0.000000s ]
INFO: [ app_init ] --END-- [ RunTime:0.001000s ]
INFO: [ app_begin ] --START--
INFO: Run Behavior\ReadHtmlCacheBehavior [ RunTime:0.000000s ]
INFO: [ app_begin ] --END-- [ RunTime:0.001000s ]
INFO: [ view_parse ] --START--
INFO: [ template_filter ] --START--
INFO: Run Behavior\ContentReplaceBehavior [ RunTime:0.000000s ]
INFO: [ template_filter ] --END-- [ RunTime:0.000000s ]
NOTIC: [8] Undefined variable: source D:\wamp\wamp\www\demo\WebRoot\Application\Runtime\Cache\Ch\eb96a64cece808d2111bb167ff57ceec.php 第 224 行.
INFO: Run Behavior\ParseTemplateBehavior [ RunTime:0.008000s ]
INFO: [ view_parse ] --END-- [ RunTime:0.010000s ]
INFO: [ view_filter ] --START--
INFO: Run Behavior\WriteHtmlCacheBehavior [ RunTime:0.000000s ]
INFO: [ view_filter ] --END-- [ RunTime:0.000000s ]
INFO: [ app_end ] --START--
INFO: Run Behavior\ShowPageTraceBehavior [ RunTime:0.000000s ]
INFO: [ app_end ] --END-- [ RunTime:0.000000s ]

[ 2017-05-18T09:29:25+08:00 ] 192.168.13.23 /index.php/Ch/Cms/YichenJun/index_h5/source/
INFO: [ app_init ] --START--
INFO: Run Behavior\BuildLiteBehavior [ RunTime:0.000000s ]
INFO: [ app_init ] --END-- [ RunTime:0.001000s ]
INFO: [ app_begin ] --START--
INFO: Run Behavior\ReadHtmlCacheBehavior [ RunTime:0.001000s ]
INFO: [ app_begin ] --END-- [ RunTime:0.001000s ]
INFO: [ view_parse ] --START--
INFO: [ template_filter ] --START--
INFO: Run Behavior\ContentReplaceBehavior [ RunTime:0.000000s ]
INFO: [ template_filter ] --END-- [ RunTime:0.001000s ]
NOTIC: [8] Undefined variable: source D:\wamp\wamp\www\demo\WebRoot\Application\Runtime\Cache\Ch\eb96a64cece808d2111bb167ff57ceec.php 第 224 行.
INFO: Run Behavior\ParseTemplateBehavior [ RunTime:0.008000s ]
INFO: [ view_parse ] --END-- [ RunTime:0.009000s ]
INFO: [ view_filter ] --START--
INFO: Run Behavior\WriteHtmlCacheBehavior [ RunTime:0.000000s ]
INFO: [ view_filter ] --END-- [ RunTime:0.000000s ]
INFO: [ app_end ] --START--
INFO: Run Behavior\ShowPageTraceBehavior [ RunTime:0.000000s ]
INFO: [ app_end ] --END-- [ RunTime:0.000000s ]

[ 2017-05-18T09:29:34+08:00 ] 192.168.13.23 /index.php/Ch/Mcenter/YichenJunbm/baomingadd
INFO: [ app_init ] --START--
INFO: Run Behavior\BuildLiteBehavior [ RunTime:0.000000s ]
INFO: [ app_init ] --END-- [ RunTime:0.000000s ]
INFO: [ app_begin ] --START--
INFO: Run Behavior\ReadHtmlCacheBehavior [ RunTime:0.001000s ]
INFO: [ app_begin ] --END-- [ RunTime:0.001000s ]
NOTIC: [8192] mysql_connect(): The mysql extension is deprecated and will be removed in the future: use mysqli or PDO instead D:\wamp\wamp\www\demo\WebRoot\Engine\Library\Think\Db\Driver\Mysql.class.php 第 52 行.
SQL: SHOW COLUMNS FROM `cms_yichenjun` [ RunTime:0.004000s ]
NOTIC: [4096] Object of class Think\Model could not be converted to string D:\wamp\wamp\www\demo\WebRoot\Application\Ch\Controller\Mcenter\YichenJunbmController.class.php 第 20 行.
SQL: SELECT * FROM `cms_yichenjun` WHERE ( phone =13887574254 )  [ RunTime:0.001000s ]
SQL: INSERT INTO `cms_yichenjun` (`name`,`phone`,`writetime`,`language`,`classID`) VALUES ('dfg','13887574254',1495070974,1,66) [ RunTime:0.000000s ]
INFO: [ app_end ] --START--
INFO: Run Behavior\ShowPageTraceBehavior [ RunTime:0.000000s ]
INFO: [ app_end ] --END-- [ RunTime:0.000000s ]

[ 2017-05-18T09:29:35+08:00 ] 192.168.13.23 /index.php/Ch/Cms/YichenJun/index_h5/source//0.3571049567852569
INFO: [ app_init ] --START--
INFO: Run Behavior\BuildLiteBehavior [ RunTime:0.000000s ]
INFO: [ app_init ] --END-- [ RunTime:0.000000s ]
INFO: [ app_begin ] --START--
INFO: Run Behavior\ReadHtmlCacheBehavior [ RunTime:0.001000s ]
INFO: [ app_begin ] --END-- [ RunTime:0.001000s ]
INFO: [ view_parse ] --START--
INFO: [ template_filter ] --START--
INFO: Run Behavior\ContentReplaceBehavior [ RunTime:0.000000s ]
INFO: [ template_filter ] --END-- [ RunTime:0.001000s ]
NOTIC: [8] Undefined variable: source D:\wamp\wamp\www\demo\WebRoot\Application\Runtime\Cache\Ch\eb96a64cece808d2111bb167ff57ceec.php 第 224 行.
INFO: Run Behavior\ParseTemplateBehavior [ RunTime:0.009000s ]
INFO: [ view_parse ] --END-- [ RunTime:0.011000s ]
INFO: [ view_filter ] --START--
INFO: Run Behavior\WriteHtmlCacheBehavior [ RunTime:0.000000s ]
INFO: [ view_filter ] --END-- [ RunTime:0.000000s ]
INFO: [ app_end ] --START--
INFO: Run Behavior\ShowPageTraceBehavior [ RunTime:0.001000s ]
INFO: [ app_end ] --END-- [ RunTime:0.001000s ]

[ 2017-05-18T09:29:45+08:00 ] 192.168.13.23 /index.php/Ch/Cms/YichenJun/index/source/
INFO: [ app_init ] --START--
INFO: Run Behavior\BuildLiteBehavior [ RunTime:0.000000s ]
INFO: [ app_init ] --END-- [ RunTime:0.001000s ]
INFO: [ app_begin ] --START--
INFO: Run Behavior\ReadHtmlCacheBehavior [ RunTime:0.001000s ]
INFO: [ app_begin ] --END-- [ RunTime:0.001000s ]
NOTIC: [8] Undefined index: source D:\wamp\wamp\www\demo\WebRoot\Application\Ch\Controller\Cms\YichenJunController.class.php 第 12 行.
INFO: [ view_parse ] --START--
INFO: [ template_filter ] --START--
INFO: Run Behavior\ContentReplaceBehavior [ RunTime:0.000000s ]
INFO: [ template_filter ] --END-- [ RunTime:0.000000s ]
INFO: Run Behavior\ParseTemplateBehavior [ RunTime:0.014000s ]
INFO: [ view_parse ] --END-- [ RunTime:0.014000s ]
INFO: [ view_filter ] --START--
INFO: Run Behavior\WriteHtmlCacheBehavior [ RunTime:0.001000s ]
INFO: [ view_filter ] --END-- [ RunTime:0.001000s ]
INFO: [ app_end ] --START--
INFO: Run Behavior\ShowPageTraceBehavior [ RunTime:0.001000s ]
INFO: [ app_end ] --END-- [ RunTime:0.001000s ]

[ 2017-05-18T09:29:57+08:00 ] 192.168.13.23 /index.php/Ch/Mcenter/YichenJunbm/baomingadd
INFO: [ app_init ] --START--
INFO: Run Behavior\BuildLiteBehavior [ RunTime:0.000000s ]
INFO: [ app_init ] --END-- [ RunTime:0.001000s ]
INFO: [ app_begin ] --START--
INFO: Run Behavior\ReadHtmlCacheBehavior [ RunTime:0.000000s ]
INFO: [ app_begin ] --END-- [ RunTime:0.000000s ]
NOTIC: [8192] mysql_connect(): The mysql extension is deprecated and will be removed in the future: use mysqli or PDO instead D:\wamp\wamp\www\demo\WebRoot\Engine\Library\Think\Db\Driver\Mysql.class.php 第 52 行.
SQL: SHOW COLUMNS FROM `cms_yichenjun` [ RunTime:0.004000s ]
NOTIC: [4096] Object of class Think\Model could not be converted to string D:\wamp\wamp\www\demo\WebRoot\Application\Ch\Controller\Mcenter\YichenJunbmController.class.php 第 20 行.
SQL: SELECT * FROM `cms_yichenjun` WHERE ( phone =18888787578 )  [ RunTime:0.000000s ]
SQL: INSERT INTO `cms_yichenjun` (`name`,`phone`,`writetime`,`language`,`classID`) VALUES ('ghh','18888787578',1495070997,1,66) [ RunTime:0.000000s ]
INFO: [ app_end ] --START--
INFO: Run Behavior\ShowPageTraceBehavior [ RunTime:0.001000s ]
INFO: [ app_end ] --END-- [ RunTime:0.001000s ]

[ 2017-05-18T09:29:58+08:00 ] 192.168.13.23 /index.php/Ch/Cms/YichenJun/index/source//0.8584757615583807
INFO: [ app_init ] --START--
INFO: Run Behavior\BuildLiteBehavior [ RunTime:0.000000s ]
INFO: [ app_init ] --END-- [ RunTime:0.001000s ]
INFO: [ app_begin ] --START--
INFO: Run Behavior\ReadHtmlCacheBehavior [ RunTime:0.001000s ]
INFO: [ app_begin ] --END-- [ RunTime:0.001000s ]
INFO: [ view_parse ] --START--
INFO: [ template_filter ] --START--
INFO: Run Behavior\ContentReplaceBehavior [ RunTime:0.000000s ]
INFO: [ template_filter ] --END-- [ RunTime:0.000000s ]
INFO: Run Behavior\ParseTemplateBehavior [ RunTime:0.009000s ]
INFO: [ view_parse ] --END-- [ RunTime:0.009000s ]
INFO: [ view_filter ] --START--
INFO: Run Behavior\WriteHtmlCacheBehavior [ RunTime:0.000000s ]
INFO: [ view_filter ] --END-- [ RunTime:0.000000s ]
INFO: [ app_end ] --START--
INFO: Run Behavior\ShowPageTraceBehavior [ RunTime:0.001000s ]
INFO: [ app_end ] --END-- [ RunTime:0.001000s ]

[ 2017-05-18T09:33:58+08:00 ] 192.168.1.220 /index.php/Ch/Cms/YichenJun/index_h5/source/txxw
INFO: [ app_init ] --START--
INFO: Run Behavior\BuildLiteBehavior [ RunTime:0.000000s ]
INFO: [ app_init ] --END-- [ RunTime:0.001000s ]
INFO: [ app_begin ] --START--
INFO: Run Behavior\ReadHtmlCacheBehavior [ RunTime:0.001000s ]
INFO: [ app_begin ] --END-- [ RunTime:0.001000s ]
INFO: [ view_parse ] --START--
INFO: [ template_filter ] --START--
INFO: Run Behavior\ContentReplaceBehavior [ RunTime:0.000000s ]
INFO: [ template_filter ] --END-- [ RunTime:0.000000s ]
NOTIC: [8] Undefined variable: source D:\wamp\wamp\www\demo\WebRoot\Application\Runtime\Cache\Ch\eb96a64cece808d2111bb167ff57ceec.php 第 224 行.
INFO: Run Behavior\ParseTemplateBehavior [ RunTime:0.007000s ]
INFO: [ view_parse ] --END-- [ RunTime:0.007000s ]
INFO: [ view_filter ] --START--
INFO: Run Behavior\WriteHtmlCacheBehavior [ RunTime:0.000000s ]
INFO: [ view_filter ] --END-- [ RunTime:0.001000s ]
INFO: [ app_end ] --START--
INFO: Run Behavior\ShowPageTraceBehavior [ RunTime:0.001000s ]
INFO: [ app_end ] --END-- [ RunTime:0.001000s ]

[ 2017-05-18T09:34:34+08:00 ] 192.168.1.220 /index.php/Admin/Base/Index/index
INFO: [ app_init ] --START--
INFO: Run Behavior\BuildLiteBehavior [ RunTime:0.000000s ]
INFO: [ app_init ] --END-- [ RunTime:0.000000s ]
INFO: [ app_begin ] --START--
INFO: Run Behavior\ReadHtmlCacheBehavior [ RunTime:0.000000s ]
INFO: [ app_begin ] --END-- [ RunTime:0.000000s ]

[ 2017-05-18T09:34:34+08:00 ] 192.168.1.220 /index.php/Admin/Base/Public/login.html
INFO: [ app_init ] --START--
INFO: Run Behavior\BuildLiteBehavior [ RunTime:0.001000s ]
INFO: [ app_init ] --END-- [ RunTime:0.001000s ]
INFO: [ app_begin ] --START--
INFO: Run Behavior\ReadHtmlCacheBehavior [ RunTime:0.000000s ]
INFO: [ app_begin ] --END-- [ RunTime:0.000000s ]
NOTIC: [8] Undefined variable: str D:\wamp\wamp\www\demo\WebRoot\Application\Admin\Controller\Base\PublicController.class.php 第 231 行.
INFO: [ view_parse ] --START--
INFO: [ template_filter ] --START--
INFO: Run Behavior\ContentReplaceBehavior [ RunTime:0.000000s ]
INFO: [ template_filter ] --END-- [ RunTime:0.000000s ]
INFO: Run Behavior\ParseTemplateBehavior [ RunTime:0.010000s ]
INFO: [ view_parse ] --END-- [ RunTime:0.010000s ]
INFO: [ view_filter ] --START--
INFO: Run Behavior\WriteHtmlCacheBehavior [ RunTime:0.000000s ]
INFO: [ view_filter ] --END-- [ RunTime:0.000000s ]
INFO: [ app_end ] --START--
INFO: Run Behavior\ShowPageTraceBehavior [ RunTime:0.000000s ]
INFO: [ app_end ] --END-- [ RunTime:0.000000s ]

[ 2017-05-18T09:34:34+08:00 ] 192.168.1.220 /index.php/Admin/Base/Public/verify/
INFO: [ app_init ] --START--
INFO: Run Behavior\BuildLiteBehavior [ RunTime:0.000000s ]
INFO: [ app_init ] --END-- [ RunTime:0.001000s ]
INFO: [ app_begin ] --START--
INFO: Run Behavior\ReadHtmlCacheBehavior [ RunTime:0.001000s ]
INFO: [ app_begin ] --END-- [ RunTime:0.001000s ]
INFO: [ app_end ] --START--
INFO: Run Behavior\ShowPageTraceBehavior [ RunTime:0.001000s ]
INFO: [ app_end ] --END-- [ RunTime:0.001000s ]

[ 2017-05-18T09:34:39+08:00 ] 192.168.13.3 /index.php/Ch/Cms/YichenJun/index_h5/source/txxw
INFO: [ app_init ] --START--
INFO: Run Behavior\BuildLiteBehavior [ RunTime:0.000000s ]
INFO: [ app_init ] --END-- [ RunTime:0.001000s ]
INFO: [ app_begin ] --START--
INFO: Run Behavior\ReadHtmlCacheBehavior [ RunTime:0.001000s ]
INFO: [ app_begin ] --END-- [ RunTime:0.001000s ]
INFO: [ view_parse ] --START--
INFO: [ template_filter ] --START--
INFO: Run Behavior\ContentReplaceBehavior [ RunTime:0.000000s ]
INFO: [ template_filter ] --END-- [ RunTime:0.001000s ]
NOTIC: [8] Undefined variable: source D:\wamp\wamp\www\demo\WebRoot\Application\Runtime\Cache\Ch\eb96a64cece808d2111bb167ff57ceec.php 第 224 行.
INFO: Run Behavior\ParseTemplateBehavior [ RunTime:0.012000s ]
INFO: [ view_parse ] --END-- [ RunTime:0.012000s ]
INFO: [ view_filter ] --START--
INFO: Run Behavior\WriteHtmlCacheBehavior [ RunTime:0.000000s ]
INFO: [ view_filter ] --END-- [ RunTime:0.000000s ]
INFO: [ app_end ] --START--
INFO: Run Behavior\ShowPageTraceBehavior [ RunTime:0.001000s ]
INFO: [ app_end ] --END-- [ RunTime:0.001000s ]

[ 2017-05-18T09:34:41+08:00 ] 192.168.1.220 /index.php/Admin/Base/Public/namecheck
INFO: [ app_init ] --START--
INFO: Run Behavior\BuildLiteBehavior [ RunTime:0.000000s ]
INFO: [ app_init ] --END-- [ RunTime:0.001000s ]
INFO: [ app_begin ] --START--
INFO: Run Behavior\ReadHtmlCacheBehavior [ RunTime:0.000000s ]
INFO: [ app_begin ] --END-- [ RunTime:0.000000s ]
NOTIC: [8192] mysql_connect(): The mysql extension is deprecated and will be removed in the future: use mysqli or PDO instead D:\wamp\wamp\www\demo\WebRoot\Engine\Library\Think\Db\Driver\Mysql.class.php 第 52 行.
SQL: SHOW COLUMNS FROM `cms_users` [ RunTime:0.033000s ]
SQL: SELECT * FROM `cms_users` WHERE ( username = 'ji' ) LIMIT 1   [ RunTime:0.001000s ]
NOTIC: [8] Undefined index: info D:\wamp\wamp\www\demo\WebRoot\Engine\Library\Think\Controller.class.php 第 216 行.
NOTIC: [8] Undefined index: navTabId D:\wamp\wamp\www\demo\WebRoot\Engine\Library\Think\Controller.class.php 第 217 行.
NOTIC: [8] Undefined index: callbackType D:\wamp\wamp\www\demo\WebRoot\Engine\Library\Think\Controller.class.php 第 218 行.
NOTIC: [8] Undefined index: forwardUrl D:\wamp\wamp\www\demo\WebRoot\Engine\Library\Think\Controller.class.php 第 219 行.

[ 2017-05-18T09:34:54+08:00 ] 192.168.13.3 /index.php/Ch/Mcenter/YichenJunbm/baomingadd
INFO: [ app_init ] --START--
INFO: Run Behavior\BuildLiteBehavior [ RunTime:0.000000s ]
INFO: [ app_init ] --END-- [ RunTime:0.001000s ]
INFO: [ app_begin ] --START--
INFO: Run Behavior\ReadHtmlCacheBehavior [ RunTime:0.001000s ]
INFO: [ app_begin ] --END-- [ RunTime:0.001000s ]
NOTIC: [8192] mysql_connect(): The mysql extension is deprecated and will be removed in the future: use mysqli or PDO instead D:\wamp\wamp\www\demo\WebRoot\Engine\Library\Think\Db\Driver\Mysql.class.php 第 52 行.
SQL: SHOW COLUMNS FROM `cms_yichenjun` [ RunTime:0.007000s ]
NOTIC: [4096] Object of class Think\Model could not be converted to string D:\wamp\wamp\www\demo\WebRoot\Application\Ch\Controller\Mcenter\YichenJunbmController.class.php 第 20 行.
SQL: SELECT * FROM `cms_yichenjun` WHERE ( phone =15963256845 )  [ RunTime:0.000000s ]
SQL: INSERT INTO `cms_yichenjun` (`name`,`phone`,`writetime`,`language`,`classID`) VALUES ('看','15963256845',1495071294,1,66) [ RunTime:0.000000s ]
INFO: [ app_end ] --START--
INFO: Run Behavior\ShowPageTraceBehavior [ RunTime:0.000000s ]
INFO: [ app_end ] --END-- [ RunTime:0.001000s ]

[ 2017-05-18T09:34:55+08:00 ] 192.168.13.3 /index.php/Ch/Cms/YichenJun/index_h5/source//0.44777072325493306
INFO: [ app_init ] --START--
INFO: Run Behavior\BuildLiteBehavior [ RunTime:0.000000s ]
INFO: [ app_init ] --END-- [ RunTime:0.000000s ]
INFO: [ app_begin ] --START--
INFO: Run Behavior\ReadHtmlCacheBehavior [ RunTime:0.000000s ]
INFO: [ app_begin ] --END-- [ RunTime:0.000000s ]
INFO: [ view_parse ] --START--
INFO: [ template_filter ] --START--
INFO: Run Behavior\ContentReplaceBehavior [ RunTime:0.000000s ]
INFO: [ template_filter ] --END-- [ RunTime:0.000000s ]
NOTIC: [8] Undefined variable: source D:\wamp\wamp\www\demo\WebRoot\Application\Runtime\Cache\Ch\eb96a64cece808d2111bb167ff57ceec.php 第 224 行.
INFO: Run Behavior\ParseTemplateBehavior [ RunTime:0.007000s ]
INFO: [ view_parse ] --END-- [ RunTime:0.007000s ]
INFO: [ view_filter ] --START--
INFO: Run Behavior\WriteHtmlCacheBehavior [ RunTime:0.000000s ]
INFO: [ view_filter ] --END-- [ RunTime:0.001000s ]
INFO: [ app_end ] --START--
INFO: Run Behavior\ShowPageTraceBehavior [ RunTime:0.000000s ]
INFO: [ app_end ] --END-- [ RunTime:0.000000s ]

[ 2017-05-18T09:34:55+08:00 ] 192.168.1.220 /index.php/Admin/Base/Public/namecheck
INFO: [ app_init ] --START--
INFO: Run Behavior\BuildLiteBehavior [ RunTime:0.000000s ]
INFO: [ app_init ] --END-- [ RunTime:0.000000s ]
INFO: [ app_begin ] --START--
INFO: Run Behavior\ReadHtmlCacheBehavior [ RunTime:0.001000s ]
INFO: [ app_begin ] --END-- [ RunTime:0.001000s ]
NOTIC: [8192] mysql_connect(): The mysql extension is deprecated and will be removed in the future: use mysqli or PDO instead D:\wamp\wamp\www\demo\WebRoot\Engine\Library\Think\Db\Driver\Mysql.class.php 第 52 行.
SQL: SHOW COLUMNS FROM `cms_users` [ RunTime:0.006000s ]
SQL: SELECT * FROM `cms_users` WHERE ( username = 'jichenj' ) LIMIT 1   [ RunTime:0.001000s ]
NOTIC: [8] Undefined index: info D:\wamp\wamp\www\demo\WebRoot\Engine\Library\Think\Controller.class.php 第 216 行.
NOTIC: [8] Undefined index: navTabId D:\wamp\wamp\www\demo\WebRoot\Engine\Library\Think\Controller.class.php 第 217 行.
NOTIC: [8] Undefined index: callbackType D:\wamp\wamp\www\demo\WebRoot\Engine\Library\Think\Controller.class.php 第 218 行.
NOTIC: [8] Undefined index: forwardUrl D:\wamp\wamp\www\demo\WebRoot\Engine\Library\Think\Controller.class.php 第 219 行.

[ 2017-05-18T09:34:56+08:00 ] 192.168.1.220 /index.php/Admin/Base/Public/mimacheck
INFO: [ app_init ] --START--
INFO: Run Behavior\BuildLiteBehavior [ RunTime:0.000000s ]
INFO: [ app_init ] --END-- [ RunTime:0.000000s ]
INFO: [ app_begin ] --START--
INFO: Run Behavior\ReadHtmlCacheBehavior [ RunTime:0.001000s ]
INFO: [ app_begin ] --END-- [ RunTime:0.001000s ]
NOTIC: [8192] mysql_connect(): The mysql extension is deprecated and will be removed in the future: use mysqli or PDO instead D:\wamp\wamp\www\demo\WebRoot\Engine\Library\Think\Db\Driver\Mysql.class.php 第 52 行.
SQL: SHOW COLUMNS FROM `cms_users` [ RunTime:0.004000s ]
SQL: SELECT * FROM `cms_users` WHERE ( username='jichenj' ) LIMIT 1   [ RunTime:0.000000s ]
NOTIC: [8] Undefined index: info D:\wamp\wamp\www\demo\WebRoot\Engine\Library\Think\Controller.class.php 第 216 行.
NOTIC: [8] Undefined index: navTabId D:\wamp\wamp\www\demo\WebRoot\Engine\Library\Think\Controller.class.php 第 217 行.
NOTIC: [8] Undefined index: callbackType D:\wamp\wamp\www\demo\WebRoot\Engine\Library\Think\Controller.class.php 第 218 行.
NOTIC: [8] Undefined index: forwardUrl D:\wamp\wamp\www\demo\WebRoot\Engine\Library\Think\Controller.class.php 第 219 行.

[ 2017-05-18T09:34:59+08:00 ] 192.168.1.220 /index.php/Admin/Base/Public/namecheck
INFO: [ app_init ] --START--
INFO: Run Behavior\BuildLiteBehavior [ RunTime:0.000000s ]
INFO: [ app_init ] --END-- [ RunTime:0.001000s ]
INFO: [ app_begin ] --START--
INFO: Run Behavior\ReadHtmlCacheBehavior [ RunTime:0.000000s ]
INFO: [ app_begin ] --END-- [ RunTime:0.000000s ]
NOTIC: [8192] mysql_connect(): The mysql extension is deprecated and will be removed in the future: use mysqli or PDO instead D:\wamp\wamp\www\demo\WebRoot\Engine\Library\Think\Db\Driver\Mysql.class.php 第 52 行.
SQL: SHOW COLUMNS FROM `cms_users` [ RunTime:0.006000s ]
SQL: SELECT * FROM `cms_users` WHERE ( username = 'jichenjun' ) LIMIT 1   [ RunTime:0.000000s ]
NOTIC: [8] Undefined index: info D:\wamp\wamp\www\demo\WebRoot\Engine\Library\Think\Controller.class.php 第 216 行.
NOTIC: [8] Undefined index: navTabId D:\wamp\wamp\www\demo\WebRoot\Engine\Library\Think\Controller.class.php 第 217 行.
NOTIC: [8] Undefined index: callbackType D:\wamp\wamp\www\demo\WebRoot\Engine\Library\Think\Controller.class.php 第 218 行.
NOTIC: [8] Undefined index: forwardUrl D:\wamp\wamp\www\demo\WebRoot\Engine\Library\Think\Controller.class.php 第 219 行.

[ 2017-05-18T09:35:07+08:00 ] 192.168.1.220 /index.php/Admin/Base/Public/mimacheck
INFO: [ app_init ] --START--
INFO: Run Behavior\BuildLiteBehavior [ RunTime:0.000000s ]
INFO: [ app_init ] --END-- [ RunTime:0.001000s ]
INFO: [ app_begin ] --START--
INFO: Run Behavior\ReadHtmlCacheBehavior [ RunTime:0.000000s ]
INFO: [ app_begin ] --END-- [ RunTime:0.000000s ]
NOTIC: [8192] mysql_connect(): The mysql extension is deprecated and will be removed in the future: use mysqli or PDO instead D:\wamp\wamp\www\demo\WebRoot\Engine\Library\Think\Db\Driver\Mysql.class.php 第 52 行.
SQL: SHOW COLUMNS FROM `cms_users` [ RunTime:0.005000s ]
SQL: SELECT * FROM `cms_users` WHERE ( username='jichenjun' ) LIMIT 1   [ RunTime:0.000000s ]
NOTIC: [8] Undefined index: info D:\wamp\wamp\www\demo\WebRoot\Engine\Library\Think\Controller.class.php 第 216 行.
NOTIC: [8] Undefined index: navTabId D:\wamp\wamp\www\demo\WebRoot\Engine\Library\Think\Controller.class.php 第 217 行.
NOTIC: [8] Undefined index: callbackType D:\wamp\wamp\www\demo\WebRoot\Engine\Library\Think\Controller.class.php 第 218 行.
NOTIC: [8] Undefined index: forwardUrl D:\wamp\wamp\www\demo\WebRoot\Engine\Library\Think\Controller.class.php 第 219 行.

[ 2017-05-18T09:35:23+08:00 ] 192.168.1.220 /index.php/Admin/Base/Public/mimacheck
INFO: [ app_init ] --START--
INFO: Run Behavior\BuildLiteBehavior [ RunTime:0.000000s ]
INFO: [ app_init ] --END-- [ RunTime:0.000000s ]
INFO: [ app_begin ] --START--
INFO: Run Behavior\ReadHtmlCacheBehavior [ RunTime:0.001000s ]
INFO: [ app_begin ] --END-- [ RunTime:0.001000s ]
NOTIC: [8192] mysql_connect(): The mysql extension is deprecated and will be removed in the future: use mysqli or PDO instead D:\wamp\wamp\www\demo\WebRoot\Engine\Library\Think\Db\Driver\Mysql.class.php 第 52 行.
SQL: SHOW COLUMNS FROM `cms_users` [ RunTime:0.004000s ]
SQL: SELECT * FROM `cms_users` WHERE ( username='jichenjun' ) LIMIT 1   [ RunTime:0.000000s ]
NOTIC: [8] Undefined index: info D:\wamp\wamp\www\demo\WebRoot\Engine\Library\Think\Controller.class.php 第 216 行.
NOTIC: [8] Undefined index: navTabId D:\wamp\wamp\www\demo\WebRoot\Engine\Library\Think\Controller.class.php 第 217 行.
NOTIC: [8] Undefined index: callbackType D:\wamp\wamp\www\demo\WebRoot\Engine\Library\Think\Controller.class.php 第 218 行.
NOTIC: [8] Undefined index: forwardUrl D:\wamp\wamp\www\demo\WebRoot\Engine\Library\Think\Controller.class.php 第 219 行.

[ 2017-05-18T09:35:26+08:00 ] 192.168.1.220 /index.php/Admin/Base/Public/namecheck
INFO: [ app_init ] --START--
INFO: Run Behavior\BuildLiteBehavior [ RunTime:0.000000s ]
INFO: [ app_init ] --END-- [ RunTime:0.000000s ]
INFO: [ app_begin ] --START--
INFO: Run Behavior\ReadHtmlCacheBehavior [ RunTime:0.000000s ]
INFO: [ app_begin ] --END-- [ RunTime:0.000000s ]
NOTIC: [8192] mysql_connect(): The mysql extension is deprecated and will be removed in the future: use mysqli or PDO instead D:\wamp\wamp\www\demo\WebRoot\Engine\Library\Think\Db\Driver\Mysql.class.php 第 52 行.
SQL: SHOW COLUMNS FROM `cms_users` [ RunTime:0.006000s ]
SQL: SELECT * FROM `cms_users` WHERE ( username = 'yichenj' ) LIMIT 1   [ RunTime:0.001000s ]
NOTIC: [8] Undefined index: info D:\wamp\wamp\www\demo\WebRoot\Engine\Library\Think\Controller.class.php 第 216 行.
NOTIC: [8] Undefined index: navTabId D:\wamp\wamp\www\demo\WebRoot\Engine\Library\Think\Controller.class.php 第 217 行.
NOTIC: [8] Undefined index: callbackType D:\wamp\wamp\www\demo\WebRoot\Engine\Library\Think\Controller.class.php 第 218 行.
NOTIC: [8] Undefined index: forwardUrl D:\wamp\wamp\www\demo\WebRoot\Engine\Library\Think\Controller.class.php 第 219 行.

[ 2017-05-18T09:35:30+08:00 ] 192.168.1.220 /index.php/Admin/Base/Public/mimacheck
INFO: [ app_init ] --START--
INFO: Run Behavior\BuildLiteBehavior [ RunTime:0.000000s ]
INFO: [ app_init ] --END-- [ RunTime:0.000000s ]
INFO: [ app_begin ] --START--
INFO: Run Behavior\ReadHtmlCacheBehavior [ RunTime:0.000000s ]
INFO: [ app_begin ] --END-- [ RunTime:0.001000s ]
NOTIC: [8192] mysql_connect(): The mysql extension is deprecated and will be removed in the future: use mysqli or PDO instead D:\wamp\wamp\www\demo\WebRoot\Engine\Library\Think\Db\Driver\Mysql.class.php 第 52 行.
SQL: SHOW COLUMNS FROM `cms_users` [ RunTime:0.004000s ]
SQL: SELECT * FROM `cms_users` WHERE ( username='yichenj' ) LIMIT 1   [ RunTime:0.000000s ]
NOTIC: [8] Undefined index: info D:\wamp\wamp\www\demo\WebRoot\Engine\Library\Think\Controller.class.php 第 216 行.
NOTIC: [8] Undefined index: navTabId D:\wamp\wamp\www\demo\WebRoot\Engine\Library\Think\Controller.class.php 第 217 行.
NOTIC: [8] Undefined index: callbackType D:\wamp\wamp\www\demo\WebRoot\Engine\Library\Think\Controller.class.php 第 218 行.
NOTIC: [8] Undefined index: forwardUrl D:\wamp\wamp\www\demo\WebRoot\Engine\Library\Think\Controller.class.php 第 219 行.

[ 2017-05-18T09:35:33+08:00 ] 192.168.1.220 /index.php/Admin/Base/Public/codecheck
INFO: [ app_init ] --START--
INFO: Run Behavior\BuildLiteBehavior [ RunTime:0.000000s ]
INFO: [ app_init ] --END-- [ RunTime:0.000000s ]
INFO: [ app_begin ] --START--
INFO: Run Behavior\ReadHtmlCacheBehavior [ RunTime:0.000000s ]
INFO: [ app_begin ] --END-- [ RunTime:0.001000s ]
NOTIC: [8] Undefined index: info D:\wamp\wamp\www\demo\WebRoot\Engine\Library\Think\Controller.class.php 第 216 行.
NOTIC: [8] Undefined index: navTabId D:\wamp\wamp\www\demo\WebRoot\Engine\Library\Think\Controller.class.php 第 217 行.
NOTIC: [8] Undefined index: callbackType D:\wamp\wamp\www\demo\WebRoot\Engine\Library\Think\Controller.class.php 第 218 行.
NOTIC: [8] Undefined index: forwardUrl D:\wamp\wamp\www\demo\WebRoot\Engine\Library\Think\Controller.class.php 第 219 行.

[ 2017-05-18T09:35:33+08:00 ] 192.168.1.220 /index.php/Admin/Base/Public/checkLogin
INFO: [ app_init ] --START--
INFO: Run Behavior\BuildLiteBehavior [ RunTime:0.000000s ]
INFO: [ app_init ] --END-- [ RunTime:0.000000s ]
INFO: [ app_begin ] --START--
INFO: Run Behavior\ReadHtmlCacheBehavior [ RunTime:0.000000s ]
INFO: [ app_begin ] --END-- [ RunTime:0.000000s ]
NOTIC: [8192] mysql_connect(): The mysql extension is deprecated and will be removed in the future: use mysqli or PDO instead D:\wamp\wamp\www\demo\WebRoot\Engine\Library\Think\Db\Driver\Mysql.class.php 第 52 行.
SQL: SHOW COLUMNS FROM `cms_users` [ RunTime:0.005000s ]
SQL: SELECT * FROM `cms_users` WHERE ( username = 'yichenj' ) LIMIT 1   [ RunTime:0.001000s ]
SQL: SHOW COLUMNS FROM `cms_auth` [ RunTime:0.050000s ]
SQL: select a.*,b.id as bid,b.pid,b.url,b.name,b.path,concat(b.path,'-',b.id) as bspath from cms_auth a, cms_class b where a.rID=11 and a.wID=1  and a.cID=b.id order by bspath [ RunTime:0.026000s ]
SQL: SHOW COLUMNS FROM `cms_role_site` [ RunTime:0.021000s ]
SQL: SELECT * FROM `cms_role_site` WHERE ( rID=11 ) LIMIT 1   [ RunTime:0.000000s ]
SQL: select a.*,b.id as bid,b.pid,b.url,b.name,b.path,concat(b.path,'-',b.id) as bspath from cms_auth a, cms_class b where a.rID=11 and a.wID=1  and a.cID=b.id order by bspath [ RunTime:0.002000s ]
SQL: SELECT * FROM `cms_auth` WHERE ( rID = 11 and wID in (1) )  [ RunTime:0.001000s ]

[ 2017-05-18T09:35:34+08:00 ] 192.168.1.220 /index.php/Admin/Base/W/index.html
INFO: [ app_init ] --START--
INFO: Run Behavior\BuildLiteBehavior [ RunTime:0.000000s ]
INFO: [ app_init ] --END-- [ RunTime:0.001000s ]
INFO: [ app_begin ] --START--
INFO: Run Behavior\ReadHtmlCacheBehavior [ RunTime:0.001000s ]
INFO: [ app_begin ] --END-- [ RunTime:0.001000s ]
NOTIC: [8] Undefined index: veri D:\wamp\wamp\www\demo\WebRoot\Application\Admin\Controller\Base\WController.class.php 第 38 行.
INFO: [ view_parse ] --START--
INFO: [ template_filter ] --START--
INFO: Run Behavior\ContentReplaceBehavior [ RunTime:0.000000s ]
INFO: [ template_filter ] --END-- [ RunTime:0.000000s ]
NOTIC: [8] Undefined index: language D:\wamp\wamp\www\demo\WebRoot\Application\Runtime\Cache\Admin\21e9e63c669c55770bee8602052d4d1f.php 第 52 行.
NOTIC: [8] Undefined index: account D:\wamp\wamp\www\demo\WebRoot\Application\Runtime\Cache\Admin\21e9e63c669c55770bee8602052d4d1f.php 第 53 行.
NOTIC: [8192] mysql_connect(): The mysql extension is deprecated and will be removed in the future: use mysqli or PDO instead D:\wamp\wamp\www\demo\WebRoot\Engine\Library\Think\Db\Driver\Mysql.class.php 第 52 行.
SQL: SHOW COLUMNS FROM `cms_website` [ RunTime:0.008000s ]
SQL: SELECT `id`,`name` FROM `cms_website`  [ RunTime:0.000000s ]
NOTIC: [8] Undefined variable: time D:\wamp\wamp\www\demo\WebRoot\Application\Runtime\Cache\Admin\21e9e63c669c55770bee8602052d4d1f.php 第 124 行.
INFO: Run Behavior\ParseTemplateBehavior [ RunTime:0.054000s ]
INFO: [ view_parse ] --END-- [ RunTime:0.054000s ]
INFO: [ view_filter ] --START--
INFO: Run Behavior\WriteHtmlCacheBehavior [ RunTime:0.000000s ]
INFO: [ view_filter ] --END-- [ RunTime:0.000000s ]
INFO: [ app_end ] --START--
INFO: Run Behavior\ShowPageTraceBehavior [ RunTime:0.001000s ]
INFO: [ app_end ] --END-- [ RunTime:0.001000s ]

[ 2017-05-18T09:35:40+08:00 ] 192.168.1.220 /index.php/Admin/Mcenter/YichenJunbm/index/classID/66/w/1/authid/42?_=1495071340490
INFO: [ app_init ] --START--
INFO: Run Behavior\BuildLiteBehavior [ RunTime:0.000000s ]
INFO: [ app_init ] --END-- [ RunTime:0.000000s ]
INFO: [ app_begin ] --START--
INFO: Run Behavior\ReadHtmlCacheBehavior [ RunTime:0.000000s ]
INFO: [ app_begin ] --END-- [ RunTime:0.000000s ]
NOTIC: [8192] mysql_connect(): The mysql extension is deprecated and will be removed in the future: use mysqli or PDO instead D:\wamp\wamp\www\demo\WebRoot\Engine\Library\Think\Db\Driver\Mysql.class.php 第 52 行.
SQL: SHOW COLUMNS FROM `cms_auth` [ RunTime:0.006000s ]
SQL: SELECT * FROM `cms_auth` WHERE ( cID = 66 and wID=1 and rID=11 ) LIMIT 1   [ RunTime:0.001000s ]
NOTIC: [8] Undefined index: language D:\wamp\wamp\www\demo\WebRoot\Application\Admin\Controller\Mcenter\YichenJunbmController.class.php 第 18 行.
NOTIC: [8] Undefined index: keyword D:\wamp\wamp\www\demo\WebRoot\Application\Admin\Controller\Mcenter\YichenJunbmController.class.php 第 24 行.
NOTIC: [8] Undefined index: status D:\wamp\wamp\www\demo\WebRoot\Application\Admin\Controller\Mcenter\YichenJunbmController.class.php 第 29 行.
SQL: SHOW COLUMNS FROM `cms_yichenjun` [ RunTime:0.005000s ]
NOTIC: [8] Undefined variable: map D:\wamp\wamp\www\demo\WebRoot\Application\Admin\Controller\Mcenter\YichenJunbmController.class.php 第 51 行.
SQL: SELECT * FROM `cms_yichenjun`  [ RunTime:0.000000s ]
NOTIC: [8] Undefined variable: map D:\wamp\wamp\www\demo\WebRoot\Application\Admin\Controller\Mcenter\YichenJunbmController.class.php 第 59 行.
SQL: SELECT * FROM `cms_yichenjun` ORDER BY writetime desc LIMIT 0,15   [ RunTime:0.000000s ]
NOTIC: [8] Undefined variable: map D:\wamp\wamp\www\demo\WebRoot\Application\Admin\Controller\Mcenter\YichenJunbmController.class.php 第 61 行.
NOTIC: [2] Invalid argument supplied for foreach() D:\wamp\wamp\www\demo\WebRoot\Application\Admin\Controller\Mcenter\YichenJunbmController.class.php 第 61 行.
NOTIC: [8] Undefined variable: sort D:\wamp\wamp\www\demo\WebRoot\Application\Admin\Controller\Mcenter\YichenJunbmController.class.php 第 72 行.
NOTIC: [8] Undefined variable: order D:\wamp\wamp\www\demo\WebRoot\Application\Admin\Controller\Mcenter\YichenJunbmController.class.php 第 73 行.
NOTIC: [8] Undefined variable: sortImg D:\wamp\wamp\www\demo\WebRoot\Application\Admin\Controller\Mcenter\YichenJunbmController.class.php 第 74 行.
NOTIC: [8] Undefined variable: sortAlt D:\wamp\wamp\www\demo\WebRoot\Application\Admin\Controller\Mcenter\YichenJunbmController.class.php 第 75 行.
NOTIC: [8] Undefined variable: search D:\wamp\wamp\www\demo\WebRoot\Application\Admin\Controller\Mcenter\YichenJunbmController.class.php 第 78 行.
NOTIC: [8] Undefined index: values D:\wamp\wamp\www\demo\WebRoot\Application\Admin\Controller\Mcenter\YichenJunbmController.class.php 第 79 行.
INFO: [ view_parse ] --START--
INFO: [ template_filter ] --START--
INFO: Run Behavior\ContentReplaceBehavior [ RunTime:0.001000s ]
INFO: [ template_filter ] --END-- [ RunTime:0.001000s ]
NOTIC: [8] Undefined variable: status D:\wamp\wamp\www\demo\WebRoot\Application\Runtime\Cache\Admin\3266fe1201ef08ccbf475bc1faa6cf97.php 第 1 行.
NOTIC: [8] Undefined variable: keyword D:\wamp\wamp\www\demo\WebRoot\Application\Runtime\Cache\Admin\3266fe1201ef08ccbf475bc1faa6cf97.php 第 1 行.
NOTIC: [8] Undefined variable: account D:\wamp\wamp\www\demo\WebRoot\Application\Runtime\Cache\Admin\3266fe1201ef08ccbf475bc1faa6cf97.php 第 1 行.
NOTIC: [8] Undefined variable: authid D:\wamp\wamp\www\demo\WebRoot\Application\Runtime\Cache\Admin\3266fe1201ef08ccbf475bc1faa6cf97.php 第 1 行.
NOTIC: [8] Undefined index: lieid D:\wamp\wamp\www\demo\WebRoot\Application\Runtime\Cache\Admin\3266fe1201ef08ccbf475bc1faa6cf97.php 第 1 行.
INFO: Run Behavior\ParseTemplateBehavior [ RunTime:0.022000s ]
INFO: [ view_parse ] --END-- [ RunTime:0.022000s ]
INFO: [ view_filter ] --START--
INFO: Run Behavior\WriteHtmlCacheBehavior [ RunTime:0.000000s ]
INFO: [ view_filter ] --END-- [ RunTime:0.000000s ]
INFO: [ app_end ] --START--
INFO: Run Behavior\ShowPageTraceBehavior [ RunTime:0.000000s ]
INFO: [ app_end ] --END-- [ RunTime:0.001000s ]

[ 2017-05-18T09:36:04+08:00 ] 192.168.1.220 /index.php/Ch/Cms/YichenJun/index/source/atxxw
INFO: [ app_init ] --START--
INFO: Run Behavior\BuildLiteBehavior [ RunTime:0.000000s ]
INFO: [ app_init ] --END-- [ RunTime:0.000000s ]
INFO: [ app_begin ] --START--
INFO: Run Behavior\ReadHtmlCacheBehavior [ RunTime:0.001000s ]
INFO: [ app_begin ] --END-- [ RunTime:0.001000s ]
INFO: [ view_parse ] --START--
INFO: [ template_filter ] --START--
INFO: Run Behavior\ContentReplaceBehavior [ RunTime:0.000000s ]
INFO: [ template_filter ] --END-- [ RunTime:0.000000s ]
INFO: Run Behavior\ParseTemplateBehavior [ RunTime:0.007000s ]
INFO: [ view_parse ] --END-- [ RunTime:0.007000s ]
INFO: [ view_filter ] --START--
INFO: Run Behavior\WriteHtmlCacheBehavior [ RunTime:0.000000s ]
INFO: [ view_filter ] --END-- [ RunTime:0.000000s ]
INFO: [ app_end ] --START--
INFO: Run Behavior\ShowPageTraceBehavior [ RunTime:0.000000s ]
INFO: [ app_end ] --END-- [ RunTime:0.000000s ]

[ 2017-05-18T09:36:26+08:00 ] 192.168.1.220 /index.php/Ch/Mcenter/YichenJunbm/baomingadd
INFO: [ app_init ] --START--
INFO: Run Behavior\BuildLiteBehavior [ RunTime:0.000000s ]
INFO: [ app_init ] --END-- [ RunTime:0.000000s ]
INFO: [ app_begin ] --START--
INFO: Run Behavior\ReadHtmlCacheBehavior [ RunTime:0.000000s ]
INFO: [ app_begin ] --END-- [ RunTime:0.000000s ]
NOTIC: [8192] mysql_connect(): The mysql extension is deprecated and will be removed in the future: use mysqli or PDO instead D:\wamp\wamp\www\demo\WebRoot\Engine\Library\Think\Db\Driver\Mysql.class.php 第 52 行.
SQL: SHOW COLUMNS FROM `cms_yichenjun` [ RunTime:0.004000s ]
NOTIC: [4096] Object of class Think\Model could not be converted to string D:\wamp\wamp\www\demo\WebRoot\Application\Ch\Controller\Mcenter\YichenJunbmController.class.php 第 20 行.
SQL: SELECT * FROM `cms_yichenjun` WHERE ( phone =13835552525 )  [ RunTime:0.000000s ]
SQL: INSERT INTO `cms_yichenjun` (`name`,`phone`,`source`,`writetime`,`language`,`classID`) VALUES ('mmm','13835552525','A腾讯新闻app',1495071386,1,66) [ RunTime:0.000000s ]
INFO: [ app_end ] --START--
INFO: Run Behavior\ShowPageTraceBehavior [ RunTime:0.000000s ]
INFO: [ app_end ] --END-- [ RunTime:0.001000s ]

[ 2017-05-18T09:36:28+08:00 ] 192.168.1.220 /index.php/Ch/Cms/YichenJun/index/source/atxxw/0.7713924013490472
INFO: [ app_init ] --START--
INFO: Run Behavior\BuildLiteBehavior [ RunTime:0.000000s ]
INFO: [ app_init ] --END-- [ RunTime:0.001000s ]
INFO: [ app_begin ] --START--
INFO: Run Behavior\ReadHtmlCacheBehavior [ RunTime:0.000000s ]
INFO: [ app_begin ] --END-- [ RunTime:0.000000s ]
INFO: [ view_parse ] --START--
INFO: [ template_filter ] --START--
INFO: Run Behavior\ContentReplaceBehavior [ RunTime:0.000000s ]
INFO: [ template_filter ] --END-- [ RunTime:0.000000s ]
INFO: Run Behavior\ParseTemplateBehavior [ RunTime:0.008000s ]
INFO: [ view_parse ] --END-- [ RunTime:0.008000s ]
INFO: [ view_filter ] --START--
INFO: Run Behavior\WriteHtmlCacheBehavior [ RunTime:0.000000s ]
INFO: [ view_filter ] --END-- [ RunTime:0.000000s ]
INFO: [ app_end ] --START--
INFO: Run Behavior\ShowPageTraceBehavior [ RunTime:0.001000s ]
INFO: [ app_end ] --END-- [ RunTime:0.001000s ]

[ 2017-05-18T09:36:31+08:00 ] 192.168.1.220 /index.php/Admin/Base/W/index.html
INFO: [ app_init ] --START--
INFO: Run Behavior\BuildLiteBehavior [ RunTime:0.000000s ]
INFO: [ app_init ] --END-- [ RunTime:0.001000s ]
INFO: [ app_begin ] --START--
INFO: Run Behavior\ReadHtmlCacheBehavior [ RunTime:0.000000s ]
INFO: [ app_begin ] --END-- [ RunTime:0.000000s ]
NOTIC: [8] Undefined index: veri D:\wamp\wamp\www\demo\WebRoot\Application\Admin\Controller\Base\WController.class.php 第 38 行.
INFO: [ view_parse ] --START--
INFO: [ template_filter ] --START--
INFO: Run Behavior\ContentReplaceBehavior [ RunTime:0.000000s ]
INFO: [ template_filter ] --END-- [ RunTime:0.000000s ]
NOTIC: [8] Undefined index: language D:\wamp\wamp\www\demo\WebRoot\Application\Runtime\Cache\Admin\21e9e63c669c55770bee8602052d4d1f.php 第 52 行.
NOTIC: [8] Undefined index: account D:\wamp\wamp\www\demo\WebRoot\Application\Runtime\Cache\Admin\21e9e63c669c55770bee8602052d4d1f.php 第 53 行.
NOTIC: [8192] mysql_connect(): The mysql extension is deprecated and will be removed in the future: use mysqli or PDO instead D:\wamp\wamp\www\demo\WebRoot\Engine\Library\Think\Db\Driver\Mysql.class.php 第 52 行.
SQL: SHOW COLUMNS FROM `cms_website` [ RunTime:0.004000s ]
SQL: SELECT `id`,`name` FROM `cms_website`  [ RunTime:0.001000s ]
NOTIC: [8] Undefined variable: time D:\wamp\wamp\www\demo\WebRoot\Application\Runtime\Cache\Admin\21e9e63c669c55770bee8602052d4d1f.php 第 124 行.
INFO: Run Behavior\ParseTemplateBehavior [ RunTime:0.035000s ]
INFO: [ view_parse ] --END-- [ RunTime:0.035000s ]
INFO: [ view_filter ] --START--
INFO: Run Behavior\WriteHtmlCacheBehavior [ RunTime:0.001000s ]
INFO: [ view_filter ] --END-- [ RunTime:0.001000s ]
INFO: [ app_end ] --START--
INFO: Run Behavior\ShowPageTraceBehavior [ RunTime:0.001000s ]
INFO: [ app_end ] --END-- [ RunTime:0.001000s ]

[ 2017-05-18T09:36:32+08:00 ] 192.168.13.3 /index.php/Ch/Cms/YichenJun/index/source/atxxw
INFO: [ app_init ] --START--
INFO: Run Behavior\BuildLiteBehavior [ RunTime:0.000000s ]
INFO: [ app_init ] --END-- [ RunTime:0.000000s ]
INFO: [ app_begin ] --START--
INFO: Run Behavior\ReadHtmlCacheBehavior [ RunTime:0.000000s ]
INFO: [ app_begin ] --END-- [ RunTime:0.000000s ]
INFO: [ view_parse ] --START--
INFO: [ template_filter ] --START--
INFO: Run Behavior\ContentReplaceBehavior [ RunTime:0.000000s ]
INFO: [ template_filter ] --END-- [ RunTime:0.000000s ]
INFO: Run Behavior\ParseTemplateBehavior [ RunTime:0.007000s ]
INFO: [ view_parse ] --END-- [ RunTime:0.007000s ]
INFO: [ view_filter ] --START--
INFO: Run Behavior\WriteHtmlCacheBehavior [ RunTime:0.000000s ]
INFO: [ view_filter ] --END-- [ RunTime:0.000000s ]
INFO: [ app_end ] --START--
INFO: Run Behavior\ShowPageTraceBehavior [ RunTime:0.000000s ]
INFO: [ app_end ] --END-- [ RunTime:0.001000s ]

[ 2017-05-18T09:36:32+08:00 ] 192.168.1.220 /index.php/Admin/Mcenter/YichenJunbm/index/classID/66/w/1/authid/42?_=1495071392786
INFO: [ app_init ] --START--
INFO: Run Behavior\BuildLiteBehavior [ RunTime:0.000000s ]
INFO: [ app_init ] --END-- [ RunTime:0.001000s ]
INFO: [ app_begin ] --START--
INFO: Run Behavior\ReadHtmlCacheBehavior [ RunTime:0.000000s ]
INFO: [ app_begin ] --END-- [ RunTime:0.001000s ]
NOTIC: [8192] mysql_connect(): The mysql extension is deprecated and will be removed in the future: use mysqli or PDO instead D:\wamp\wamp\www\demo\WebRoot\Engine\Library\Think\Db\Driver\Mysql.class.php 第 52 行.
SQL: SHOW COLUMNS FROM `cms_auth` [ RunTime:0.004000s ]
SQL: SELECT * FROM `cms_auth` WHERE ( cID = 66 and wID=1 and rID=11 ) LIMIT 1   [ RunTime:0.000000s ]
NOTIC: [8] Undefined index: language D:\wamp\wamp\www\demo\WebRoot\Application\Admin\Controller\Mcenter\YichenJunbmController.class.php 第 18 行.
NOTIC: [8] Undefined index: keyword D:\wamp\wamp\www\demo\WebRoot\Application\Admin\Controller\Mcenter\YichenJunbmController.class.php 第 24 行.
NOTIC: [8] Undefined index: status D:\wamp\wamp\www\demo\WebRoot\Application\Admin\Controller\Mcenter\YichenJunbmController.class.php 第 29 行.
SQL: SHOW COLUMNS FROM `cms_yichenjun` [ RunTime:0.005000s ]
NOTIC: [8] Undefined variable: map D:\wamp\wamp\www\demo\WebRoot\Application\Admin\Controller\Mcenter\YichenJunbmController.class.php 第 51 行.
SQL: SELECT * FROM `cms_yichenjun`  [ RunTime:0.001000s ]
NOTIC: [8] Undefined variable: map D:\wamp\wamp\www\demo\WebRoot\Application\Admin\Controller\Mcenter\YichenJunbmController.class.php 第 59 行.
SQL: SELECT * FROM `cms_yichenjun` ORDER BY writetime desc LIMIT 0,15   [ RunTime:0.000000s ]
NOTIC: [8] Undefined variable: map D:\wamp\wamp\www\demo\WebRoot\Application\Admin\Controller\Mcenter\YichenJunbmController.class.php 第 61 行.
NOTIC: [2] Invalid argument supplied for foreach() D:\wamp\wamp\www\demo\WebRoot\Application\Admin\Controller\Mcenter\YichenJunbmController.class.php 第 61 行.
NOTIC: [8] Undefined variable: sort D:\wamp\wamp\www\demo\WebRoot\Application\Admin\Controller\Mcenter\YichenJunbmController.class.php 第 72 行.
NOTIC: [8] Undefined variable: order D:\wamp\wamp\www\demo\WebRoot\Application\Admin\Controller\Mcenter\YichenJunbmController.class.php 第 73 行.
NOTIC: [8] Undefined variable: sortImg D:\wamp\wamp\www\demo\WebRoot\Application\Admin\Controller\Mcenter\YichenJunbmController.class.php 第 74 行.
NOTIC: [8] Undefined variable: sortAlt D:\wamp\wamp\www\demo\WebRoot\Application\Admin\Controller\Mcenter\YichenJunbmController.class.php 第 75 行.
NOTIC: [8] Undefined variable: search D:\wamp\wamp\www\demo\WebRoot\Application\Admin\Controller\Mcenter\YichenJunbmController.class.php 第 78 行.
NOTIC: [8] Undefined index: values D:\wamp\wamp\www\demo\WebRoot\Application\Admin\Controller\Mcenter\YichenJunbmController.class.php 第 79 行.
INFO: [ view_parse ] --START--
INFO: [ template_filter ] --START--
INFO: Run Behavior\ContentReplaceBehavior [ RunTime:0.000000s ]
INFO: [ template_filter ] --END-- [ RunTime:0.001000s ]
NOTIC: [8] Undefined variable: status D:\wamp\wamp\www\demo\WebRoot\Application\Runtime\Cache\Admin\3266fe1201ef08ccbf475bc1faa6cf97.php 第 1 行.
NOTIC: [8] Undefined variable: keyword D:\wamp\wamp\www\demo\WebRoot\Application\Runtime\Cache\Admin\3266fe1201ef08ccbf475bc1faa6cf97.php 第 1 行.
NOTIC: [8] Undefined variable: account D:\wamp\wamp\www\demo\WebRoot\Application\Runtime\Cache\Admin\3266fe1201ef08ccbf475bc1faa6cf97.php 第 1 行.
NOTIC: [8] Undefined variable: authid D:\wamp\wamp\www\demo\WebRoot\Application\Runtime\Cache\Admin\3266fe1201ef08ccbf475bc1faa6cf97.php 第 1 行.
NOTIC: [8] Undefined index: lieid D:\wamp\wamp\www\demo\WebRoot\Application\Runtime\Cache\Admin\3266fe1201ef08ccbf475bc1faa6cf97.php 第 1 行.
INFO: Run Behavior\ParseTemplateBehavior [ RunTime:0.012000s ]
INFO: [ view_parse ] --END-- [ RunTime:0.012000s ]
INFO: [ view_filter ] --START--
INFO: Run Behavior\WriteHtmlCacheBehavior [ RunTime:0.000000s ]
INFO: [ view_filter ] --END-- [ RunTime:0.001000s ]
INFO: [ app_end ] --START--
INFO: Run Behavior\ShowPageTraceBehavior [ RunTime:0.000000s ]
INFO: [ app_end ] --END-- [ RunTime:0.000000s ]

[ 2017-05-18T09:36:43+08:00 ] 192.168.13.3 /index.php/Ch/Mcenter/YichenJunbm/baomingadd
INFO: [ app_init ] --START--
INFO: Run Behavior\BuildLiteBehavior [ RunTime:0.000000s ]
INFO: [ app_init ] --END-- [ RunTime:0.001000s ]
INFO: [ app_begin ] --START--
INFO: Run Behavior\ReadHtmlCacheBehavior [ RunTime:0.000000s ]
INFO: [ app_begin ] --END-- [ RunTime:0.000000s ]
NOTIC: [8192] mysql_connect(): The mysql extension is deprecated and will be removed in the future: use mysqli or PDO instead D:\wamp\wamp\www\demo\WebRoot\Engine\Library\Think\Db\Driver\Mysql.class.php 第 52 行.
SQL: SHOW COLUMNS FROM `cms_yichenjun` [ RunTime:0.005000s ]
NOTIC: [4096] Object of class Think\Model could not be converted to string D:\wamp\wamp\www\demo\WebRoot\Application\Ch\Controller\Mcenter\YichenJunbmController.class.php 第 20 行.
SQL: SELECT * FROM `cms_yichenjun` WHERE ( phone =15785263542 )  [ RunTime:0.000000s ]
SQL: INSERT INTO `cms_yichenjun` (`name`,`phone`,`source`,`writetime`,`language`,`classID`) VALUES ('哦哦','15785263542','A腾讯新闻app',1495071403,1,66) [ RunTime:0.000000s ]
INFO: [ app_end ] --START--
INFO: Run Behavior\ShowPageTraceBehavior [ RunTime:0.001000s ]
INFO: [ app_end ] --END-- [ RunTime:0.001000s ]

[ 2017-05-18T09:36:45+08:00 ] 192.168.13.3 /index.php/Ch/Cms/YichenJun/index/source/atxxw/0.10349256892437109
INFO: [ app_init ] --START--
INFO: Run Behavior\BuildLiteBehavior [ RunTime:0.000000s ]
INFO: [ app_init ] --END-- [ RunTime:0.000000s ]
INFO: [ app_begin ] --START--
INFO: Run Behavior\ReadHtmlCacheBehavior [ RunTime:0.001000s ]
INFO: [ app_begin ] --END-- [ RunTime:0.001000s ]
INFO: [ view_parse ] --START--
INFO: [ template_filter ] --START--
INFO: Run Behavior\ContentReplaceBehavior [ RunTime:0.000000s ]
INFO: [ template_filter ] --END-- [ RunTime:0.000000s ]
INFO: Run Behavior\ParseTemplateBehavior [ RunTime:0.009000s ]
INFO: [ view_parse ] --END-- [ RunTime:0.009000s ]
INFO: [ view_filter ] --START--
INFO: Run Behavior\WriteHtmlCacheBehavior [ RunTime:0.001000s ]
INFO: [ view_filter ] --END-- [ RunTime:0.001000s ]
INFO: [ app_end ] --START--
INFO: Run Behavior\ShowPageTraceBehavior [ RunTime:0.001000s ]
INFO: [ app_end ] --END-- [ RunTime:0.001000s ]

[ 2017-05-18T09:36:47+08:00 ] 192.168.1.220 /index.php/Admin/Base/W/index.html
INFO: [ app_init ] --START--
INFO: Run Behavior\BuildLiteBehavior [ RunTime:0.000000s ]
INFO: [ app_init ] --END-- [ RunTime:0.000000s ]
INFO: [ app_begin ] --START--
INFO: Run Behavior\ReadHtmlCacheBehavior [ RunTime:0.001000s ]
INFO: [ app_begin ] --END-- [ RunTime:0.001000s ]
NOTIC: [8] Undefined index: veri D:\wamp\wamp\www\demo\WebRoot\Application\Admin\Controller\Base\WController.class.php 第 38 行.
INFO: [ view_parse ] --START--
INFO: [ template_filter ] --START--
INFO: Run Behavior\ContentReplaceBehavior [ RunTime:0.000000s ]
INFO: [ template_filter ] --END-- [ RunTime:0.000000s ]
NOTIC: [8] Undefined index: language D:\wamp\wamp\www\demo\WebRoot\Application\Runtime\Cache\Admin\21e9e63c669c55770bee8602052d4d1f.php 第 52 行.
NOTIC: [8] Undefined index: account D:\wamp\wamp\www\demo\WebRoot\Application\Runtime\Cache\Admin\21e9e63c669c55770bee8602052d4d1f.php 第 53 行.
NOTIC: [8192] mysql_connect(): The mysql extension is deprecated and will be removed in the future: use mysqli or PDO instead D:\wamp\wamp\www\demo\WebRoot\Engine\Library\Think\Db\Driver\Mysql.class.php 第 52 行.
SQL: SHOW COLUMNS FROM `cms_website` [ RunTime:0.004000s ]
SQL: SELECT `id`,`name` FROM `cms_website`  [ RunTime:0.000000s ]
NOTIC: [8] Undefined variable: time D:\wamp\wamp\www\demo\WebRoot\Application\Runtime\Cache\Admin\21e9e63c669c55770bee8602052d4d1f.php 第 124 行.
INFO: Run Behavior\ParseTemplateBehavior [ RunTime:0.033000s ]
INFO: [ view_parse ] --END-- [ RunTime:0.033000s ]
INFO: [ view_filter ] --START--
INFO: Run Behavior\WriteHtmlCacheBehavior [ RunTime:0.001000s ]
INFO: [ view_filter ] --END-- [ RunTime:0.001000s ]
INFO: [ app_end ] --START--
INFO: Run Behavior\ShowPageTraceBehavior [ RunTime:0.000000s ]
INFO: [ app_end ] --END-- [ RunTime:0.000000s ]

[ 2017-05-18T09:36:50+08:00 ] 192.168.1.220 /index.php/Admin/Mcenter/YichenJunbm/index/classID/66/w/1/authid/42?_=1495071410439
INFO: [ app_init ] --START--
INFO: Run Behavior\BuildLiteBehavior [ RunTime:0.000000s ]
INFO: [ app_init ] --END-- [ RunTime:0.001000s ]
INFO: [ app_begin ] --START--
INFO: Run Behavior\ReadHtmlCacheBehavior [ RunTime:0.000000s ]
INFO: [ app_begin ] --END-- [ RunTime:0.000000s ]
NOTIC: [8192] mysql_connect(): The mysql extension is deprecated and will be removed in the future: use mysqli or PDO instead D:\wamp\wamp\www\demo\WebRoot\Engine\Library\Think\Db\Driver\Mysql.class.php 第 52 行.
SQL: SHOW COLUMNS FROM `cms_auth` [ RunTime:0.004000s ]
SQL: SELECT * FROM `cms_auth` WHERE ( cID = 66 and wID=1 and rID=11 ) LIMIT 1   [ RunTime:0.000000s ]
NOTIC: [8] Undefined index: language D:\wamp\wamp\www\demo\WebRoot\Application\Admin\Controller\Mcenter\YichenJunbmController.class.php 第 18 行.
NOTIC: [8] Undefined index: keyword D:\wamp\wamp\www\demo\WebRoot\Application\Admin\Controller\Mcenter\YichenJunbmController.class.php 第 24 行.
NOTIC: [8] Undefined index: status D:\wamp\wamp\www\demo\WebRoot\Application\Admin\Controller\Mcenter\YichenJunbmController.class.php 第 29 行.
SQL: SHOW COLUMNS FROM `cms_yichenjun` [ RunTime:0.004000s ]
NOTIC: [8] Undefined variable: map D:\wamp\wamp\www\demo\WebRoot\Application\Admin\Controller\Mcenter\YichenJunbmController.class.php 第 51 行.
SQL: SELECT * FROM `cms_yichenjun`  [ RunTime:0.000000s ]
NOTIC: [8] Undefined variable: map D:\wamp\wamp\www\demo\WebRoot\Application\Admin\Controller\Mcenter\YichenJunbmController.class.php 第 59 行.
SQL: SELECT * FROM `cms_yichenjun` ORDER BY writetime desc LIMIT 0,15   [ RunTime:0.001000s ]
NOTIC: [8] Undefined variable: map D:\wamp\wamp\www\demo\WebRoot\Application\Admin\Controller\Mcenter\YichenJunbmController.class.php 第 61 行.
NOTIC: [2] Invalid argument supplied for foreach() D:\wamp\wamp\www\demo\WebRoot\Application\Admin\Controller\Mcenter\YichenJunbmController.class.php 第 61 行.
NOTIC: [8] Undefined variable: sort D:\wamp\wamp\www\demo\WebRoot\Application\Admin\Controller\Mcenter\YichenJunbmController.class.php 第 72 行.
NOTIC: [8] Undefined variable: order D:\wamp\wamp\www\demo\WebRoot\Application\Admin\Controller\Mcenter\YichenJunbmController.class.php 第 73 行.
NOTIC: [8] Undefined variable: sortImg D:\wamp\wamp\www\demo\WebRoot\Application\Admin\Controller\Mcenter\YichenJunbmController.class.php 第 74 行.
NOTIC: [8] Undefined variable: sortAlt D:\wamp\wamp\www\demo\WebRoot\Application\Admin\Controller\Mcenter\YichenJunbmController.class.php 第 75 行.
NOTIC: [8] Undefined variable: search D:\wamp\wamp\www\demo\WebRoot\Application\Admin\Controller\Mcenter\YichenJunbmController.class.php 第 78 行.
NOTIC: [8] Undefined index: values D:\wamp\wamp\www\demo\WebRoot\Application\Admin\Controller\Mcenter\YichenJunbmController.class.php 第 79 行.
INFO: [ view_parse ] --START--
INFO: [ template_filter ] --START--
INFO: Run Behavior\ContentReplaceBehavior [ RunTime:0.000000s ]
INFO: [ template_filter ] --END-- [ RunTime:0.000000s ]
NOTIC: [8] Undefined variable: status D:\wamp\wamp\www\demo\WebRoot\Application\Runtime\Cache\Admin\3266fe1201ef08ccbf475bc1faa6cf97.php 第 1 行.
NOTIC: [8] Undefined variable: keyword D:\wamp\wamp\www\demo\WebRoot\Application\Runtime\Cache\Admin\3266fe1201ef08ccbf475bc1faa6cf97.php 第 1 行.
NOTIC: [8] Undefined variable: account D:\wamp\wamp\www\demo\WebRoot\Application\Runtime\Cache\Admin\3266fe1201ef08ccbf475bc1faa6cf97.php 第 1 行.
NOTIC: [8] Undefined variable: authid D:\wamp\wamp\www\demo\WebRoot\Application\Runtime\Cache\Admin\3266fe1201ef08ccbf475bc1faa6cf97.php 第 1 行.
NOTIC: [8] Undefined index: lieid D:\wamp\wamp\www\demo\WebRoot\Application\Runtime\Cache\Admin\3266fe1201ef08ccbf475bc1faa6cf97.php 第 1 行.
INFO: Run Behavior\ParseTemplateBehavior [ RunTime:0.011000s ]
INFO: [ view_parse ] --END-- [ RunTime:0.011000s ]
INFO: [ view_filter ] --START--
INFO: Run Behavior\WriteHtmlCacheBehavior [ RunTime:0.000000s ]
INFO: [ view_filter ] --END-- [ RunTime:0.000000s ]
INFO: [ app_end ] --START--
INFO: Run Behavior\ShowPageTraceBehavior [ RunTime:0.000000s ]
INFO: [ app_end ] --END-- [ RunTime:0.000000s ]

[ 2017-05-18T09:38:01+08:00 ] 192.168.13.3 /index.php/Ch/Cms/YichenJun/index/source/atxxw
INFO: [ app_init ] --START--
INFO: Run Behavior\BuildLiteBehavior [ RunTime:0.001000s ]
INFO: [ app_init ] --END-- [ RunTime:0.001000s ]
INFO: [ app_begin ] --START--
INFO: Run Behavior\ReadHtmlCacheBehavior [ RunTime:0.001000s ]
INFO: [ app_begin ] --END-- [ RunTime:0.001000s ]
INFO: [ view_parse ] --START--
INFO: [ template_filter ] --START--
INFO: Run Behavior\ContentReplaceBehavior [ RunTime:0.001000s ]
INFO: [ template_filter ] --END-- [ RunTime:0.001000s ]
INFO: Run Behavior\ParseTemplateBehavior [ RunTime:0.010000s ]
INFO: [ view_parse ] --END-- [ RunTime:0.010000s ]
INFO: [ view_filter ] --START--
INFO: Run Behavior\WriteHtmlCacheBehavior [ RunTime:0.001000s ]
INFO: [ view_filter ] --END-- [ RunTime:0.001000s ]
INFO: [ app_end ] --START--
INFO: Run Behavior\ShowPageTraceBehavior [ RunTime:0.001000s ]
INFO: [ app_end ] --END-- [ RunTime:0.001000s ]

[ 2017-05-18T09:38:13+08:00 ] 192.168.13.3 /index.php/Ch/Mcenter/YichenJunbm/baomingadd
INFO: [ app_init ] --START--
INFO: Run Behavior\BuildLiteBehavior [ RunTime:0.000000s ]
INFO: [ app_init ] --END-- [ RunTime:0.001000s ]
INFO: [ app_begin ] --START--
INFO: Run Behavior\ReadHtmlCacheBehavior [ RunTime:0.001000s ]
INFO: [ app_begin ] --END-- [ RunTime:0.001000s ]
NOTIC: [8192] mysql_connect(): The mysql extension is deprecated and will be removed in the future: use mysqli or PDO instead D:\wamp\wamp\www\demo\WebRoot\Engine\Library\Think\Db\Driver\Mysql.class.php 第 52 行.
SQL: SHOW COLUMNS FROM `cms_yichenjun` [ RunTime:0.007000s ]
NOTIC: [4096] Object of class Think\Model could not be converted to string D:\wamp\wamp\www\demo\WebRoot\Application\Ch\Controller\Mcenter\YichenJunbmController.class.php 第 20 行.
SQL: SELECT * FROM `cms_yichenjun` WHERE ( phone =15865239584 )  [ RunTime:0.000000s ]
SQL: INSERT INTO `cms_yichenjun` (`name`,`phone`,`source`,`writetime`,`language`,`classID`) VALUES ('看看','15865239584','A腾讯新闻app',1495071493,1,66) [ RunTime:0.000000s ]
INFO: [ app_end ] --START--
INFO: Run Behavior\ShowPageTraceBehavior [ RunTime:0.001000s ]
INFO: [ app_end ] --END-- [ RunTime:0.001000s ]

[ 2017-05-18T11:36:25+08:00 ] 192.168.13.23 /index.php/Ch/Cms/YichenJun/index_h5/source/
INFO: [ app_init ] --START--
INFO: Run Behavior\BuildLiteBehavior [ RunTime:0.000000s ]
INFO: [ app_init ] --END-- [ RunTime:0.001000s ]
INFO: [ app_begin ] --START--
INFO: Run Behavior\ReadHtmlCacheBehavior [ RunTime:0.001000s ]
INFO: [ app_begin ] --END-- [ RunTime:0.001000s ]
INFO: [ view_parse ] --START--
INFO: [ template_filter ] --START--
INFO: Run Behavior\ContentReplaceBehavior [ RunTime:0.000000s ]
INFO: [ template_filter ] --END-- [ RunTime:0.000000s ]
NOTIC: [8] Undefined variable: source D:\wamp\wamp\www\demo\WebRoot\Application\Runtime\Cache\Ch\eb96a64cece808d2111bb167ff57ceec.php 第 224 行.
INFO: Run Behavior\ParseTemplateBehavior [ RunTime:0.008000s ]
INFO: [ view_parse ] --END-- [ RunTime:0.008000s ]
INFO: [ view_filter ] --START--
INFO: Run Behavior\WriteHtmlCacheBehavior [ RunTime:0.001000s ]
INFO: [ view_filter ] --END-- [ RunTime:0.001000s ]
INFO: [ app_end ] --START--
INFO: Run Behavior\ShowPageTraceBehavior [ RunTime:0.001000s ]
INFO: [ app_end ] --END-- [ RunTime:0.001000s ]

[ 2017-05-18T11:36:44+08:00 ] 192.168.13.23 /index.php/Ch/Mcenter/YichenJunbm/baomingadd
INFO: [ app_init ] --START--
INFO: Run Behavior\BuildLiteBehavior [ RunTime:0.000000s ]
INFO: [ app_init ] --END-- [ RunTime:0.001000s ]
INFO: [ app_begin ] --START--
INFO: Run Behavior\ReadHtmlCacheBehavior [ RunTime:0.000000s ]
INFO: [ app_begin ] --END-- [ RunTime:0.000000s ]
NOTIC: [8192] mysql_connect(): The mysql extension is deprecated and will be removed in the future: use mysqli or PDO instead D:\wamp\wamp\www\demo\WebRoot\Engine\Library\Think\Db\Driver\Mysql.class.php 第 52 行.
SQL: SHOW COLUMNS FROM `cms_yichenjun` [ RunTime:0.005000s ]
NOTIC: [4096] Object of class Think\Model could not be converted to string D:\wamp\wamp\www\demo\WebRoot\Application\Ch\Controller\Mcenter\YichenJunbmController.class.php 第 20 行.
SQL: SELECT * FROM `cms_yichenjun` WHERE ( phone =13835669636 )  [ RunTime:0.000000s ]
SQL: INSERT INTO `cms_yichenjun` (`name`,`phone`,`writetime`,`language`,`classID`) VALUES ('jk','13835669636',1495078604,1,66) [ RunTime:0.001000s ]
INFO: [ app_end ] --START--
INFO: Run Behavior\ShowPageTraceBehavior [ RunTime:0.000000s ]
INFO: [ app_end ] --END-- [ RunTime:0.000000s ]

[ 2017-05-18T11:36:46+08:00 ] 192.168.13.23 /index.php/Ch/Cms/YichenJun/index_h5/source//0.030644952812543202
INFO: [ app_init ] --START--
INFO: Run Behavior\BuildLiteBehavior [ RunTime:0.000000s ]
INFO: [ app_init ] --END-- [ RunTime:0.001000s ]
INFO: [ app_begin ] --START--
INFO: Run Behavior\ReadHtmlCacheBehavior [ RunTime:0.001000s ]
INFO: [ app_begin ] --END-- [ RunTime:0.002000s ]
INFO: [ view_parse ] --START--
INFO: [ template_filter ] --START--
INFO: Run Behavior\ContentReplaceBehavior [ RunTime:0.001000s ]
INFO: [ template_filter ] --END-- [ RunTime:0.001000s ]
NOTIC: [8] Undefined variable: source D:\wamp\wamp\www\demo\WebRoot\Application\Runtime\Cache\Ch\eb96a64cece808d2111bb167ff57ceec.php 第 224 行.
INFO: Run Behavior\ParseTemplateBehavior [ RunTime:0.012000s ]
INFO: [ view_parse ] --END-- [ RunTime:0.012000s ]
INFO: [ view_filter ] --START--
INFO: Run Behavior\WriteHtmlCacheBehavior [ RunTime:0.000000s ]
INFO: [ view_filter ] --END-- [ RunTime:0.000000s ]
INFO: [ app_end ] --START--
INFO: Run Behavior\ShowPageTraceBehavior [ RunTime:0.000000s ]
INFO: [ app_end ] --END-- [ RunTime:0.001000s ]

