[ 2018-12-13T14:10:58+08:00 ] 219.142.105.195 /index.php/Admin/Base/Index/index
INFO: [ app_init ] --START--
INFO: Run Behavior\BuildLiteBehavior [ RunTime:0.000000s ]
INFO: [ app_init ] --END-- [ RunTime:0.002930s ]
INFO: [ app_begin ] --START--
INFO: Run Behavior\ReadHtmlCacheBehavior [ RunTime:0.002930s ]
INFO: [ app_begin ] --END-- [ RunTime:0.002930s ]

[ 2018-12-13T14:10:58+08:00 ] 219.142.105.195 /index.php/Admin/Base/Public/login.html
INFO: [ app_init ] --START--
INFO: Run Behavior\BuildLiteBehavior [ RunTime:0.000000s ]
INFO: [ app_init ] --END-- [ RunTime:0.000976s ]
INFO: [ app_begin ] --START--
INFO: Run Behavior\ReadHtmlCacheBehavior [ RunTime:0.001953s ]
INFO: [ app_begin ] --END-- [ RunTime:0.001953s ]
NOTIC: [8] Undefined variable: str C:\wamp\www\K_kqcWeiLouShu\WebRoot\Application\Admin\Controller\Base\PublicController.class.php 第 231 行.
INFO: [ view_parse ] --START--
INFO: [ template_filter ] --START--
INFO: Run Behavior\ContentReplaceBehavior [ RunTime:0.000000s ]
INFO: [ template_filter ] --END-- [ RunTime:0.000976s ]
INFO: Run Behavior\ParseTemplateBehavior [ RunTime:0.053713s ]
INFO: [ view_parse ] --END-- [ RunTime:0.053713s ]
INFO: [ view_filter ] --START--
INFO: Run Behavior\WriteHtmlCacheBehavior [ RunTime:0.001954s ]
INFO: [ view_filter ] --END-- [ RunTime:0.002930s ]
INFO: [ app_end ] --START--
INFO: Run Behavior\ShowPageTraceBehavior [ RunTime:0.002930s ]
INFO: [ app_end ] --END-- [ RunTime:0.003907s ]

[ 2018-12-13T14:10:59+08:00 ] 219.142.105.195 /index.php/Admin/Base/Public/verify/
INFO: [ app_init ] --START--
INFO: Run Behavior\BuildLiteBehavior [ RunTime:0.000000s ]
INFO: [ app_init ] --END-- [ RunTime:0.000976s ]
INFO: [ app_begin ] --START--
INFO: Run Behavior\ReadHtmlCacheBehavior [ RunTime:0.001953s ]
INFO: [ app_begin ] --END-- [ RunTime:0.001953s ]
INFO: [ app_end ] --START--
INFO: Run Behavior\ShowPageTraceBehavior [ RunTime:0.001953s ]
INFO: [ app_end ] --END-- [ RunTime:0.002929s ]

[ 2018-12-13T14:11:03+08:00 ] 219.142.105.195 /index.php/Admin/Base/Public/namecheck
INFO: [ app_init ] --START--
INFO: Run Behavior\BuildLiteBehavior [ RunTime:0.000000s ]
INFO: [ app_init ] --END-- [ RunTime:0.000977s ]
INFO: [ app_begin ] --START--
INFO: Run Behavior\ReadHtmlCacheBehavior [ RunTime:0.001954s ]
INFO: [ app_begin ] --END-- [ RunTime:0.001954s ]
NOTIC: [8192] mysql_connect(): The mysql extension is deprecated and will be removed in the future: use mysqli or PDO instead C:\wamp\www\K_kqcWeiLouShu\WebRoot\Engine\Library\Think\Db\Driver\Mysql.class.php 第 52 行.
SQL: SHOW COLUMNS FROM `cms_users` [ RunTime:0.033204s ]
SQL: SELECT * FROM `cms_users` WHERE ( username = '' ) LIMIT 1   [ RunTime:0.001953s ]
NOTIC: [8] Undefined index: info C:\wamp\www\K_kqcWeiLouShu\WebRoot\Engine\Library\Think\Controller.class.php 第 216 行.
NOTIC: [8] Undefined index: navTabId C:\wamp\www\K_kqcWeiLouShu\WebRoot\Engine\Library\Think\Controller.class.php 第 217 行.
NOTIC: [8] Undefined index: callbackType C:\wamp\www\K_kqcWeiLouShu\WebRoot\Engine\Library\Think\Controller.class.php 第 218 行.
NOTIC: [8] Undefined index: forwardUrl C:\wamp\www\K_kqcWeiLouShu\WebRoot\Engine\Library\Think\Controller.class.php 第 219 行.

[ 2018-12-13T14:11:11+08:00 ] 219.142.105.195 /index.php/Admin/Base/Public/namecheck
INFO: [ app_init ] --START--
INFO: Run Behavior\BuildLiteBehavior [ RunTime:0.000000s ]
INFO: [ app_init ] --END-- [ RunTime:0.000976s ]
INFO: [ app_begin ] --START--
INFO: Run Behavior\ReadHtmlCacheBehavior [ RunTime:0.001953s ]
INFO: [ app_begin ] --END-- [ RunTime:0.001953s ]
NOTIC: [8192] mysql_connect(): The mysql extension is deprecated and will be removed in the future: use mysqli or PDO instead C:\wamp\www\K_kqcWeiLouShu\WebRoot\Engine\Library\Think\Db\Driver\Mysql.class.php 第 52 行.
SQL: SHOW COLUMNS FROM `cms_users` [ RunTime:0.005860s ]
SQL: SELECT * FROM `cms_users` WHERE ( username = 'gaige' ) LIMIT 1   [ RunTime:0.000000s ]
NOTIC: [8] Undefined index: info C:\wamp\www\K_kqcWeiLouShu\WebRoot\Engine\Library\Think\Controller.class.php 第 216 行.
NOTIC: [8] Undefined index: navTabId C:\wamp\www\K_kqcWeiLouShu\WebRoot\Engine\Library\Think\Controller.class.php 第 217 行.
NOTIC: [8] Undefined index: callbackType C:\wamp\www\K_kqcWeiLouShu\WebRoot\Engine\Library\Think\Controller.class.php 第 218 行.
NOTIC: [8] Undefined index: forwardUrl C:\wamp\www\K_kqcWeiLouShu\WebRoot\Engine\Library\Think\Controller.class.php 第 219 行.

[ 2018-12-13T14:11:12+08:00 ] 219.142.105.195 /index.php/Admin/Base/Public/mimacheck
INFO: [ app_init ] --START--
INFO: Run Behavior\BuildLiteBehavior [ RunTime:0.000000s ]
INFO: [ app_init ] --END-- [ RunTime:0.000977s ]
INFO: [ app_begin ] --START--
INFO: Run Behavior\ReadHtmlCacheBehavior [ RunTime:0.000977s ]
INFO: [ app_begin ] --END-- [ RunTime:0.000977s ]
NOTIC: [8192] mysql_connect(): The mysql extension is deprecated and will be removed in the future: use mysqli or PDO instead C:\wamp\www\K_kqcWeiLouShu\WebRoot\Engine\Library\Think\Db\Driver\Mysql.class.php 第 52 行.
SQL: SHOW COLUMNS FROM `cms_users` [ RunTime:0.005859s ]
SQL: SELECT * FROM `cms_users` WHERE ( username='gaige' ) LIMIT 1   [ RunTime:0.000000s ]
NOTIC: [8] Undefined index: info C:\wamp\www\K_kqcWeiLouShu\WebRoot\Engine\Library\Think\Controller.class.php 第 216 行.
NOTIC: [8] Undefined index: navTabId C:\wamp\www\K_kqcWeiLouShu\WebRoot\Engine\Library\Think\Controller.class.php 第 217 行.
NOTIC: [8] Undefined index: callbackType C:\wamp\www\K_kqcWeiLouShu\WebRoot\Engine\Library\Think\Controller.class.php 第 218 行.
NOTIC: [8] Undefined index: forwardUrl C:\wamp\www\K_kqcWeiLouShu\WebRoot\Engine\Library\Think\Controller.class.php 第 219 行.

[ 2018-12-13T14:11:14+08:00 ] 219.142.105.195 /index.php/Admin/Base/Public/codecheck
INFO: [ app_init ] --START--
INFO: Run Behavior\BuildLiteBehavior [ RunTime:0.000000s ]
INFO: [ app_init ] --END-- [ RunTime:0.000977s ]
INFO: [ app_begin ] --START--
INFO: Run Behavior\ReadHtmlCacheBehavior [ RunTime:0.000977s ]
INFO: [ app_begin ] --END-- [ RunTime:0.000977s ]
NOTIC: [8] Undefined index: info C:\wamp\www\K_kqcWeiLouShu\WebRoot\Engine\Library\Think\Controller.class.php 第 216 行.
NOTIC: [8] Undefined index: navTabId C:\wamp\www\K_kqcWeiLouShu\WebRoot\Engine\Library\Think\Controller.class.php 第 217 行.
NOTIC: [8] Undefined index: callbackType C:\wamp\www\K_kqcWeiLouShu\WebRoot\Engine\Library\Think\Controller.class.php 第 218 行.
NOTIC: [8] Undefined index: forwardUrl C:\wamp\www\K_kqcWeiLouShu\WebRoot\Engine\Library\Think\Controller.class.php 第 219 行.

[ 2018-12-13T14:11:14+08:00 ] 219.142.105.195 /index.php/Admin/Base/Public/verify/1544681475051
INFO: [ app_init ] --START--
INFO: Run Behavior\BuildLiteBehavior [ RunTime:0.000000s ]
INFO: [ app_init ] --END-- [ RunTime:0.000976s ]
INFO: [ app_begin ] --START--
INFO: Run Behavior\ReadHtmlCacheBehavior [ RunTime:0.001953s ]
INFO: [ app_begin ] --END-- [ RunTime:0.001953s ]
INFO: [ app_end ] --START--
INFO: Run Behavior\ShowPageTraceBehavior [ RunTime:0.000977s ]
INFO: [ app_end ] --END-- [ RunTime:0.000977s ]

[ 2018-12-13T14:11:19+08:00 ] 219.142.105.195 /index.php/Admin/Base/Public/codecheck
INFO: [ app_init ] --START--
INFO: Run Behavior\BuildLiteBehavior [ RunTime:0.000000s ]
INFO: [ app_init ] --END-- [ RunTime:0.000977s ]
INFO: [ app_begin ] --START--
INFO: Run Behavior\ReadHtmlCacheBehavior [ RunTime:0.001953s ]
INFO: [ app_begin ] --END-- [ RunTime:0.001953s ]
NOTIC: [8] Undefined index: info C:\wamp\www\K_kqcWeiLouShu\WebRoot\Engine\Library\Think\Controller.class.php 第 216 行.
NOTIC: [8] Undefined index: navTabId C:\wamp\www\K_kqcWeiLouShu\WebRoot\Engine\Library\Think\Controller.class.php 第 217 行.
NOTIC: [8] Undefined index: callbackType C:\wamp\www\K_kqcWeiLouShu\WebRoot\Engine\Library\Think\Controller.class.php 第 218 行.
NOTIC: [8] Undefined index: forwardUrl C:\wamp\www\K_kqcWeiLouShu\WebRoot\Engine\Library\Think\Controller.class.php 第 219 行.

[ 2018-12-13T14:11:28+08:00 ] 219.142.105.195 /index.php/Admin/Base/Public/codecheck
INFO: [ app_init ] --START--
INFO: Run Behavior\BuildLiteBehavior [ RunTime:0.000000s ]
INFO: [ app_init ] --END-- [ RunTime:0.000000s ]
INFO: [ app_begin ] --START--
INFO: Run Behavior\ReadHtmlCacheBehavior [ RunTime:0.001953s ]
INFO: [ app_begin ] --END-- [ RunTime:0.001953s ]
NOTIC: [8] Undefined index: info C:\wamp\www\K_kqcWeiLouShu\WebRoot\Engine\Library\Think\Controller.class.php 第 216 行.
NOTIC: [8] Undefined index: navTabId C:\wamp\www\K_kqcWeiLouShu\WebRoot\Engine\Library\Think\Controller.class.php 第 217 行.
NOTIC: [8] Undefined index: callbackType C:\wamp\www\K_kqcWeiLouShu\WebRoot\Engine\Library\Think\Controller.class.php 第 218 行.
NOTIC: [8] Undefined index: forwardUrl C:\wamp\www\K_kqcWeiLouShu\WebRoot\Engine\Library\Think\Controller.class.php 第 219 行.

[ 2018-12-13T14:11:28+08:00 ] 219.142.105.195 /index.php/Admin/Base/Public/checkLogin
INFO: [ app_init ] --START--
INFO: Run Behavior\BuildLiteBehavior [ RunTime:0.000000s ]
INFO: [ app_init ] --END-- [ RunTime:0.000977s ]
INFO: [ app_begin ] --START--
INFO: Run Behavior\ReadHtmlCacheBehavior [ RunTime:0.001954s ]
INFO: [ app_begin ] --END-- [ RunTime:0.001954s ]
NOTIC: [8192] mysql_connect(): The mysql extension is deprecated and will be removed in the future: use mysqli or PDO instead C:\wamp\www\K_kqcWeiLouShu\WebRoot\Engine\Library\Think\Db\Driver\Mysql.class.php 第 52 行.
SQL: SHOW COLUMNS FROM `cms_users` [ RunTime:0.007813s ]
SQL: SELECT * FROM `cms_users` WHERE ( username = 'gaige' ) LIMIT 1   [ RunTime:0.000000s ]
SQL: SHOW COLUMNS FROM `cms_auth` [ RunTime:0.078128s ]
SQL: select a.*,b.id as bid,b.pid,b.url,b.name,b.path,concat(b.path,'-',b.id) as bspath from cms_auth a, cms_class b where a.rID=12 and a.wID=1  and a.cID=b.id order by bspath [ RunTime:0.023439s ]
SQL: SHOW COLUMNS FROM `cms_role_site` [ RunTime:0.034181s ]
SQL: SELECT * FROM `cms_role_site` WHERE ( rID=12 ) LIMIT 1   [ RunTime:0.000977s ]
SQL: select a.*,b.id as bid,b.pid,b.url,b.name,b.path,concat(b.path,'-',b.id) as bspath from cms_auth a, cms_class b where a.rID=12 and a.wID=1  and a.cID=b.id order by bspath [ RunTime:0.001953s ]
SQL: SELECT * FROM `cms_auth` WHERE ( rID = 12 and wID in (1) )  [ RunTime:0.000977s ]

[ 2018-12-13T14:11:29+08:00 ] 219.142.105.195 /index.php/Admin/Base/W/index.html
INFO: [ app_init ] --START--
INFO: Run Behavior\BuildLiteBehavior [ RunTime:0.000000s ]
INFO: [ app_init ] --END-- [ RunTime:0.000977s ]
INFO: [ app_begin ] --START--
INFO: Run Behavior\ReadHtmlCacheBehavior [ RunTime:0.001954s ]
INFO: [ app_begin ] --END-- [ RunTime:0.001954s ]
NOTIC: [8] Undefined index: veri C:\wamp\www\K_kqcWeiLouShu\WebRoot\Application\Admin\Controller\Base\WController.class.php 第 38 行.
INFO: [ view_parse ] --START--
INFO: [ template_filter ] --START--
INFO: Run Behavior\ContentReplaceBehavior [ RunTime:0.000000s ]
INFO: [ template_filter ] --END-- [ RunTime:0.000000s ]
NOTIC: [8] Undefined index: language C:\wamp\www\K_kqcWeiLouShu\WebRoot\Application\Runtime\Cache\Admin\21e9e63c669c55770bee8602052d4d1f.php 第 52 行.
NOTIC: [8] Undefined index: account C:\wamp\www\K_kqcWeiLouShu\WebRoot\Application\Runtime\Cache\Admin\21e9e63c669c55770bee8602052d4d1f.php 第 53 行.
NOTIC: [8192] mysql_connect(): The mysql extension is deprecated and will be removed in the future: use mysqli or PDO instead C:\wamp\www\K_kqcWeiLouShu\WebRoot\Engine\Library\Think\Db\Driver\Mysql.class.php 第 52 行.
SQL: SHOW COLUMNS FROM `cms_website` [ RunTime:0.029298s ]
SQL: SELECT `id`,`name` FROM `cms_website`  [ RunTime:0.000000s ]
NOTIC: [8] Undefined variable: time C:\wamp\www\K_kqcWeiLouShu\WebRoot\Application\Runtime\Cache\Admin\21e9e63c669c55770bee8602052d4d1f.php 第 124 行.
INFO: Run Behavior\ParseTemplateBehavior [ RunTime:0.098637s ]
INFO: [ view_parse ] --END-- [ RunTime:0.099614s ]
INFO: [ view_filter ] --START--
INFO: Run Behavior\WriteHtmlCacheBehavior [ RunTime:0.000976s ]
INFO: [ view_filter ] --END-- [ RunTime:0.001953s ]
INFO: [ app_end ] --START--
INFO: Run Behavior\ShowPageTraceBehavior [ RunTime:0.001953s ]
INFO: [ app_end ] --END-- [ RunTime:0.001953s ]

[ 2018-12-13T14:11:36+08:00 ] 219.142.105.195 /index.php/Admin/Mcenter/GuangGubm/index/classID/69/w/1/authid/38?_=1544681496733
INFO: [ app_init ] --START--
INFO: Run Behavior\BuildLiteBehavior [ RunTime:0.000000s ]
INFO: [ app_init ] --END-- [ RunTime:0.000976s ]
INFO: [ app_begin ] --START--
INFO: Run Behavior\ReadHtmlCacheBehavior [ RunTime:0.001953s ]
INFO: [ app_begin ] --END-- [ RunTime:0.001953s ]
NOTIC: [8192] mysql_connect(): The mysql extension is deprecated and will be removed in the future: use mysqli or PDO instead C:\wamp\www\K_kqcWeiLouShu\WebRoot\Engine\Library\Think\Db\Driver\Mysql.class.php 第 52 行.
SQL: SHOW COLUMNS FROM `cms_auth` [ RunTime:0.006837s ]
SQL: SELECT * FROM `cms_auth` WHERE ( cID = 69 and wID=1 and rID=12 ) LIMIT 1   [ RunTime:0.000977s ]
NOTIC: [8] Undefined index: language C:\wamp\www\K_kqcWeiLouShu\WebRoot\Application\Admin\Controller\Mcenter\GuangGubmController.class.php 第 18 行.
NOTIC: [8] Undefined index: keyword C:\wamp\www\K_kqcWeiLouShu\WebRoot\Application\Admin\Controller\Mcenter\GuangGubmController.class.php 第 24 行.
NOTIC: [8] Undefined index: status C:\wamp\www\K_kqcWeiLouShu\WebRoot\Application\Admin\Controller\Mcenter\GuangGubmController.class.php 第 29 行.
SQL: SHOW COLUMNS FROM `cms_guanggu` [ RunTime:0.022462s ]
NOTIC: [8] Undefined variable: map C:\wamp\www\K_kqcWeiLouShu\WebRoot\Application\Admin\Controller\Mcenter\GuangGubmController.class.php 第 51 行.
SQL: SELECT * FROM `cms_guanggu`  [ RunTime:0.031251s ]
NOTIC: [8] Undefined variable: map C:\wamp\www\K_kqcWeiLouShu\WebRoot\Application\Admin\Controller\Mcenter\GuangGubmController.class.php 第 59 行.
SQL: SELECT * FROM `cms_guanggu` ORDER BY writetime desc LIMIT 0,15   [ RunTime:0.000976s ]
NOTIC: [8] Undefined variable: map C:\wamp\www\K_kqcWeiLouShu\WebRoot\Application\Admin\Controller\Mcenter\GuangGubmController.class.php 第 61 行.
NOTIC: [2] Invalid argument supplied for foreach() C:\wamp\www\K_kqcWeiLouShu\WebRoot\Application\Admin\Controller\Mcenter\GuangGubmController.class.php 第 61 行.
NOTIC: [8] Undefined variable: sort C:\wamp\www\K_kqcWeiLouShu\WebRoot\Application\Admin\Controller\Mcenter\GuangGubmController.class.php 第 72 行.
NOTIC: [8] Undefined variable: order C:\wamp\www\K_kqcWeiLouShu\WebRoot\Application\Admin\Controller\Mcenter\GuangGubmController.class.php 第 73 行.
NOTIC: [8] Undefined variable: sortImg C:\wamp\www\K_kqcWeiLouShu\WebRoot\Application\Admin\Controller\Mcenter\GuangGubmController.class.php 第 74 行.
NOTIC: [8] Undefined variable: sortAlt C:\wamp\www\K_kqcWeiLouShu\WebRoot\Application\Admin\Controller\Mcenter\GuangGubmController.class.php 第 75 行.
NOTIC: [8] Undefined variable: search C:\wamp\www\K_kqcWeiLouShu\WebRoot\Application\Admin\Controller\Mcenter\GuangGubmController.class.php 第 78 行.
NOTIC: [8] Undefined index: values C:\wamp\www\K_kqcWeiLouShu\WebRoot\Application\Admin\Controller\Mcenter\GuangGubmController.class.php 第 79 行.
INFO: [ view_parse ] --START--
INFO: [ template_filter ] --START--
INFO: Run Behavior\ContentReplaceBehavior [ RunTime:0.000000s ]
INFO: [ template_filter ] --END-- [ RunTime:0.000000s ]
NOTIC: [8] Undefined variable: status C:\wamp\www\K_kqcWeiLouShu\WebRoot\Application\Runtime\Cache\Admin\c7f4b89a03b71b4c28f229d4ddb448fe.php 第 1 行.
NOTIC: [8] Undefined variable: keyword C:\wamp\www\K_kqcWeiLouShu\WebRoot\Application\Runtime\Cache\Admin\c7f4b89a03b71b4c28f229d4ddb448fe.php 第 1 行.
NOTIC: [8] Undefined variable: account C:\wamp\www\K_kqcWeiLouShu\WebRoot\Application\Runtime\Cache\Admin\c7f4b89a03b71b4c28f229d4ddb448fe.php 第 1 行.
NOTIC: [8] Undefined variable: authid C:\wamp\www\K_kqcWeiLouShu\WebRoot\Application\Runtime\Cache\Admin\c7f4b89a03b71b4c28f229d4ddb448fe.php 第 1 行.
NOTIC: [8] Undefined index: lieid C:\wamp\www\K_kqcWeiLouShu\WebRoot\Application\Runtime\Cache\Admin\c7f4b89a03b71b4c28f229d4ddb448fe.php 第 1 行.
INFO: Run Behavior\ParseTemplateBehavior [ RunTime:0.040041s ]
INFO: [ view_parse ] --END-- [ RunTime:0.040041s ]
INFO: [ view_filter ] --START--
INFO: Run Behavior\WriteHtmlCacheBehavior [ RunTime:0.001953s ]
INFO: [ view_filter ] --END-- [ RunTime:0.001953s ]
INFO: [ app_end ] --START--
INFO: Run Behavior\ShowPageTraceBehavior [ RunTime:0.001953s ]
INFO: [ app_end ] --END-- [ RunTime:0.001953s ]

[ 2018-12-13T14:11:45+08:00 ] 219.142.105.195 /index.php/Admin/Mcenter/GuangGubm/excel
INFO: [ app_init ] --START--
INFO: Run Behavior\BuildLiteBehavior [ RunTime:0.000000s ]
INFO: [ app_init ] --END-- [ RunTime:0.000977s ]
INFO: [ app_begin ] --START--
INFO: Run Behavior\ReadHtmlCacheBehavior [ RunTime:0.001953s ]
INFO: [ app_begin ] --END-- [ RunTime:0.001953s ]
NOTIC: [8] Undefined index: classID C:\wamp\www\K_kqcWeiLouShu\WebRoot\Application\Admin\Controller\Base\CommonController.class.php 第 37 行.
NOTIC: [8] Undefined index: w C:\wamp\www\K_kqcWeiLouShu\WebRoot\Application\Admin\Controller\Base\CommonController.class.php 第 38 行.
NOTIC: [8192] mysql_connect(): The mysql extension is deprecated and will be removed in the future: use mysqli or PDO instead C:\wamp\www\K_kqcWeiLouShu\WebRoot\Engine\Library\Think\Db\Driver\Mysql.class.php 第 52 行.
SQL: SHOW COLUMNS FROM `cms_auth` [ RunTime:0.006836s ]
SQL: SELECT * FROM `cms_auth` WHERE ( cID = 0 and wID=0 and rID=12 ) LIMIT 1   [ RunTime:0.000977s ]
SQL: SHOW COLUMNS FROM `cms_guanggu` [ RunTime:0.005859s ]
SQL: SELECT * FROM `cms_guanggu` ORDER BY writetime desc  [ RunTime:0.000976s ]
NOTIC: [8] Undefined variable: results C:\wamp\www\K_kqcWeiLouShu\WebRoot\Application\Admin\Controller\Mcenter\GuangGubmController.class.php 第 126 行.
NOTIC: [8] Undefined variable: results C:\wamp\www\K_kqcWeiLouShu\WebRoot\Application\Admin\Controller\Mcenter\GuangGubmController.class.php 第 126 行.
NOTIC: [8] Undefined variable: results C:\wamp\www\K_kqcWeiLouShu\WebRoot\Application\Admin\Controller\Mcenter\GuangGubmController.class.php 第 126 行.
NOTIC: [8] Undefined variable: results C:\wamp\www\K_kqcWeiLouShu\WebRoot\Application\Admin\Controller\Mcenter\GuangGubmController.class.php 第 126 行.
NOTIC: [8] Undefined variable: results C:\wamp\www\K_kqcWeiLouShu\WebRoot\Application\Admin\Controller\Mcenter\GuangGubmController.class.php 第 126 行.
NOTIC: [8] Undefined variable: results C:\wamp\www\K_kqcWeiLouShu\WebRoot\Application\Admin\Controller\Mcenter\GuangGubmController.class.php 第 126 行.
NOTIC: [8] Undefined variable: results C:\wamp\www\K_kqcWeiLouShu\WebRoot\Application\Admin\Controller\Mcenter\GuangGubmController.class.php 第 126 行.
NOTIC: [8] Undefined variable: results C:\wamp\www\K_kqcWeiLouShu\WebRoot\Application\Admin\Controller\Mcenter\GuangGubmController.class.php 第 126 行.
NOTIC: [8] Undefined variable: results C:\wamp\www\K_kqcWeiLouShu\WebRoot\Application\Admin\Controller\Mcenter\GuangGubmController.class.php 第 126 行.
NOTIC: [8] Undefined variable: results C:\wamp\www\K_kqcWeiLouShu\WebRoot\Application\Admin\Controller\Mcenter\GuangGubmController.class.php 第 126 行.
NOTIC: [8] Undefined variable: results C:\wamp\www\K_kqcWeiLouShu\WebRoot\Application\Admin\Controller\Mcenter\GuangGubmController.class.php 第 126 行.
NOTIC: [8] Undefined variable: results C:\wamp\www\K_kqcWeiLouShu\WebRoot\Application\Admin\Controller\Mcenter\GuangGubmController.class.php 第 126 行.
NOTIC: [8] Undefined variable: results C:\wamp\www\K_kqcWeiLouShu\WebRoot\Application\Admin\Controller\Mcenter\GuangGubmController.class.php 第 126 行.
NOTIC: [8] Undefined variable: results C:\wamp\www\K_kqcWeiLouShu\WebRoot\Application\Admin\Controller\Mcenter\GuangGubmController.class.php 第 126 行.
NOTIC: [8] Undefined variable: results C:\wamp\www\K_kqcWeiLouShu\WebRoot\Application\Admin\Controller\Mcenter\GuangGubmController.class.php 第 126 行.
NOTIC: [8] Undefined variable: results C:\wamp\www\K_kqcWeiLouShu\WebRoot\Application\Admin\Controller\Mcenter\GuangGubmController.class.php 第 126 行.
NOTIC: [8] Undefined variable: results C:\wamp\www\K_kqcWeiLouShu\WebRoot\Application\Admin\Controller\Mcenter\GuangGubmController.class.php 第 126 行.
NOTIC: [8] Undefined variable: results C:\wamp\www\K_kqcWeiLouShu\WebRoot\Application\Admin\Controller\Mcenter\GuangGubmController.class.php 第 126 行.
NOTIC: [8] Undefined variable: results C:\wamp\www\K_kqcWeiLouShu\WebRoot\Application\Admin\Controller\Mcenter\GuangGubmController.class.php 第 126 行.
NOTIC: [8] Undefined variable: results C:\wamp\www\K_kqcWeiLouShu\WebRoot\Application\Admin\Controller\Mcenter\GuangGubmController.class.php 第 126 行.
NOTIC: [8] Undefined variable: results C:\wamp\www\K_kqcWeiLouShu\WebRoot\Application\Admin\Controller\Mcenter\GuangGubmController.class.php 第 126 行.
NOTIC: [8] Undefined variable: results C:\wamp\www\K_kqcWeiLouShu\WebRoot\Application\Admin\Controller\Mcenter\GuangGubmController.class.php 第 126 行.
NOTIC: [8] Undefined variable: results C:\wamp\www\K_kqcWeiLouShu\WebRoot\Application\Admin\Controller\Mcenter\GuangGubmController.class.php 第 126 行.
NOTIC: [8] Undefined variable: results C:\wamp\www\K_kqcWeiLouShu\WebRoot\Application\Admin\Controller\Mcenter\GuangGubmController.class.php 第 126 行.
NOTIC: [8] Undefined variable: results C:\wamp\www\K_kqcWeiLouShu\WebRoot\Application\Admin\Controller\Mcenter\GuangGubmController.class.php 第 126 行.
NOTIC: [8] Undefined variable: results C:\wamp\www\K_kqcWeiLouShu\WebRoot\Application\Admin\Controller\Mcenter\GuangGubmController.class.php 第 126 行.
NOTIC: [8] Undefined variable: results C:\wamp\www\K_kqcWeiLouShu\WebRoot\Application\Admin\Controller\Mcenter\GuangGubmController.class.php 第 126 行.
NOTIC: [8] Undefined variable: results C:\wamp\www\K_kqcWeiLouShu\WebRoot\Application\Admin\Controller\Mcenter\GuangGubmController.class.php 第 126 行.
NOTIC: [8] Undefined variable: results C:\wamp\www\K_kqcWeiLouShu\WebRoot\Application\Admin\Controller\Mcenter\GuangGubmController.class.php 第 126 行.
NOTIC: [8] Undefined variable: results C:\wamp\www\K_kqcWeiLouShu\WebRoot\Application\Admin\Controller\Mcenter\GuangGubmController.class.php 第 126 行.
NOTIC: [8] Undefined variable: results C:\wamp\www\K_kqcWeiLouShu\WebRoot\Application\Admin\Controller\Mcenter\GuangGubmController.class.php 第 126 行.
NOTIC: [8] Undefined variable: results C:\wamp\www\K_kqcWeiLouShu\WebRoot\Application\Admin\Controller\Mcenter\GuangGubmController.class.php 第 126 行.
NOTIC: [8] Undefined variable: results C:\wamp\www\K_kqcWeiLouShu\WebRoot\Application\Admin\Controller\Mcenter\GuangGubmController.class.php 第 126 行.
NOTIC: [8] Undefined variable: results C:\wamp\www\K_kqcWeiLouShu\WebRoot\Application\Admin\Controller\Mcenter\GuangGubmController.class.php 第 126 行.
NOTIC: [8] Undefined variable: results C:\wamp\www\K_kqcWeiLouShu\WebRoot\Application\Admin\Controller\Mcenter\GuangGubmController.class.php 第 126 行.
NOTIC: [8] Undefined variable: results C:\wamp\www\K_kqcWeiLouShu\WebRoot\Application\Admin\Controller\Mcenter\GuangGubmController.class.php 第 126 行.
NOTIC: [8] Undefined variable: results C:\wamp\www\K_kqcWeiLouShu\WebRoot\Application\Admin\Controller\Mcenter\GuangGubmController.class.php 第 126 行.
NOTIC: [8] Undefined variable: results C:\wamp\www\K_kqcWeiLouShu\WebRoot\Application\Admin\Controller\Mcenter\GuangGubmController.class.php 第 126 行.
NOTIC: [8] Undefined variable: results C:\wamp\www\K_kqcWeiLouShu\WebRoot\Application\Admin\Controller\Mcenter\GuangGubmController.class.php 第 126 行.
NOTIC: [8] Undefined variable: results C:\wamp\www\K_kqcWeiLouShu\WebRoot\Application\Admin\Controller\Mcenter\GuangGubmController.class.php 第 126 行.
NOTIC: [8] Undefined variable: results C:\wamp\www\K_kqcWeiLouShu\WebRoot\Application\Admin\Controller\Mcenter\GuangGubmController.class.php 第 126 行.
NOTIC: [8] Undefined variable: results C:\wamp\www\K_kqcWeiLouShu\WebRoot\Application\Admin\Controller\Mcenter\GuangGubmController.class.php 第 126 行.
NOTIC: [8] Undefined variable: results C:\wamp\www\K_kqcWeiLouShu\WebRoot\Application\Admin\Controller\Mcenter\GuangGubmController.class.php 第 126 行.
NOTIC: [8] Undefined variable: results C:\wamp\www\K_kqcWeiLouShu\WebRoot\Application\Admin\Controller\Mcenter\GuangGubmController.class.php 第 126 行.
NOTIC: [8] Undefined variable: results C:\wamp\www\K_kqcWeiLouShu\WebRoot\Application\Admin\Controller\Mcenter\GuangGubmController.class.php 第 126 行.
NOTIC: [8] Undefined variable: results C:\wamp\www\K_kqcWeiLouShu\WebRoot\Application\Admin\Controller\Mcenter\GuangGubmController.class.php 第 126 行.
NOTIC: [8] Undefined variable: results C:\wamp\www\K_kqcWeiLouShu\WebRoot\Application\Admin\Controller\Mcenter\GuangGubmController.class.php 第 126 行.
NOTIC: [8] Undefined variable: results C:\wamp\www\K_kqcWeiLouShu\WebRoot\Application\Admin\Controller\Mcenter\GuangGubmController.class.php 第 126 行.
NOTIC: [8] Undefined variable: results C:\wamp\www\K_kqcWeiLouShu\WebRoot\Application\Admin\Controller\Mcenter\GuangGubmController.class.php 第 126 行.
NOTIC: [8] Undefined variable: results C:\wamp\www\K_kqcWeiLouShu\WebRoot\Application\Admin\Controller\Mcenter\GuangGubmController.class.php 第 126 行.
NOTIC: [8] Undefined variable: results C:\wamp\www\K_kqcWeiLouShu\WebRoot\Application\Admin\Controller\Mcenter\GuangGubmController.class.php 第 126 行.
NOTIC: [8] Undefined variable: str C:\wamp\www\K_kqcWeiLouShu\WebRoot\Application\Admin\Controller\Mcenter\GuangGubmController.class.php 第 134 行.
NOTIC: [8] iconv(): Detected an illegal character in input string C:\wamp\www\K_kqcWeiLouShu\WebRoot\Application\Admin\Controller\Mcenter\GuangGubmController.class.php 第 142 行.

[ 2018-12-13T14:14:38+08:00 ] 180.163.220.4 /index.php/Admin/Base/Index/index
INFO: [ app_init ] --START--
INFO: Run Behavior\BuildLiteBehavior [ RunTime:0.000000s ]
INFO: [ app_init ] --END-- [ RunTime:0.000977s ]
INFO: [ app_begin ] --START--
INFO: Run Behavior\ReadHtmlCacheBehavior [ RunTime:0.001953s ]
INFO: [ app_begin ] --END-- [ RunTime:0.001953s ]

[ 2018-12-13T14:43:25+08:00 ] 219.142.105.197 /index.php/Admin/Base/Index/index
INFO: [ app_init ] --START--
INFO: Run Behavior\BuildLiteBehavior [ RunTime:0.000000s ]
INFO: [ app_init ] --END-- [ RunTime:0.000000s ]
INFO: [ app_begin ] --START--
INFO: Run Behavior\ReadHtmlCacheBehavior [ RunTime:0.001954s ]
INFO: [ app_begin ] --END-- [ RunTime:0.001954s ]

[ 2018-12-13T14:43:25+08:00 ] 219.142.105.197 /index.php/Admin/Base/Public/login.html
INFO: [ app_init ] --START--
INFO: Run Behavior\BuildLiteBehavior [ RunTime:0.000000s ]
INFO: [ app_init ] --END-- [ RunTime:0.000977s ]
INFO: [ app_begin ] --START--
INFO: Run Behavior\ReadHtmlCacheBehavior [ RunTime:0.001953s ]
INFO: [ app_begin ] --END-- [ RunTime:0.001953s ]
NOTIC: [8] Undefined variable: str C:\wamp\www\K_kqcWeiLouShu\WebRoot\Application\Admin\Controller\Base\PublicController.class.php 第 231 行.
INFO: [ view_parse ] --START--
INFO: [ template_filter ] --START--
INFO: Run Behavior\ContentReplaceBehavior [ RunTime:0.000977s ]
INFO: [ template_filter ] --END-- [ RunTime:0.000977s ]
INFO: Run Behavior\ParseTemplateBehavior [ RunTime:0.012696s ]
INFO: [ view_parse ] --END-- [ RunTime:0.012696s ]
INFO: [ view_filter ] --START--
INFO: Run Behavior\WriteHtmlCacheBehavior [ RunTime:0.001953s ]
INFO: [ view_filter ] --END-- [ RunTime:0.001953s ]
INFO: [ app_end ] --START--
INFO: Run Behavior\ShowPageTraceBehavior [ RunTime:0.001953s ]
INFO: [ app_end ] --END-- [ RunTime:0.001953s ]

[ 2018-12-13T14:43:25+08:00 ] 219.142.105.197 /index.php/Admin/Base/Public/verify/
INFO: [ app_init ] --START--
INFO: Run Behavior\BuildLiteBehavior [ RunTime:0.000000s ]
INFO: [ app_init ] --END-- [ RunTime:0.000977s ]
INFO: [ app_begin ] --START--
INFO: Run Behavior\ReadHtmlCacheBehavior [ RunTime:0.000976s ]
INFO: [ app_begin ] --END-- [ RunTime:0.001953s ]
INFO: [ app_end ] --START--
INFO: Run Behavior\ShowPageTraceBehavior [ RunTime:0.001953s ]
INFO: [ app_end ] --END-- [ RunTime:0.002930s ]

[ 2018-12-13T14:43:30+08:00 ] 219.142.105.197 /index.php/Admin/Base/Public/namecheck
INFO: [ app_init ] --START--
INFO: Run Behavior\BuildLiteBehavior [ RunTime:0.000000s ]
INFO: [ app_init ] --END-- [ RunTime:0.000976s ]
INFO: [ app_begin ] --START--
INFO: Run Behavior\ReadHtmlCacheBehavior [ RunTime:0.001953s ]
INFO: [ app_begin ] --END-- [ RunTime:0.001953s ]
NOTIC: [8192] mysql_connect(): The mysql extension is deprecated and will be removed in the future: use mysqli or PDO instead C:\wamp\www\K_kqcWeiLouShu\WebRoot\Engine\Library\Think\Db\Driver\Mysql.class.php 第 52 行.
SQL: SHOW COLUMNS FROM `cms_users` [ RunTime:0.006836s ]
SQL: SELECT * FROM `cms_users` WHERE ( username = 'gaige' ) LIMIT 1   [ RunTime:0.000976s ]
NOTIC: [8] Undefined index: info C:\wamp\www\K_kqcWeiLouShu\WebRoot\Engine\Library\Think\Controller.class.php 第 216 行.
NOTIC: [8] Undefined index: navTabId C:\wamp\www\K_kqcWeiLouShu\WebRoot\Engine\Library\Think\Controller.class.php 第 217 行.
NOTIC: [8] Undefined index: callbackType C:\wamp\www\K_kqcWeiLouShu\WebRoot\Engine\Library\Think\Controller.class.php 第 218 行.
NOTIC: [8] Undefined index: forwardUrl C:\wamp\www\K_kqcWeiLouShu\WebRoot\Engine\Library\Think\Controller.class.php 第 219 行.

[ 2018-12-13T14:43:30+08:00 ] 219.142.105.197 /index.php/Admin/Base/Public/mimacheck
INFO: [ app_init ] --START--
INFO: Run Behavior\BuildLiteBehavior [ RunTime:0.000000s ]
INFO: [ app_init ] --END-- [ RunTime:0.000977s ]
INFO: [ app_begin ] --START--
INFO: Run Behavior\ReadHtmlCacheBehavior [ RunTime:0.001954s ]
INFO: [ app_begin ] --END-- [ RunTime:0.001954s ]
NOTIC: [8192] mysql_connect(): The mysql extension is deprecated and will be removed in the future: use mysqli or PDO instead C:\wamp\www\K_kqcWeiLouShu\WebRoot\Engine\Library\Think\Db\Driver\Mysql.class.php 第 52 行.
SQL: SHOW COLUMNS FROM `cms_users` [ RunTime:0.005860s ]
SQL: SELECT * FROM `cms_users` WHERE ( username='gaige' ) LIMIT 1   [ RunTime:0.000000s ]
NOTIC: [8] Undefined index: info C:\wamp\www\K_kqcWeiLouShu\WebRoot\Engine\Library\Think\Controller.class.php 第 216 行.
NOTIC: [8] Undefined index: navTabId C:\wamp\www\K_kqcWeiLouShu\WebRoot\Engine\Library\Think\Controller.class.php 第 217 行.
NOTIC: [8] Undefined index: callbackType C:\wamp\www\K_kqcWeiLouShu\WebRoot\Engine\Library\Think\Controller.class.php 第 218 行.
NOTIC: [8] Undefined index: forwardUrl C:\wamp\www\K_kqcWeiLouShu\WebRoot\Engine\Library\Think\Controller.class.php 第 219 行.

[ 2018-12-13T14:43:31+08:00 ] 219.142.105.197 /index.php/Admin/Base/Public/namecheck
INFO: [ app_init ] --START--
INFO: Run Behavior\BuildLiteBehavior [ RunTime:0.000000s ]
INFO: [ app_init ] --END-- [ RunTime:0.000977s ]
INFO: [ app_begin ] --START--
INFO: Run Behavior\ReadHtmlCacheBehavior [ RunTime:0.001953s ]
INFO: [ app_begin ] --END-- [ RunTime:0.001953s ]
NOTIC: [8192] mysql_connect(): The mysql extension is deprecated and will be removed in the future: use mysqli or PDO instead C:\wamp\www\K_kqcWeiLouShu\WebRoot\Engine\Library\Think\Db\Driver\Mysql.class.php 第 52 行.
SQL: SHOW COLUMNS FROM `cms_users` [ RunTime:0.006836s ]
SQL: SELECT * FROM `cms_users` WHERE ( username = 'gaige' ) LIMIT 1   [ RunTime:0.000977s ]
NOTIC: [8] Undefined index: info C:\wamp\www\K_kqcWeiLouShu\WebRoot\Engine\Library\Think\Controller.class.php 第 216 行.
NOTIC: [8] Undefined index: navTabId C:\wamp\www\K_kqcWeiLouShu\WebRoot\Engine\Library\Think\Controller.class.php 第 217 行.
NOTIC: [8] Undefined index: callbackType C:\wamp\www\K_kqcWeiLouShu\WebRoot\Engine\Library\Think\Controller.class.php 第 218 行.
NOTIC: [8] Undefined index: forwardUrl C:\wamp\www\K_kqcWeiLouShu\WebRoot\Engine\Library\Think\Controller.class.php 第 219 行.

[ 2018-12-13T14:43:33+08:00 ] 219.142.105.197 /index.php/Admin/Base/Public/codecheck
INFO: [ app_init ] --START--
INFO: Run Behavior\BuildLiteBehavior [ RunTime:0.000000s ]
INFO: [ app_init ] --END-- [ RunTime:0.000977s ]
INFO: [ app_begin ] --START--
INFO: Run Behavior\ReadHtmlCacheBehavior [ RunTime:0.001953s ]
INFO: [ app_begin ] --END-- [ RunTime:0.001953s ]
NOTIC: [8] Undefined index: info C:\wamp\www\K_kqcWeiLouShu\WebRoot\Engine\Library\Think\Controller.class.php 第 216 行.
NOTIC: [8] Undefined index: navTabId C:\wamp\www\K_kqcWeiLouShu\WebRoot\Engine\Library\Think\Controller.class.php 第 217 行.
NOTIC: [8] Undefined index: callbackType C:\wamp\www\K_kqcWeiLouShu\WebRoot\Engine\Library\Think\Controller.class.php 第 218 行.
NOTIC: [8] Undefined index: forwardUrl C:\wamp\www\K_kqcWeiLouShu\WebRoot\Engine\Library\Think\Controller.class.php 第 219 行.

[ 2018-12-13T14:43:37+08:00 ] 219.142.105.197 /index.php/Admin/Base/Public/mimacheck
INFO: [ app_init ] --START--
INFO: Run Behavior\BuildLiteBehavior [ RunTime:0.000000s ]
INFO: [ app_init ] --END-- [ RunTime:0.000976s ]
INFO: [ app_begin ] --START--
INFO: Run Behavior\ReadHtmlCacheBehavior [ RunTime:0.001953s ]
INFO: [ app_begin ] --END-- [ RunTime:0.001953s ]
NOTIC: [8192] mysql_connect(): The mysql extension is deprecated and will be removed in the future: use mysqli or PDO instead C:\wamp\www\K_kqcWeiLouShu\WebRoot\Engine\Library\Think\Db\Driver\Mysql.class.php 第 52 行.
SQL: SHOW COLUMNS FROM `cms_users` [ RunTime:0.006836s ]
SQL: SELECT * FROM `cms_users` WHERE ( username='gaige' ) LIMIT 1   [ RunTime:0.000976s ]
NOTIC: [8] Undefined index: info C:\wamp\www\K_kqcWeiLouShu\WebRoot\Engine\Library\Think\Controller.class.php 第 216 行.
NOTIC: [8] Undefined index: navTabId C:\wamp\www\K_kqcWeiLouShu\WebRoot\Engine\Library\Think\Controller.class.php 第 217 行.
NOTIC: [8] Undefined index: callbackType C:\wamp\www\K_kqcWeiLouShu\WebRoot\Engine\Library\Think\Controller.class.php 第 218 行.
NOTIC: [8] Undefined index: forwardUrl C:\wamp\www\K_kqcWeiLouShu\WebRoot\Engine\Library\Think\Controller.class.php 第 219 行.

[ 2018-12-13T14:43:42+08:00 ] 219.142.105.197 /index.php/Admin/Base/Public/codecheck
INFO: [ app_init ] --START--
INFO: Run Behavior\BuildLiteBehavior [ RunTime:0.000000s ]
INFO: [ app_init ] --END-- [ RunTime:0.000976s ]
INFO: [ app_begin ] --START--
INFO: Run Behavior\ReadHtmlCacheBehavior [ RunTime:0.000976s ]
INFO: [ app_begin ] --END-- [ RunTime:0.000976s ]
NOTIC: [8] Undefined index: info C:\wamp\www\K_kqcWeiLouShu\WebRoot\Engine\Library\Think\Controller.class.php 第 216 行.
NOTIC: [8] Undefined index: navTabId C:\wamp\www\K_kqcWeiLouShu\WebRoot\Engine\Library\Think\Controller.class.php 第 217 行.
NOTIC: [8] Undefined index: callbackType C:\wamp\www\K_kqcWeiLouShu\WebRoot\Engine\Library\Think\Controller.class.php 第 218 行.
NOTIC: [8] Undefined index: forwardUrl C:\wamp\www\K_kqcWeiLouShu\WebRoot\Engine\Library\Think\Controller.class.php 第 219 行.

[ 2018-12-13T14:43:43+08:00 ] 219.142.105.197 /index.php/Admin/Base/Public/checkLogin
INFO: [ app_init ] --START--
INFO: Run Behavior\BuildLiteBehavior [ RunTime:0.000000s ]
INFO: [ app_init ] --END-- [ RunTime:0.000977s ]
INFO: [ app_begin ] --START--
INFO: Run Behavior\ReadHtmlCacheBehavior [ RunTime:0.001953s ]
INFO: [ app_begin ] --END-- [ RunTime:0.001953s ]
NOTIC: [8192] mysql_connect(): The mysql extension is deprecated and will be removed in the future: use mysqli or PDO instead C:\wamp\www\K_kqcWeiLouShu\WebRoot\Engine\Library\Think\Db\Driver\Mysql.class.php 第 52 行.
SQL: SHOW COLUMNS FROM `cms_users` [ RunTime:0.006837s ]
SQL: SELECT * FROM `cms_users` WHERE ( username = 'gaige' ) LIMIT 1   [ RunTime:0.000977s ]
SQL: SHOW COLUMNS FROM `cms_auth` [ RunTime:0.005859s ]
SQL: select a.*,b.id as bid,b.pid,b.url,b.name,b.path,concat(b.path,'-',b.id) as bspath from cms_auth a, cms_class b where a.rID=12 and a.wID=1  and a.cID=b.id order by bspath [ RunTime:0.001953s ]
SQL: SHOW COLUMNS FROM `cms_role_site` [ RunTime:0.005859s ]
SQL: SELECT * FROM `cms_role_site` WHERE ( rID=12 ) LIMIT 1   [ RunTime:0.000000s ]
SQL: select a.*,b.id as bid,b.pid,b.url,b.name,b.path,concat(b.path,'-',b.id) as bspath from cms_auth a, cms_class b where a.rID=12 and a.wID=1  and a.cID=b.id order by bspath [ RunTime:0.001953s ]
SQL: SELECT * FROM `cms_auth` WHERE ( rID = 12 and wID in (1) )  [ RunTime:0.000977s ]

[ 2018-12-13T14:43:44+08:00 ] 219.142.105.197 /index.php/Admin/Base/W/index.html
INFO: [ app_init ] --START--
INFO: Run Behavior\BuildLiteBehavior [ RunTime:0.000000s ]
INFO: [ app_init ] --END-- [ RunTime:0.000977s ]
INFO: [ app_begin ] --START--
INFO: Run Behavior\ReadHtmlCacheBehavior [ RunTime:0.001953s ]
INFO: [ app_begin ] --END-- [ RunTime:0.001953s ]
NOTIC: [8] Undefined index: veri C:\wamp\www\K_kqcWeiLouShu\WebRoot\Application\Admin\Controller\Base\WController.class.php 第 38 行.
INFO: [ view_parse ] --START--
INFO: [ template_filter ] --START--
INFO: Run Behavior\ContentReplaceBehavior [ RunTime:0.000000s ]
INFO: [ template_filter ] --END-- [ RunTime:0.000000s ]
NOTIC: [8] Undefined index: language C:\wamp\www\K_kqcWeiLouShu\WebRoot\Application\Runtime\Cache\Admin\21e9e63c669c55770bee8602052d4d1f.php 第 52 行.
NOTIC: [8] Undefined index: account C:\wamp\www\K_kqcWeiLouShu\WebRoot\Application\Runtime\Cache\Admin\21e9e63c669c55770bee8602052d4d1f.php 第 53 行.
NOTIC: [8192] mysql_connect(): The mysql extension is deprecated and will be removed in the future: use mysqli or PDO instead C:\wamp\www\K_kqcWeiLouShu\WebRoot\Engine\Library\Think\Db\Driver\Mysql.class.php 第 52 行.
SQL: SHOW COLUMNS FROM `cms_website` [ RunTime:0.006836s ]
SQL: SELECT `id`,`name` FROM `cms_website`  [ RunTime:0.000976s ]
NOTIC: [8] Undefined variable: time C:\wamp\www\K_kqcWeiLouShu\WebRoot\Application\Runtime\Cache\Admin\21e9e63c669c55770bee8602052d4d1f.php 第 124 行.
INFO: Run Behavior\ParseTemplateBehavior [ RunTime:0.057619s ]
INFO: [ view_parse ] --END-- [ RunTime:0.057619s ]
INFO: [ view_filter ] --START--
INFO: Run Behavior\WriteHtmlCacheBehavior [ RunTime:0.000976s ]
INFO: [ view_filter ] --END-- [ RunTime:0.000976s ]
INFO: [ app_end ] --START--
INFO: Run Behavior\ShowPageTraceBehavior [ RunTime:0.001953s ]
INFO: [ app_end ] --END-- [ RunTime:0.001953s ]

[ 2018-12-13T14:43:49+08:00 ] 219.142.105.197 /index.php/Admin/Mcenter/GuangGubm/index/classID/69/w/1/authid/38?_=1544683429228
INFO: [ app_init ] --START--
INFO: Run Behavior\BuildLiteBehavior [ RunTime:0.000000s ]
INFO: [ app_init ] --END-- [ RunTime:0.000976s ]
INFO: [ app_begin ] --START--
INFO: Run Behavior\ReadHtmlCacheBehavior [ RunTime:0.000976s ]
INFO: [ app_begin ] --END-- [ RunTime:0.000976s ]
NOTIC: [8192] mysql_connect(): The mysql extension is deprecated and will be removed in the future: use mysqli or PDO instead C:\wamp\www\K_kqcWeiLouShu\WebRoot\Engine\Library\Think\Db\Driver\Mysql.class.php 第 52 行.
SQL: SHOW COLUMNS FROM `cms_auth` [ RunTime:0.005859s ]
SQL: SELECT * FROM `cms_auth` WHERE ( cID = 69 and wID=1 and rID=12 ) LIMIT 1   [ RunTime:0.000976s ]
NOTIC: [8] Undefined index: language C:\wamp\www\K_kqcWeiLouShu\WebRoot\Application\Admin\Controller\Mcenter\GuangGubmController.class.php 第 18 行.
NOTIC: [8] Undefined index: keyword C:\wamp\www\K_kqcWeiLouShu\WebRoot\Application\Admin\Controller\Mcenter\GuangGubmController.class.php 第 24 行.
NOTIC: [8] Undefined index: status C:\wamp\www\K_kqcWeiLouShu\WebRoot\Application\Admin\Controller\Mcenter\GuangGubmController.class.php 第 29 行.
SQL: SHOW COLUMNS FROM `cms_guanggu` [ RunTime:0.006836s ]
NOTIC: [8] Undefined variable: map C:\wamp\www\K_kqcWeiLouShu\WebRoot\Application\Admin\Controller\Mcenter\GuangGubmController.class.php 第 51 行.
SQL: SELECT * FROM `cms_guanggu`  [ RunTime:0.000976s ]
NOTIC: [8] Undefined variable: map C:\wamp\www\K_kqcWeiLouShu\WebRoot\Application\Admin\Controller\Mcenter\GuangGubmController.class.php 第 59 行.
SQL: SELECT * FROM `cms_guanggu` ORDER BY writetime desc LIMIT 0,15   [ RunTime:0.000977s ]
NOTIC: [8] Undefined variable: map C:\wamp\www\K_kqcWeiLouShu\WebRoot\Application\Admin\Controller\Mcenter\GuangGubmController.class.php 第 61 行.
NOTIC: [2] Invalid argument supplied for foreach() C:\wamp\www\K_kqcWeiLouShu\WebRoot\Application\Admin\Controller\Mcenter\GuangGubmController.class.php 第 61 行.
NOTIC: [8] Undefined variable: sort C:\wamp\www\K_kqcWeiLouShu\WebRoot\Application\Admin\Controller\Mcenter\GuangGubmController.class.php 第 72 行.
NOTIC: [8] Undefined variable: order C:\wamp\www\K_kqcWeiLouShu\WebRoot\Application\Admin\Controller\Mcenter\GuangGubmController.class.php 第 73 行.
NOTIC: [8] Undefined variable: sortImg C:\wamp\www\K_kqcWeiLouShu\WebRoot\Application\Admin\Controller\Mcenter\GuangGubmController.class.php 第 74 行.
NOTIC: [8] Undefined variable: sortAlt C:\wamp\www\K_kqcWeiLouShu\WebRoot\Application\Admin\Controller\Mcenter\GuangGubmController.class.php 第 75 行.
NOTIC: [8] Undefined variable: search C:\wamp\www\K_kqcWeiLouShu\WebRoot\Application\Admin\Controller\Mcenter\GuangGubmController.class.php 第 78 行.
NOTIC: [8] Undefined index: values C:\wamp\www\K_kqcWeiLouShu\WebRoot\Application\Admin\Controller\Mcenter\GuangGubmController.class.php 第 79 行.
INFO: [ view_parse ] --START--
INFO: [ template_filter ] --START--
INFO: Run Behavior\ContentReplaceBehavior [ RunTime:0.000000s ]
INFO: [ template_filter ] --END-- [ RunTime:0.000976s ]
NOTIC: [8] Undefined variable: status C:\wamp\www\K_kqcWeiLouShu\WebRoot\Application\Runtime\Cache\Admin\c7f4b89a03b71b4c28f229d4ddb448fe.php 第 1 行.
NOTIC: [8] Undefined variable: keyword C:\wamp\www\K_kqcWeiLouShu\WebRoot\Application\Runtime\Cache\Admin\c7f4b89a03b71b4c28f229d4ddb448fe.php 第 1 行.
NOTIC: [8] Undefined variable: account C:\wamp\www\K_kqcWeiLouShu\WebRoot\Application\Runtime\Cache\Admin\c7f4b89a03b71b4c28f229d4ddb448fe.php 第 1 行.
NOTIC: [8] Undefined variable: authid C:\wamp\www\K_kqcWeiLouShu\WebRoot\Application\Runtime\Cache\Admin\c7f4b89a03b71b4c28f229d4ddb448fe.php 第 1 行.
NOTIC: [8] Undefined index: lieid C:\wamp\www\K_kqcWeiLouShu\WebRoot\Application\Runtime\Cache\Admin\c7f4b89a03b71b4c28f229d4ddb448fe.php 第 1 行.
INFO: Run Behavior\ParseTemplateBehavior [ RunTime:0.025391s ]
INFO: [ view_parse ] --END-- [ RunTime:0.025391s ]
INFO: [ view_filter ] --START--
INFO: Run Behavior\WriteHtmlCacheBehavior [ RunTime:0.000977s ]
INFO: [ view_filter ] --END-- [ RunTime:0.001953s ]
INFO: [ app_end ] --START--
INFO: Run Behavior\ShowPageTraceBehavior [ RunTime:0.001954s ]
INFO: [ app_end ] --END-- [ RunTime:0.001954s ]

[ 2018-12-13T14:44:06+08:00 ] 219.142.105.194 /index.php/Admin/Mcenter/GuangGubm
INFO: [ app_init ] --START--
INFO: Run Behavior\BuildLiteBehavior [ RunTime:0.000000s ]
INFO: [ app_init ] --END-- [ RunTime:0.000976s ]
INFO: [ app_begin ] --START--
INFO: Run Behavior\ReadHtmlCacheBehavior [ RunTime:0.001953s ]
INFO: [ app_begin ] --END-- [ RunTime:0.001953s ]
NOTIC: [8192] mysql_connect(): The mysql extension is deprecated and will be removed in the future: use mysqli or PDO instead C:\wamp\www\K_kqcWeiLouShu\WebRoot\Engine\Library\Think\Db\Driver\Mysql.class.php 第 52 行.
SQL: SHOW COLUMNS FROM `cms_auth` [ RunTime:0.005860s ]
SQL: SELECT * FROM `cms_auth` WHERE ( cID = 69 and wID=1 and rID=12 ) LIMIT 1   [ RunTime:0.000977s ]
NOTIC: [8] Undefined index: language C:\wamp\www\K_kqcWeiLouShu\WebRoot\Application\Admin\Controller\Mcenter\GuangGubmController.class.php 第 18 行.
SQL: SHOW COLUMNS FROM `cms_guanggu` [ RunTime:0.005860s ]
NOTIC: [8] Undefined variable: map C:\wamp\www\K_kqcWeiLouShu\WebRoot\Application\Admin\Controller\Mcenter\GuangGubmController.class.php 第 51 行.
SQL: SELECT * FROM `cms_guanggu`  [ RunTime:0.000977s ]
NOTIC: [8] Undefined variable: map C:\wamp\www\K_kqcWeiLouShu\WebRoot\Application\Admin\Controller\Mcenter\GuangGubmController.class.php 第 59 行.
SQL: SELECT * FROM `cms_guanggu` ORDER BY writetime desc LIMIT 15,15   [ RunTime:0.000976s ]
NOTIC: [8] Undefined variable: map C:\wamp\www\K_kqcWeiLouShu\WebRoot\Application\Admin\Controller\Mcenter\GuangGubmController.class.php 第 61 行.
NOTIC: [2] Invalid argument supplied for foreach() C:\wamp\www\K_kqcWeiLouShu\WebRoot\Application\Admin\Controller\Mcenter\GuangGubmController.class.php 第 61 行.
NOTIC: [8] Undefined variable: sort C:\wamp\www\K_kqcWeiLouShu\WebRoot\Application\Admin\Controller\Mcenter\GuangGubmController.class.php 第 72 行.
NOTIC: [8] Undefined variable: order C:\wamp\www\K_kqcWeiLouShu\WebRoot\Application\Admin\Controller\Mcenter\GuangGubmController.class.php 第 73 行.
NOTIC: [8] Undefined variable: sortImg C:\wamp\www\K_kqcWeiLouShu\WebRoot\Application\Admin\Controller\Mcenter\GuangGubmController.class.php 第 74 行.
NOTIC: [8] Undefined variable: sortAlt C:\wamp\www\K_kqcWeiLouShu\WebRoot\Application\Admin\Controller\Mcenter\GuangGubmController.class.php 第 75 行.
NOTIC: [8] Undefined variable: search C:\wamp\www\K_kqcWeiLouShu\WebRoot\Application\Admin\Controller\Mcenter\GuangGubmController.class.php 第 78 行.
NOTIC: [8] Undefined index: values C:\wamp\www\K_kqcWeiLouShu\WebRoot\Application\Admin\Controller\Mcenter\GuangGubmController.class.php 第 79 行.
INFO: [ view_parse ] --START--
INFO: [ template_filter ] --START--
INFO: Run Behavior\ContentReplaceBehavior [ RunTime:0.000000s ]
INFO: [ template_filter ] --END-- [ RunTime:0.000000s ]
NOTIC: [8] Undefined variable: status C:\wamp\www\K_kqcWeiLouShu\WebRoot\Application\Runtime\Cache\Admin\c7f4b89a03b71b4c28f229d4ddb448fe.php 第 1 行.
NOTIC: [8] Undefined variable: keyword C:\wamp\www\K_kqcWeiLouShu\WebRoot\Application\Runtime\Cache\Admin\c7f4b89a03b71b4c28f229d4ddb448fe.php 第 1 行.
NOTIC: [8] Undefined variable: account C:\wamp\www\K_kqcWeiLouShu\WebRoot\Application\Runtime\Cache\Admin\c7f4b89a03b71b4c28f229d4ddb448fe.php 第 1 行.
NOTIC: [8] Undefined variable: authid C:\wamp\www\K_kqcWeiLouShu\WebRoot\Application\Runtime\Cache\Admin\c7f4b89a03b71b4c28f229d4ddb448fe.php 第 1 行.
NOTIC: [8] Undefined index: lieid C:\wamp\www\K_kqcWeiLouShu\WebRoot\Application\Runtime\Cache\Admin\c7f4b89a03b71b4c28f229d4ddb448fe.php 第 1 行.
INFO: Run Behavior\ParseTemplateBehavior [ RunTime:0.024415s ]
INFO: [ view_parse ] --END-- [ RunTime:0.025391s ]
INFO: [ view_filter ] --START--
INFO: Run Behavior\WriteHtmlCacheBehavior [ RunTime:0.000976s ]
INFO: [ view_filter ] --END-- [ RunTime:0.001953s ]
INFO: [ app_end ] --START--
INFO: Run Behavior\ShowPageTraceBehavior [ RunTime:0.000977s ]
INFO: [ app_end ] --END-- [ RunTime:0.001954s ]

[ 2018-12-13T14:44:15+08:00 ] 219.142.105.197 /index.php/Admin/Mcenter/GuangGubm
INFO: [ app_init ] --START--
INFO: Run Behavior\BuildLiteBehavior [ RunTime:0.000000s ]
INFO: [ app_init ] --END-- [ RunTime:0.000977s ]
INFO: [ app_begin ] --START--
INFO: Run Behavior\ReadHtmlCacheBehavior [ RunTime:0.000977s ]
INFO: [ app_begin ] --END-- [ RunTime:0.000977s ]
NOTIC: [8192] mysql_connect(): The mysql extension is deprecated and will be removed in the future: use mysqli or PDO instead C:\wamp\www\K_kqcWeiLouShu\WebRoot\Engine\Library\Think\Db\Driver\Mysql.class.php 第 52 行.
SQL: SHOW COLUMNS FROM `cms_auth` [ RunTime:0.005860s ]
SQL: SELECT * FROM `cms_auth` WHERE ( cID = 69 and wID=1 and rID=12 ) LIMIT 1   [ RunTime:0.000976s ]
NOTIC: [8] Undefined index: language C:\wamp\www\K_kqcWeiLouShu\WebRoot\Application\Admin\Controller\Mcenter\GuangGubmController.class.php 第 18 行.
SQL: SHOW COLUMNS FROM `cms_guanggu` [ RunTime:0.005859s ]
NOTIC: [8] Undefined variable: map C:\wamp\www\K_kqcWeiLouShu\WebRoot\Application\Admin\Controller\Mcenter\GuangGubmController.class.php 第 51 行.
SQL: SELECT * FROM `cms_guanggu`  [ RunTime:0.000977s ]
NOTIC: [8] Undefined variable: map C:\wamp\www\K_kqcWeiLouShu\WebRoot\Application\Admin\Controller\Mcenter\GuangGubmController.class.php 第 59 行.
SQL: SELECT * FROM `cms_guanggu` ORDER BY writetime desc LIMIT 30,15   [ RunTime:0.001954s ]
NOTIC: [8] Undefined variable: map C:\wamp\www\K_kqcWeiLouShu\WebRoot\Application\Admin\Controller\Mcenter\GuangGubmController.class.php 第 61 行.
NOTIC: [2] Invalid argument supplied for foreach() C:\wamp\www\K_kqcWeiLouShu\WebRoot\Application\Admin\Controller\Mcenter\GuangGubmController.class.php 第 61 行.
NOTIC: [8] Undefined variable: sort C:\wamp\www\K_kqcWeiLouShu\WebRoot\Application\Admin\Controller\Mcenter\GuangGubmController.class.php 第 72 行.
NOTIC: [8] Undefined variable: order C:\wamp\www\K_kqcWeiLouShu\WebRoot\Application\Admin\Controller\Mcenter\GuangGubmController.class.php 第 73 行.
NOTIC: [8] Undefined variable: sortImg C:\wamp\www\K_kqcWeiLouShu\WebRoot\Application\Admin\Controller\Mcenter\GuangGubmController.class.php 第 74 行.
NOTIC: [8] Undefined variable: sortAlt C:\wamp\www\K_kqcWeiLouShu\WebRoot\Application\Admin\Controller\Mcenter\GuangGubmController.class.php 第 75 行.
NOTIC: [8] Undefined variable: search C:\wamp\www\K_kqcWeiLouShu\WebRoot\Application\Admin\Controller\Mcenter\GuangGubmController.class.php 第 78 行.
NOTIC: [8] Undefined index: values C:\wamp\www\K_kqcWeiLouShu\WebRoot\Application\Admin\Controller\Mcenter\GuangGubmController.class.php 第 79 行.
INFO: [ view_parse ] --START--
INFO: [ template_filter ] --START--
INFO: Run Behavior\ContentReplaceBehavior [ RunTime:0.000000s ]
INFO: [ template_filter ] --END-- [ RunTime:0.000000s ]
NOTIC: [8] Undefined variable: status C:\wamp\www\K_kqcWeiLouShu\WebRoot\Application\Runtime\Cache\Admin\c7f4b89a03b71b4c28f229d4ddb448fe.php 第 1 行.
NOTIC: [8] Undefined variable: keyword C:\wamp\www\K_kqcWeiLouShu\WebRoot\Application\Runtime\Cache\Admin\c7f4b89a03b71b4c28f229d4ddb448fe.php 第 1 行.
NOTIC: [8] Undefined variable: account C:\wamp\www\K_kqcWeiLouShu\WebRoot\Application\Runtime\Cache\Admin\c7f4b89a03b71b4c28f229d4ddb448fe.php 第 1 行.
NOTIC: [8] Undefined variable: authid C:\wamp\www\K_kqcWeiLouShu\WebRoot\Application\Runtime\Cache\Admin\c7f4b89a03b71b4c28f229d4ddb448fe.php 第 1 行.
NOTIC: [8] Undefined index: lieid C:\wamp\www\K_kqcWeiLouShu\WebRoot\Application\Runtime\Cache\Admin\c7f4b89a03b71b4c28f229d4ddb448fe.php 第 1 行.
INFO: Run Behavior\ParseTemplateBehavior [ RunTime:0.025392s ]
INFO: [ view_parse ] --END-- [ RunTime:0.025392s ]
INFO: [ view_filter ] --START--
INFO: Run Behavior\WriteHtmlCacheBehavior [ RunTime:0.000977s ]
INFO: [ view_filter ] --END-- [ RunTime:0.001953s ]
INFO: [ app_end ] --START--
INFO: Run Behavior\ShowPageTraceBehavior [ RunTime:0.001953s ]
INFO: [ app_end ] --END-- [ RunTime:0.001953s ]

[ 2018-12-13T14:44:23+08:00 ] 219.142.105.197 /index.php/Admin/Mcenter/GuangGubm
INFO: [ app_init ] --START--
INFO: Run Behavior\BuildLiteBehavior [ RunTime:0.000977s ]
INFO: [ app_init ] --END-- [ RunTime:0.000977s ]
INFO: [ app_begin ] --START--
INFO: Run Behavior\ReadHtmlCacheBehavior [ RunTime:0.001954s ]
INFO: [ app_begin ] --END-- [ RunTime:0.001954s ]
NOTIC: [8192] mysql_connect(): The mysql extension is deprecated and will be removed in the future: use mysqli or PDO instead C:\wamp\www\K_kqcWeiLouShu\WebRoot\Engine\Library\Think\Db\Driver\Mysql.class.php 第 52 行.
SQL: SHOW COLUMNS FROM `cms_auth` [ RunTime:0.005859s ]
SQL: SELECT * FROM `cms_auth` WHERE ( cID = 69 and wID=1 and rID=12 ) LIMIT 1   [ RunTime:0.000977s ]
NOTIC: [8] Undefined index: language C:\wamp\www\K_kqcWeiLouShu\WebRoot\Application\Admin\Controller\Mcenter\GuangGubmController.class.php 第 18 行.
SQL: SHOW COLUMNS FROM `cms_guanggu` [ RunTime:0.005860s ]
NOTIC: [8] Undefined variable: map C:\wamp\www\K_kqcWeiLouShu\WebRoot\Application\Admin\Controller\Mcenter\GuangGubmController.class.php 第 51 行.
SQL: SELECT * FROM `cms_guanggu`  [ RunTime:0.000977s ]
NOTIC: [8] Undefined variable: map C:\wamp\www\K_kqcWeiLouShu\WebRoot\Application\Admin\Controller\Mcenter\GuangGubmController.class.php 第 59 行.
SQL: SELECT * FROM `cms_guanggu` ORDER BY writetime desc LIMIT 45,15   [ RunTime:0.000976s ]
NOTIC: [8] Undefined variable: map C:\wamp\www\K_kqcWeiLouShu\WebRoot\Application\Admin\Controller\Mcenter\GuangGubmController.class.php 第 61 行.
NOTIC: [2] Invalid argument supplied for foreach() C:\wamp\www\K_kqcWeiLouShu\WebRoot\Application\Admin\Controller\Mcenter\GuangGubmController.class.php 第 61 行.
NOTIC: [8] Undefined variable: sort C:\wamp\www\K_kqcWeiLouShu\WebRoot\Application\Admin\Controller\Mcenter\GuangGubmController.class.php 第 72 行.
NOTIC: [8] Undefined variable: order C:\wamp\www\K_kqcWeiLouShu\WebRoot\Application\Admin\Controller\Mcenter\GuangGubmController.class.php 第 73 行.
NOTIC: [8] Undefined variable: sortImg C:\wamp\www\K_kqcWeiLouShu\WebRoot\Application\Admin\Controller\Mcenter\GuangGubmController.class.php 第 74 行.
NOTIC: [8] Undefined variable: sortAlt C:\wamp\www\K_kqcWeiLouShu\WebRoot\Application\Admin\Controller\Mcenter\GuangGubmController.class.php 第 75 行.
NOTIC: [8] Undefined variable: search C:\wamp\www\K_kqcWeiLouShu\WebRoot\Application\Admin\Controller\Mcenter\GuangGubmController.class.php 第 78 行.
NOTIC: [8] Undefined index: values C:\wamp\www\K_kqcWeiLouShu\WebRoot\Application\Admin\Controller\Mcenter\GuangGubmController.class.php 第 79 行.
INFO: [ view_parse ] --START--
INFO: [ template_filter ] --START--
INFO: Run Behavior\ContentReplaceBehavior [ RunTime:0.000000s ]
INFO: [ template_filter ] --END-- [ RunTime:0.000000s ]
NOTIC: [8] Undefined variable: status C:\wamp\www\K_kqcWeiLouShu\WebRoot\Application\Runtime\Cache\Admin\c7f4b89a03b71b4c28f229d4ddb448fe.php 第 1 行.
NOTIC: [8] Undefined variable: keyword C:\wamp\www\K_kqcWeiLouShu\WebRoot\Application\Runtime\Cache\Admin\c7f4b89a03b71b4c28f229d4ddb448fe.php 第 1 行.
NOTIC: [8] Undefined variable: account C:\wamp\www\K_kqcWeiLouShu\WebRoot\Application\Runtime\Cache\Admin\c7f4b89a03b71b4c28f229d4ddb448fe.php 第 1 行.
NOTIC: [8] Undefined variable: authid C:\wamp\www\K_kqcWeiLouShu\WebRoot\Application\Runtime\Cache\Admin\c7f4b89a03b71b4c28f229d4ddb448fe.php 第 1 行.
NOTIC: [8] Undefined index: lieid C:\wamp\www\K_kqcWeiLouShu\WebRoot\Application\Runtime\Cache\Admin\c7f4b89a03b71b4c28f229d4ddb448fe.php 第 1 行.
INFO: Run Behavior\ParseTemplateBehavior [ RunTime:0.023439s ]
INFO: [ view_parse ] --END-- [ RunTime:0.024415s ]
INFO: [ view_filter ] --START--
INFO: Run Behavior\WriteHtmlCacheBehavior [ RunTime:0.000977s ]
INFO: [ view_filter ] --END-- [ RunTime:0.000977s ]
INFO: [ app_end ] --START--
INFO: Run Behavior\ShowPageTraceBehavior [ RunTime:0.000977s ]
INFO: [ app_end ] --END-- [ RunTime:0.000977s ]

[ 2018-12-13T14:44:38+08:00 ] 219.142.105.197 /index.php/Admin/Mcenter/GuangGubm
INFO: [ app_init ] --START--
INFO: Run Behavior\BuildLiteBehavior [ RunTime:0.000000s ]
INFO: [ app_init ] --END-- [ RunTime:0.000000s ]
INFO: [ app_begin ] --START--
INFO: Run Behavior\ReadHtmlCacheBehavior [ RunTime:0.001953s ]
INFO: [ app_begin ] --END-- [ RunTime:0.001953s ]
NOTIC: [8192] mysql_connect(): The mysql extension is deprecated and will be removed in the future: use mysqli or PDO instead C:\wamp\www\K_kqcWeiLouShu\WebRoot\Engine\Library\Think\Db\Driver\Mysql.class.php 第 52 行.
SQL: SHOW COLUMNS FROM `cms_auth` [ RunTime:0.006836s ]
SQL: SELECT * FROM `cms_auth` WHERE ( cID = 69 and wID=1 and rID=12 ) LIMIT 1   [ RunTime:0.000976s ]
NOTIC: [8] Undefined index: language C:\wamp\www\K_kqcWeiLouShu\WebRoot\Application\Admin\Controller\Mcenter\GuangGubmController.class.php 第 18 行.
SQL: SHOW COLUMNS FROM `cms_guanggu` [ RunTime:0.005860s ]
NOTIC: [8] Undefined variable: map C:\wamp\www\K_kqcWeiLouShu\WebRoot\Application\Admin\Controller\Mcenter\GuangGubmController.class.php 第 51 行.
SQL: SELECT * FROM `cms_guanggu`  [ RunTime:0.000977s ]
NOTIC: [8] Undefined variable: map C:\wamp\www\K_kqcWeiLouShu\WebRoot\Application\Admin\Controller\Mcenter\GuangGubmController.class.php 第 59 行.
SQL: SELECT * FROM `cms_guanggu` ORDER BY writetime desc LIMIT 30,15   [ RunTime:0.000976s ]
NOTIC: [8] Undefined variable: map C:\wamp\www\K_kqcWeiLouShu\WebRoot\Application\Admin\Controller\Mcenter\GuangGubmController.class.php 第 61 行.
NOTIC: [2] Invalid argument supplied for foreach() C:\wamp\www\K_kqcWeiLouShu\WebRoot\Application\Admin\Controller\Mcenter\GuangGubmController.class.php 第 61 行.
NOTIC: [8] Undefined variable: sort C:\wamp\www\K_kqcWeiLouShu\WebRoot\Application\Admin\Controller\Mcenter\GuangGubmController.class.php 第 72 行.
NOTIC: [8] Undefined variable: order C:\wamp\www\K_kqcWeiLouShu\WebRoot\Application\Admin\Controller\Mcenter\GuangGubmController.class.php 第 73 行.
NOTIC: [8] Undefined variable: sortImg C:\wamp\www\K_kqcWeiLouShu\WebRoot\Application\Admin\Controller\Mcenter\GuangGubmController.class.php 第 74 行.
NOTIC: [8] Undefined variable: sortAlt C:\wamp\www\K_kqcWeiLouShu\WebRoot\Application\Admin\Controller\Mcenter\GuangGubmController.class.php 第 75 行.
NOTIC: [8] Undefined variable: search C:\wamp\www\K_kqcWeiLouShu\WebRoot\Application\Admin\Controller\Mcenter\GuangGubmController.class.php 第 78 行.
NOTIC: [8] Undefined index: values C:\wamp\www\K_kqcWeiLouShu\WebRoot\Application\Admin\Controller\Mcenter\GuangGubmController.class.php 第 79 行.
INFO: [ view_parse ] --START--
INFO: [ template_filter ] --START--
INFO: Run Behavior\ContentReplaceBehavior [ RunTime:0.000000s ]
INFO: [ template_filter ] --END-- [ RunTime:0.000000s ]
NOTIC: [8] Undefined variable: status C:\wamp\www\K_kqcWeiLouShu\WebRoot\Application\Runtime\Cache\Admin\c7f4b89a03b71b4c28f229d4ddb448fe.php 第 1 行.
NOTIC: [8] Undefined variable: keyword C:\wamp\www\K_kqcWeiLouShu\WebRoot\Application\Runtime\Cache\Admin\c7f4b89a03b71b4c28f229d4ddb448fe.php 第 1 行.
NOTIC: [8] Undefined variable: account C:\wamp\www\K_kqcWeiLouShu\WebRoot\Application\Runtime\Cache\Admin\c7f4b89a03b71b4c28f229d4ddb448fe.php 第 1 行.
NOTIC: [8] Undefined variable: authid C:\wamp\www\K_kqcWeiLouShu\WebRoot\Application\Runtime\Cache\Admin\c7f4b89a03b71b4c28f229d4ddb448fe.php 第 1 行.
NOTIC: [8] Undefined index: lieid C:\wamp\www\K_kqcWeiLouShu\WebRoot\Application\Runtime\Cache\Admin\c7f4b89a03b71b4c28f229d4ddb448fe.php 第 1 行.
INFO: Run Behavior\ParseTemplateBehavior [ RunTime:0.023438s ]
INFO: [ view_parse ] --END-- [ RunTime:0.024415s ]
INFO: [ view_filter ] --START--
INFO: Run Behavior\WriteHtmlCacheBehavior [ RunTime:0.001954s ]
INFO: [ view_filter ] --END-- [ RunTime:0.001954s ]
INFO: [ app_end ] --START--
INFO: Run Behavior\ShowPageTraceBehavior [ RunTime:0.001953s ]
INFO: [ app_end ] --END-- [ RunTime:0.001953s ]

[ 2018-12-13T14:44:50+08:00 ] 219.142.105.197 /index.php/Admin/Mcenter/GuangGubm
INFO: [ app_init ] --START--
INFO: Run Behavior\BuildLiteBehavior [ RunTime:0.000000s ]
INFO: [ app_init ] --END-- [ RunTime:0.000977s ]
INFO: [ app_begin ] --START--
INFO: Run Behavior\ReadHtmlCacheBehavior [ RunTime:0.001954s ]
INFO: [ app_begin ] --END-- [ RunTime:0.001954s ]
NOTIC: [8192] mysql_connect(): The mysql extension is deprecated and will be removed in the future: use mysqli or PDO instead C:\wamp\www\K_kqcWeiLouShu\WebRoot\Engine\Library\Think\Db\Driver\Mysql.class.php 第 52 行.
SQL: SHOW COLUMNS FROM `cms_auth` [ RunTime:0.005859s ]
SQL: SELECT * FROM `cms_auth` WHERE ( cID = 69 and wID=1 and rID=12 ) LIMIT 1   [ RunTime:0.000976s ]
NOTIC: [8] Undefined index: language C:\wamp\www\K_kqcWeiLouShu\WebRoot\Application\Admin\Controller\Mcenter\GuangGubmController.class.php 第 18 行.
SQL: SHOW COLUMNS FROM `cms_guanggu` [ RunTime:0.005860s ]
NOTIC: [8] Undefined variable: map C:\wamp\www\K_kqcWeiLouShu\WebRoot\Application\Admin\Controller\Mcenter\GuangGubmController.class.php 第 51 行.
SQL: SELECT * FROM `cms_guanggu`  [ RunTime:0.000977s ]
NOTIC: [8] Undefined variable: map C:\wamp\www\K_kqcWeiLouShu\WebRoot\Application\Admin\Controller\Mcenter\GuangGubmController.class.php 第 59 行.
SQL: SELECT * FROM `cms_guanggu` ORDER BY writetime desc LIMIT 15,15   [ RunTime:0.000976s ]
NOTIC: [8] Undefined variable: map C:\wamp\www\K_kqcWeiLouShu\WebRoot\Application\Admin\Controller\Mcenter\GuangGubmController.class.php 第 61 行.
NOTIC: [2] Invalid argument supplied for foreach() C:\wamp\www\K_kqcWeiLouShu\WebRoot\Application\Admin\Controller\Mcenter\GuangGubmController.class.php 第 61 行.
NOTIC: [8] Undefined variable: sort C:\wamp\www\K_kqcWeiLouShu\WebRoot\Application\Admin\Controller\Mcenter\GuangGubmController.class.php 第 72 行.
NOTIC: [8] Undefined variable: order C:\wamp\www\K_kqcWeiLouShu\WebRoot\Application\Admin\Controller\Mcenter\GuangGubmController.class.php 第 73 行.
NOTIC: [8] Undefined variable: sortImg C:\wamp\www\K_kqcWeiLouShu\WebRoot\Application\Admin\Controller\Mcenter\GuangGubmController.class.php 第 74 行.
NOTIC: [8] Undefined variable: sortAlt C:\wamp\www\K_kqcWeiLouShu\WebRoot\Application\Admin\Controller\Mcenter\GuangGubmController.class.php 第 75 行.
NOTIC: [8] Undefined variable: search C:\wamp\www\K_kqcWeiLouShu\WebRoot\Application\Admin\Controller\Mcenter\GuangGubmController.class.php 第 78 行.
NOTIC: [8] Undefined index: values C:\wamp\www\K_kqcWeiLouShu\WebRoot\Application\Admin\Controller\Mcenter\GuangGubmController.class.php 第 79 行.
INFO: [ view_parse ] --START--
INFO: [ template_filter ] --START--
INFO: Run Behavior\ContentReplaceBehavior [ RunTime:0.000000s ]
INFO: [ template_filter ] --END-- [ RunTime:0.000976s ]
NOTIC: [8] Undefined variable: status C:\wamp\www\K_kqcWeiLouShu\WebRoot\Application\Runtime\Cache\Admin\c7f4b89a03b71b4c28f229d4ddb448fe.php 第 1 行.
NOTIC: [8] Undefined variable: keyword C:\wamp\www\K_kqcWeiLouShu\WebRoot\Application\Runtime\Cache\Admin\c7f4b89a03b71b4c28f229d4ddb448fe.php 第 1 行.
NOTIC: [8] Undefined variable: account C:\wamp\www\K_kqcWeiLouShu\WebRoot\Application\Runtime\Cache\Admin\c7f4b89a03b71b4c28f229d4ddb448fe.php 第 1 行.
NOTIC: [8] Undefined variable: authid C:\wamp\www\K_kqcWeiLouShu\WebRoot\Application\Runtime\Cache\Admin\c7f4b89a03b71b4c28f229d4ddb448fe.php 第 1 行.
NOTIC: [8] Undefined index: lieid C:\wamp\www\K_kqcWeiLouShu\WebRoot\Application\Runtime\Cache\Admin\c7f4b89a03b71b4c28f229d4ddb448fe.php 第 1 行.
INFO: Run Behavior\ParseTemplateBehavior [ RunTime:0.023438s ]
INFO: [ view_parse ] --END-- [ RunTime:0.023438s ]
INFO: [ view_filter ] --START--
INFO: Run Behavior\WriteHtmlCacheBehavior [ RunTime:0.001954s ]
INFO: [ view_filter ] --END-- [ RunTime:0.001954s ]
INFO: [ app_end ] --START--
INFO: Run Behavior\ShowPageTraceBehavior [ RunTime:0.001953s ]
INFO: [ app_end ] --END-- [ RunTime:0.001953s ]

[ 2018-12-13T14:45:10+08:00 ] 219.142.105.197 /index.php/Admin/Mcenter/GuangGubm
INFO: [ app_init ] --START--
INFO: Run Behavior\BuildLiteBehavior [ RunTime:0.000000s ]
INFO: [ app_init ] --END-- [ RunTime:0.000977s ]
INFO: [ app_begin ] --START--
INFO: Run Behavior\ReadHtmlCacheBehavior [ RunTime:0.000977s ]
INFO: [ app_begin ] --END-- [ RunTime:0.000977s ]
NOTIC: [8192] mysql_connect(): The mysql extension is deprecated and will be removed in the future: use mysqli or PDO instead C:\wamp\www\K_kqcWeiLouShu\WebRoot\Engine\Library\Think\Db\Driver\Mysql.class.php 第 52 行.
SQL: SHOW COLUMNS FROM `cms_auth` [ RunTime:0.006836s ]
SQL: SELECT * FROM `cms_auth` WHERE ( cID = 69 and wID=1 and rID=12 ) LIMIT 1   [ RunTime:0.000977s ]
NOTIC: [8] Undefined index: language C:\wamp\www\K_kqcWeiLouShu\WebRoot\Application\Admin\Controller\Mcenter\GuangGubmController.class.php 第 18 行.
SQL: SHOW COLUMNS FROM `cms_guanggu` [ RunTime:0.004883s ]
NOTIC: [8] Undefined variable: map C:\wamp\www\K_kqcWeiLouShu\WebRoot\Application\Admin\Controller\Mcenter\GuangGubmController.class.php 第 51 行.
SQL: SELECT * FROM `cms_guanggu`  [ RunTime:0.000976s ]
NOTIC: [8] Undefined variable: map C:\wamp\www\K_kqcWeiLouShu\WebRoot\Application\Admin\Controller\Mcenter\GuangGubmController.class.php 第 59 行.
SQL: SELECT * FROM `cms_guanggu` ORDER BY writetime desc LIMIT 0,15   [ RunTime:0.000977s ]
NOTIC: [8] Undefined variable: map C:\wamp\www\K_kqcWeiLouShu\WebRoot\Application\Admin\Controller\Mcenter\GuangGubmController.class.php 第 61 行.
NOTIC: [2] Invalid argument supplied for foreach() C:\wamp\www\K_kqcWeiLouShu\WebRoot\Application\Admin\Controller\Mcenter\GuangGubmController.class.php 第 61 行.
NOTIC: [8] Undefined variable: sort C:\wamp\www\K_kqcWeiLouShu\WebRoot\Application\Admin\Controller\Mcenter\GuangGubmController.class.php 第 72 行.
NOTIC: [8] Undefined variable: order C:\wamp\www\K_kqcWeiLouShu\WebRoot\Application\Admin\Controller\Mcenter\GuangGubmController.class.php 第 73 行.
NOTIC: [8] Undefined variable: sortImg C:\wamp\www\K_kqcWeiLouShu\WebRoot\Application\Admin\Controller\Mcenter\GuangGubmController.class.php 第 74 行.
NOTIC: [8] Undefined variable: sortAlt C:\wamp\www\K_kqcWeiLouShu\WebRoot\Application\Admin\Controller\Mcenter\GuangGubmController.class.php 第 75 行.
NOTIC: [8] Undefined variable: search C:\wamp\www\K_kqcWeiLouShu\WebRoot\Application\Admin\Controller\Mcenter\GuangGubmController.class.php 第 78 行.
NOTIC: [8] Undefined index: values C:\wamp\www\K_kqcWeiLouShu\WebRoot\Application\Admin\Controller\Mcenter\GuangGubmController.class.php 第 79 行.
INFO: [ view_parse ] --START--
INFO: [ template_filter ] --START--
INFO: Run Behavior\ContentReplaceBehavior [ RunTime:0.000000s ]
INFO: [ template_filter ] --END-- [ RunTime:0.000977s ]
NOTIC: [8] Undefined variable: status C:\wamp\www\K_kqcWeiLouShu\WebRoot\Application\Runtime\Cache\Admin\c7f4b89a03b71b4c28f229d4ddb448fe.php 第 1 行.
NOTIC: [8] Undefined variable: keyword C:\wamp\www\K_kqcWeiLouShu\WebRoot\Application\Runtime\Cache\Admin\c7f4b89a03b71b4c28f229d4ddb448fe.php 第 1 行.
NOTIC: [8] Undefined variable: account C:\wamp\www\K_kqcWeiLouShu\WebRoot\Application\Runtime\Cache\Admin\c7f4b89a03b71b4c28f229d4ddb448fe.php 第 1 行.
NOTIC: [8] Undefined variable: authid C:\wamp\www\K_kqcWeiLouShu\WebRoot\Application\Runtime\Cache\Admin\c7f4b89a03b71b4c28f229d4ddb448fe.php 第 1 行.
NOTIC: [8] Undefined index: lieid C:\wamp\www\K_kqcWeiLouShu\WebRoot\Application\Runtime\Cache\Admin\c7f4b89a03b71b4c28f229d4ddb448fe.php 第 1 行.
INFO: Run Behavior\ParseTemplateBehavior [ RunTime:0.023438s ]
INFO: [ view_parse ] --END-- [ RunTime:0.023438s ]
INFO: [ view_filter ] --START--
INFO: Run Behavior\WriteHtmlCacheBehavior [ RunTime:0.001953s ]
INFO: [ view_filter ] --END-- [ RunTime:0.001953s ]
INFO: [ app_end ] --START--
INFO: Run Behavior\ShowPageTraceBehavior [ RunTime:0.001953s ]
INFO: [ app_end ] --END-- [ RunTime:0.001953s ]

[ 2018-12-13T17:15:56+08:00 ] 221.179.144.118 /
INFO: [ app_init ] --START--
INFO: Run Behavior\BuildLiteBehavior [ RunTime:0.000000s ]
INFO: [ app_init ] --END-- [ RunTime:0.000977s ]
INFO: [ app_begin ] --START--
INFO: Run Behavior\ReadHtmlCacheBehavior [ RunTime:0.001953s ]
INFO: [ app_begin ] --END-- [ RunTime:0.001953s ]
INFO: [ view_parse ] --START--
INFO: [ template_filter ] --START--
INFO: Run Behavior\ContentReplaceBehavior [ RunTime:0.000977s ]
INFO: [ template_filter ] --END-- [ RunTime:0.000977s ]
NOTIC: [8] Use of undefined constant SEOKEYWORDS - assumed 'SEOKEYWORDS' C:\wamp\www\K_kqcWeiLouShu\WebRoot\Application\Runtime\Cache\Home\2a94b8bda04ff446dcedd42276fc99ee.php 第 7 行.
NOTIC: [8] Use of undefined constant SEODESCRIPTION - assumed 'SEODESCRIPTION' C:\wamp\www\K_kqcWeiLouShu\WebRoot\Application\Runtime\Cache\Home\2a94b8bda04ff446dcedd42276fc99ee.php 第 8 行.
NOTIC: [8] Use of undefined constant SITENAME - assumed 'SITENAME' C:\wamp\www\K_kqcWeiLouShu\WebRoot\Application\Runtime\Cache\Home\2a94b8bda04ff446dcedd42276fc99ee.php 第 10 行.
INFO: Run Behavior\ParseTemplateBehavior [ RunTime:0.012696s ]
INFO: [ view_parse ] --END-- [ RunTime:0.012696s ]
INFO: [ view_filter ] --START--
INFO: Run Behavior\WriteHtmlCacheBehavior [ RunTime:0.000976s ]
INFO: [ view_filter ] --END-- [ RunTime:0.001953s ]
INFO: [ app_end ] --START--
INFO: Run Behavior\ShowPageTraceBehavior [ RunTime:0.001953s ]
INFO: [ app_end ] --END-- [ RunTime:0.001953s ]

[ 2018-12-13T19:06:21+08:00 ] 221.179.144.118 /
INFO: [ app_init ] --START--
INFO: Run Behavior\BuildLiteBehavior [ RunTime:0.000000s ]
INFO: [ app_init ] --END-- [ RunTime:0.000976s ]
INFO: [ app_begin ] --START--
INFO: Run Behavior\ReadHtmlCacheBehavior [ RunTime:0.000976s ]
INFO: [ app_begin ] --END-- [ RunTime:0.001953s ]
INFO: [ view_parse ] --START--
INFO: [ template_filter ] --START--
INFO: Run Behavior\ContentReplaceBehavior [ RunTime:0.000000s ]
INFO: [ template_filter ] --END-- [ RunTime:0.000976s ]
NOTIC: [8] Use of undefined constant SEOKEYWORDS - assumed 'SEOKEYWORDS' C:\wamp\www\K_kqcWeiLouShu\WebRoot\Application\Runtime\Cache\Home\2a94b8bda04ff446dcedd42276fc99ee.php 第 7 行.
NOTIC: [8] Use of undefined constant SEODESCRIPTION - assumed 'SEODESCRIPTION' C:\wamp\www\K_kqcWeiLouShu\WebRoot\Application\Runtime\Cache\Home\2a94b8bda04ff446dcedd42276fc99ee.php 第 8 行.
NOTIC: [8] Use of undefined constant SITENAME - assumed 'SITENAME' C:\wamp\www\K_kqcWeiLouShu\WebRoot\Application\Runtime\Cache\Home\2a94b8bda04ff446dcedd42276fc99ee.php 第 10 行.
INFO: Run Behavior\ParseTemplateBehavior [ RunTime:0.011720s ]
INFO: [ view_parse ] --END-- [ RunTime:0.012696s ]
INFO: [ view_filter ] --START--
INFO: Run Behavior\WriteHtmlCacheBehavior [ RunTime:0.000977s ]
INFO: [ view_filter ] --END-- [ RunTime:0.001953s ]
INFO: [ app_end ] --START--
INFO: Run Behavior\ShowPageTraceBehavior [ RunTime:0.001953s ]
INFO: [ app_end ] --END-- [ RunTime:0.002930s ]

[ 2018-12-13T21:20:03+08:00 ] 42.236.10.75 /
INFO: [ app_init ] --START--
INFO: Run Behavior\BuildLiteBehavior [ RunTime:0.000000s ]
INFO: [ app_init ] --END-- [ RunTime:0.000977s ]
INFO: [ app_begin ] --START--
INFO: Run Behavior\ReadHtmlCacheBehavior [ RunTime:0.000977s ]
INFO: [ app_begin ] --END-- [ RunTime:0.000977s ]
INFO: [ view_parse ] --START--
INFO: [ template_filter ] --START--
INFO: Run Behavior\ContentReplaceBehavior [ RunTime:0.000977s ]
INFO: [ template_filter ] --END-- [ RunTime:0.000977s ]
NOTIC: [8] Use of undefined constant SEOKEYWORDS - assumed 'SEOKEYWORDS' C:\wamp\www\K_kqcWeiLouShu\WebRoot\Application\Runtime\Cache\Home\2a94b8bda04ff446dcedd42276fc99ee.php 第 7 行.
NOTIC: [8] Use of undefined constant SEODESCRIPTION - assumed 'SEODESCRIPTION' C:\wamp\www\K_kqcWeiLouShu\WebRoot\Application\Runtime\Cache\Home\2a94b8bda04ff446dcedd42276fc99ee.php 第 8 行.
NOTIC: [8] Use of undefined constant SITENAME - assumed 'SITENAME' C:\wamp\www\K_kqcWeiLouShu\WebRoot\Application\Runtime\Cache\Home\2a94b8bda04ff446dcedd42276fc99ee.php 第 10 行.
INFO: Run Behavior\ParseTemplateBehavior [ RunTime:0.011719s ]
INFO: [ view_parse ] --END-- [ RunTime:0.011719s ]
INFO: [ view_filter ] --START--
INFO: Run Behavior\WriteHtmlCacheBehavior [ RunTime:0.000976s ]
INFO: [ view_filter ] --END-- [ RunTime:0.000976s ]
INFO: [ app_end ] --START--
INFO: Run Behavior\ShowPageTraceBehavior [ RunTime:0.001954s ]
INFO: [ app_end ] --END-- [ RunTime:0.001954s ]

